

this is MiKTeX Setup Service 4.3 (MiKTeX 21.12 32-bit)
starting installer...
Loading package database...
starting package maintenance...
installation directory: C:\_Vim\.vim\MiKTeX\texmfs/install
package repository: C:\Users\d-kel\AppData\Local\Temp\mik55888
visiting repository C:\Users\d-kel\AppData\Local\Temp\mik55888...
repository type: local package repository
loading package repository manifest...
package repository digest: b5e6ecd758b9b83e358b12ed0b62fe05
going to install 15901 file(s) (196 package(s))
extracting files from amsfonts.tar.lzma...
extracting files from amsmath.tar.lzma...
extracting files from arabi.tar.lzma...
extracting files from atbegshi.tar.lzma...
extracting files from atveryend.tar.lzma...
extracting files from avantgar.cab...
extracting files from babel.tar.lzma...
extracting files from babel-english.tar.lzma...
extracting files from biber-windows-x86.tar.lzma...
extracting files from biblatex.tar.lzma...
extracting files from bibtex.tar.lzma...
extracting files from blindtext.tar.lzma...
extracting files from bookman.cab...
extracting files from cbcoptic.tar.lzma...
extracting files from cm.tar.lzma...
extracting files from courier.tar.lzma...
extracting files from csfonts.tar.lzma...
extracting files from csplain.tar.lzma...
extracting files from dehyph.tar.lzma...
extracting files from dvipdfmx.tar.lzma...
extracting files from dvips.tar.lzma...
extracting files from ec.tar.lzma...
extracting files from elhyphen.tar.lzma...
extracting files from enctex.tar.lzma...
extracting files from environ.tar.lzma...
extracting files from epstopdf-pkg.tar.lzma...
extracting files from etoolbox.tar.lzma...
extracting files from everyshi.tar.lzma...
extracting files from fontconfig.tar.lzma...
extracting files from fontspec.tar.lzma...
extracting files from ghostscript.tar.lzma...
extracting files from graphics.tar.lzma...
extracting files from graphics-cfg.tar.lzma...
extracting files from graphics-def.tar.lzma...
extracting files from helvetic.cab...
extracting files from hyperref.tar.lzma...
extracting files from hyph-utf8.tar.lzma...
extracting files from iftex.tar.lzma...
extracting files from knuth-lib.tar.lzma...
extracting files from l3backend.tar.lzma...
extracting files from l3kernel.tar.lzma...
extracting files from l3packages.tar.lzma...
extracting files from latex-firstaid.tar.lzma...
extracting files from latex-fonts.tar.lzma...
extracting files from latex-tools.tar.lzma...
extracting files from listings.tar.lzma...
extracting files from lm.tar.lzma...
extracting files from ltxbase.tar.lzma...
extracting files from lualibs.tar.lzma...
extracting files from luaotfload.tar.lzma...
extracting files from luatex85.tar.lzma...
extracting files from make4ht.tar.lzma...
extracting files from metafont.tar.lzma...
extracting files from metapost.tar.lzma...
extracting files from miktex-arctrl-bin-2.9.tar.lzma...
extracting files from miktex-asymptote-bin-2.9.tar.lzma...
extracting files from miktex-autosp-bin-2.9.tar.lzma...
extracting files from miktex-axohelp-bin-2.9.tar.lzma...
extracting files from miktex-bibarts-bin-2.9.tar.lzma...
extracting files from miktex-bibtex-bin-2.9.tar.lzma...
extracting files from miktex-bibtex8bit-bin-2.9.tar.lzma...
extracting files from miktex-bzip2-bin-2.9.tar.lzma...
extracting files from miktex-cairo-bin-2.9.tar.lzma...
extracting files from miktex-chktex-bin-2.9.tar.lzma...
extracting files from miktex-cjkutils-bin-2.9.tar.lzma...
extracting files from miktex-config-2.9.tar.lzma...
extracting files from miktex-console-bin-2.9.tar.lzma...
extracting files from miktex-curl-bin-2.9.tar.lzma...
extracting files from miktex-cweb-bin-2.9.tar.lzma...
extracting files from miktex-devnag-bin-2.9.tar.lzma...
extracting files from miktex-dict-british.tar.lzma...
extracting files from miktex-dict-english.tar.lzma...
extracting files from miktex-dict-french.tar.lzma...
extracting files from miktex-dict-german.tar.lzma...
extracting files from miktex-dvicopy-bin-2.9.tar.lzma...
extracting files from miktex-dvipdfmx.tar.lzma...
extracting files from miktex-dvipdfmx-bin-2.9.tar.lzma...
extracting files from miktex-dvipng-bin-2.9.tar.lzma...
extracting files from miktex-dvips.tar.lzma...
extracting files from miktex-dvips-bin-2.9.tar.lzma...
extracting files from miktex-dvisvgm-bin-2.9.tar.lzma...
extracting files from miktex-epstopdf-bin-2.9.tar.lzma...
extracting files from miktex-expat-bin-2.9.tar.lzma...
extracting files from miktex-findtexmf-bin-2.9.tar.lzma...
extracting files from miktex-fmt-bin-2.9.tar.lzma...
extracting files from miktex-fontconfig.tar.lzma...
extracting files from miktex-fontconfig-bin-2.9.tar.lzma...
extracting files from miktex-fonts-bin-2.9.tar.lzma...
extracting files from miktex-freeglut-bin-2.9.tar.lzma...
extracting files from miktex-freetype2-bin-2.9.tar.lzma...
extracting files from miktex-fribidixetex-bin-2.9.tar.lzma...
extracting files from miktex-gd-bin-2.9.tar.lzma...
extracting files from miktex-ghostscript-bin.tar.lzma...
extracting files from miktex-graphite2-bin-2.9.tar.lzma...
extracting files from miktex-gregorio-bin-2.9.tar.lzma...
extracting files from miktex-gsf2pk-bin-2.9.tar.lzma...
extracting files from miktex-harfbuzz-bin-2.9.tar.lzma...
extracting files from miktex-hunspell-bin-2.9.tar.lzma...
extracting files from miktex-icu-bin.tar.lzma...
extracting files from miktex-jpeg-bin-2.9.tar.lzma...
extracting files from miktex-kpathsea-bin-2.9.tar.lzma...
extracting files from miktex-lacheck-bin-2.9.tar.lzma...
extracting files from miktex-latex.tar.lzma...
extracting files from miktex-lcdf-typetools-bin-2.9.tar.lzma...
extracting files from miktex-libressl-bin-2.9.tar.lzma...
extracting files from miktex-log4cxx-bin-2.9.tar.lzma...
extracting files from miktex-lua53-bin-2.9.tar.lzma...
extracting files from miktex-luatex.tar.lzma...
extracting files from miktex-luatex-bin-2.9.tar.lzma...
extracting files from miktex-lzma-bin-2.9.tar.lzma...
extracting files from miktex-m-tx-bin-2.9.tar.lzma...
extracting files from miktex-makeindex-bin-2.9.tar.lzma...
extracting files from miktex-md5-bin-2.9.tar.lzma...
extracting files from miktex-metafont.tar.lzma...
extracting files from miktex-metafont-bin-2.9.tar.lzma...
extracting files from miktex-metapost-bin-2.9.tar.lzma...
extracting files from miktex-mfware-bin-2.9.tar.lzma...
extracting files from miktex-misc.tar.lzma...
extracting files from miktex-mkfntmap-bin-2.9.tar.lzma...
extracting files from miktex-mktex-bin-2.9.tar.lzma...
extracting files from miktex-mo-bin-2.9.tar.lzma...
extracting files from miktex-mpfr-bin-2.9.tar.lzma...
extracting files from miktex-mpmcli-bin-2.9.tar.lzma...
extracting files from miktex-mspack-bin-2.9.tar.lzma...
extracting files from miktex-mthelp-bin-2.9.tar.lzma...
extracting files from miktex-mtprint-bin-2.9.tar.lzma...
extracting files from miktex-omegaware-bin-2.9.tar.lzma...
extracting files from miktex-patgen-bin.tar.lzma...
extracting files from miktex-pdftex.tar.lzma...
extracting files from miktex-pdftex-bin-2.9.tar.lzma...
extracting files from miktex-pixman-bin-2.9.tar.lzma...
extracting files from miktex-pmx-bin-2.9.tar.lzma...
extracting files from miktex-png-bin-2.9.tar.lzma...
extracting files from miktex-poppler-bin-2.9.tar.lzma...
extracting files from miktex-popt-bin-2.9.tar.lzma...
extracting files from miktex-posix-bin-2.9.tar.lzma...
extracting files from miktex-ps2pk-bin-2.9.tar.lzma...
extracting files from miktex-psutils-bin-2.9.tar.lzma...
extracting files from miktex-ptex-bin.tar.lzma...
extracting files from miktex-qt5-bin.tar.lzma...
extracting files from miktex-runtime-bin-2.9.tar.lzma...
extracting files from miktex-synctex-bin-2.9.tar.lzma...
extracting files from miktex-tdsutil-bin.tar.lzma...
extracting files from miktex-teckit-bin-2.9.tar.lzma...
extracting files from miktex-tex.tar.lzma...
extracting files from miktex-tex-bin-2.9.tar.lzma...
extracting files from miktex-tex2xindy-bin-2.9.tar.lzma...
extracting files from miktex-tex4ht.tar.lzma...
extracting files from miktex-tex4ht-bin-2.9.tar.lzma...
extracting files from miktex-texify-bin-2.9.tar.lzma...
extracting files from miktex-texware-bin-2.9.tar.lzma...
extracting files from miktex-texworks-bin-2.9.tar.lzma...
extracting files from miktex-ttf2pk2-bin-2.9.tar.lzma...
extracting files from miktex-ucrt-bin.tar.lzma...
extracting files from miktex-upmendex-bin.tar.lzma...
extracting files from miktex-uriparser-bin-2.9.tar.lzma...
extracting files from miktex-vc140-bin.tar.lzma...
extracting files from miktex-web-bin-2.9.tar.lzma...
extracting files from miktex-xetex.tar.lzma...
extracting files from miktex-xetex-bin-2.9.tar.lzma...
extracting files from miktex-xindy-bin.tar.lzma...
extracting files from miktex-xml2pmx-bin.tar.lzma...
extracting files from miktex-yap-bin-2.9.tar.lzma...
extracting files from miktex-zip-bin.tar.lzma...
extracting files from miktex-zlib-bin-2.9.tar.lzma...
extracting files from miktex-zzip-bin-2.9.tar.lzma...
extracting files from modes.tar.lzma...
extracting files from mptopdf.tar.lzma...
extracting files from ms.tar.lzma...
extracting files from ncntrsbk.cab...
extracting files from oberdiek.tar.lzma...
extracting files from palatino.cab...
extracting files from pdftex.tar.lzma...
extracting files from pdftexcmds.tar.lzma...
extracting files from pgf.tar.lzma...
extracting files from pgfplots.tar.lzma...
extracting files from plain.tar.lzma...
extracting files from ragged2e.tar.lzma...
extracting files from rsfs.tar.lzma...
extracting files from ruhyphen.tar.lzma...
extracting files from standalone.tar.lzma...
extracting files from symbol.cab...
extracting files from tcolorbox.tar.lzma...
extracting files from tetex.tar.lzma...
extracting files from tex-ini-files.tar.lzma...
extracting files from tex4ht.tar.lzma...
extracting files from times.cab...
extracting files from trimspaces.tar.lzma...
extracting files from ukrhyph.tar.lzma...
extracting files from unicode-data.tar.lzma...
extracting files from url.tar.lzma...
extracting files from xcolor.tar.lzma...
extracting files from xetex.tar.lzma...
extracting files from xkeyval.tar.lzma...
extracting files from zapfchan.cab...
extracting files from zapfding.cab...
updating package manifests (C:\_Vim\.vim\MiKTeX\texmfs/install\miktex/config\package-manifests.ini)...
installed 4962 package manifests
visiting repository C:\Users\d-kel\AppData\Local\Temp\mik55888...
repository type: local package repository
loading package repository manifest...
initexmf --principal=setup --portable=C:\_Vim\.vim\MiKTeX\texmfs/install --log-file=C:\_Vim\.vim\MiKTeX\texmfs/install\miktex/config\uninst.log --disable-installer --verbose:
86 [0x00004e64] INFO initexmf null - this is MiKTeX Configuration Utility 4.7 (MiKTeX 21.12 32-bit)
88 [0x00004e64] INFO initexmf null - this process (10532) started by 'miktex-portable' with command line: initexmf --principal=setup --portable=C:\_Vim\.vim\MiKTeX\texmfs/install --log-file=C:\_Vim\.vim\MiKTeX\texmfs/install\miktex/config\uninst.log --disable-installer --verbose
88 [0x00004e64] INFO initexmf null - Operating on the private (per-user) MiKTeX setup
91 [0x00004e64] INFO initexmf null - Creating portable setup...
Creating portable setup...
113 [0x00004e64] INFO initexmf null - this process (10532) finishes with exit code 0
initexmf --rmfndb --log-file=C:\_Vim\.vim\MiKTeX\texmfs/install\miktex/config\uninst.log --disable-installer --verbose:
mpm --register-components --verbose:
Operating on the private (per-user) MiKTeX setup
configuring fontconfig\config\fonts.conf
initexmf --update-fndb --log-file=C:\_Vim\.vim\MiKTeX\texmfs/install\miktex/config\uninst.log --disable-installer --verbose:
Creating fndb for common root directory (C:\_Vim\.vim\MiKTeX\texmfs/config)...
Creating fndb for common root directory (C:\_Vim\.vim\MiKTeX\texmfs/data)...
Creating fndb for common root directory (C:\_Vim\.vim\MiKTeX\texmfs\install)...
Creating fndb for MPM...
initexmf --force --mklinks --log-file=C:\_Vim\.vim\MiKTeX\texmfs/install\miktex/config\uninst.log --disable-installer --verbose:
Collecting linked executables in target directory C:\_Vim\.vim\MiKTeX\texmfs\install\miktex/bin...
initexmf: warning: The lualatex executable could not be found.
initexmf --mkmaps --mklangs --log-file=C:\_Vim\.vim\MiKTeX\texmfs/install\miktex/config\uninst.log --disable-installer --verbose:
Creating language.dat, language.dat.lua and language.def...
initexmf --default-paper-size=A4 --log-file=C:\_Vim\.vim\MiKTeX\texmfs/install\miktex/config\uninst.log --disable-installer --verbose:
initexmf --set-config-value=[MPM]AutoInstall=2 --log-file=C:\_Vim\.vim\MiKTeX\texmfs/install\miktex/config\uninst.log --disable-installer --verbose:
Setting config value: [MPM]AutoInstall=2
initexmf --update-fndb --log-file=C:\_Vim\.vim\MiKTeX\texmfs/install\miktex/config\uninst.log --disable-installer --verbose:
Creating fndb for common root directory (C:\_Vim\.vim\MiKTeX\texmfs/config)...
Creating fndb for common root directory (C:\_Vim\.vim\MiKTeX\texmfs/data)...
Creating fndb for common root directory (C:\_Vim\.vim\MiKTeX\texmfs\install)...
Creating fndb for MPM...
initexmf --report --log-file=C:\_Vim\.vim\MiKTeX\texmfs/install\miktex/config\uninst.log --disable-installer --verbose:
ReportDate: 2021-12-08 20:43:27
CurrentVersion: 21.12
SetupDate: 2021-12-08 20:42:57
SetupVersion: 21.12
Configuration: Portable
GitInfo: e557b95 / 2021-12-06 09:25:33
OS: Windows 10 Pro, 64-bit, build 19043
SharedSetup: no
LinkTargetDirectory: C:\_Vim\.vim\MiKTeX\texmfs\install\miktex\bin
PathOkay: no
LastUpdateCheck: not yet
LastUpdate: not yet
LastUpdateDb: not yet
SystemAdmin: yes
RootPrivileges: no
AdminMode: no
Root0: C:\_Vim\.vim\MiKTeX\texmfs\config
Root1: C:\_Vim\.vim\MiKTeX\texmfs\data
Root2: C:\_Vim\.vim\MiKTeX\texmfs\install
UserInstall: C:\_Vim\.vim\MiKTeX\texmfs\install
UserConfig: C:\_Vim\.vim\MiKTeX\texmfs\config
UserData: C:\_Vim\.vim\MiKTeX\texmfs\data

The following issues were detected:
  1: major issue: Bis jetzt haben Sie noch nicht nach MiKTeX-Updates gesucht.
