[files]
C:\_Vim\.vim\MiKTeX\texmfs\install\miktex/bin\pdfclose.exe
C:\_Vim\.vim\MiKTeX\texmfs\install\miktex/bin\pdfdde.exe
C:\_Vim\.vim\MiKTeX\texmfs\install\miktex/bin\pdfopen.exe
C:\_Vim\.vim\MiKTeX\texmfs\install\miktex/bin\bg5pluslatex.exe
C:\_Vim\.vim\MiKTeX\texmfs\install\miktex/bin\bg5pluspdflatex.exe
C:\_Vim\.vim\MiKTeX\texmfs\install\miktex/bin\bg5latex.exe
C:\_Vim\.vim\MiKTeX\texmfs\install\miktex/bin\bg5pdflatex.exe
C:\_Vim\.vim\MiKTeX\texmfs\install\miktex/bin\bg5platex.exe
C:\_Vim\.vim\MiKTeX\texmfs\install\miktex/bin\bg5ppdflatex.exe
C:\_Vim\.vim\MiKTeX\texmfs\install\miktex/bin\cef5latex.exe
C:\_Vim\.vim\MiKTeX\texmfs\install\miktex/bin\cef5pdflatex.exe
C:\_Vim\.vim\MiKTeX\texmfs\install\miktex/bin\ceflatex.exe
C:\_Vim\.vim\MiKTeX\texmfs\install\miktex/bin\cefpdflatex.exe
C:\_Vim\.vim\MiKTeX\texmfs\install\miktex/bin\cefslatex.exe
C:\_Vim\.vim\MiKTeX\texmfs\install\miktex/bin\cefspdflatex.exe
C:\_Vim\.vim\MiKTeX\texmfs\install\miktex/bin\gbklatex.exe
C:\_Vim\.vim\MiKTeX\texmfs\install\miktex/bin\gbkpdflatex.exe
C:\_Vim\.vim\MiKTeX\texmfs\install\miktex/bin\sjislatex.exe
C:\_Vim\.vim\MiKTeX\texmfs\install\miktex/bin\sjispdflatex.exe
C:\_Vim\.vim\MiKTeX\texmfs\install\miktex/bin\afm2tfm.exe
C:\_Vim\.vim\MiKTeX\texmfs\install\miktex/bin\asy.exe
C:\_Vim\.vim\MiKTeX\texmfs\install\miktex/bin\autosp.exe
C:\_Vim\.vim\MiKTeX\texmfs\install\miktex/bin\axohelp.exe
C:\_Vim\.vim\MiKTeX\texmfs\install\miktex/bin\bg5conv.exe
C:\_Vim\.vim\MiKTeX\texmfs\install\miktex/bin\bibsort.exe
C:\_Vim\.vim\MiKTeX\texmfs\install\miktex/bin\bibtex8.exe
C:\_Vim\.vim\MiKTeX\texmfs\install\miktex/bin\bibtexu.exe
C:\_Vim\.vim\MiKTeX\texmfs\install\miktex/bin\bibtex.exe
C:\_Vim\.vim\MiKTeX\texmfs\install\miktex/bin\cef5conv.exe
C:\_Vim\.vim\MiKTeX\texmfs\install\miktex/bin\cefconv.exe
C:\_Vim\.vim\MiKTeX\texmfs\install\miktex/bin\cefsconv.exe
C:\_Vim\.vim\MiKTeX\texmfs\install\miktex/bin\chktex.exe
C:\_Vim\.vim\MiKTeX\texmfs\install\miktex/bin\ctangle.exe
C:\_Vim\.vim\MiKTeX\texmfs\install\miktex/bin\cweave.exe
C:\_Vim\.vim\MiKTeX\texmfs\install\miktex/bin\devnag.exe
C:\_Vim\.vim\MiKTeX\texmfs\install\miktex/bin\dvicopy.exe
C:\_Vim\.vim\MiKTeX\texmfs\install\miktex/bin\dvipdfm.exe
C:\_Vim\.vim\MiKTeX\texmfs\install\miktex/bin\dvipdfmx.exe
C:\_Vim\.vim\MiKTeX\texmfs\install\miktex/bin\ebb.exe
C:\_Vim\.vim\MiKTeX\texmfs\install\miktex/bin\extractbb.exe
C:\_Vim\.vim\MiKTeX\texmfs\install\miktex/bin\xbb.exe
C:\_Vim\.vim\MiKTeX\texmfs\install\miktex/bin\xdvipdfmx.exe
C:\_Vim\.vim\MiKTeX\texmfs\install\miktex/bin\miktex-xdvipdfmx.exe
C:\_Vim\.vim\MiKTeX\texmfs\install\miktex/bin\dvipdft.exe
C:\_Vim\.vim\MiKTeX\texmfs\install\miktex/bin\dvipng.exe
C:\_Vim\.vim\MiKTeX\texmfs\install\miktex/bin\dvips.exe
C:\_Vim\.vim\MiKTeX\texmfs\install\miktex/bin\dvisvgm.exe
C:\_Vim\.vim\MiKTeX\texmfs\install\miktex/bin\dvitype.exe
C:\_Vim\.vim\MiKTeX\texmfs\install\miktex/bin\epsffit.exe
C:\_Vim\.vim\MiKTeX\texmfs\install\miktex/bin\epstopdf.exe
C:\_Vim\.vim\MiKTeX\texmfs\install\miktex/bin\repstopdf.exe
C:\_Vim\.vim\MiKTeX\texmfs\install\miktex/bin\miktex-epstopdf-unrestricted.exe
C:\_Vim\.vim\MiKTeX\texmfs\install\miktex/bin\eptex.exe
C:\_Vim\.vim\MiKTeX\texmfs\install\miktex/bin\euptex.exe
C:\_Vim\.vim\MiKTeX\texmfs\install\miktex/bin\extconv.exe
C:\_Vim\.vim\MiKTeX\texmfs\install\miktex/bin\fribidixetex.exe
C:\_Vim\.vim\MiKTeX\texmfs\install\miktex/bin\gftodvi.exe
C:\_Vim\.vim\MiKTeX\texmfs\install\miktex/bin\gftopk.exe
C:\_Vim\.vim\MiKTeX\texmfs\install\miktex/bin\gftype.exe
C:\_Vim\.vim\MiKTeX\texmfs\install\miktex/bin\gregorio.exe
C:\_Vim\.vim\MiKTeX\texmfs\install\miktex/bin\hbf2gf.exe
C:\_Vim\.vim\MiKTeX\texmfs\install\miktex/bin\lacheck.exe
C:\_Vim\.vim\MiKTeX\texmfs\install\miktex/bin\makebase.exe
C:\_Vim\.vim\MiKTeX\texmfs\install\miktex/bin\makefmt.exe
C:\_Vim\.vim\MiKTeX\texmfs\install\miktex/bin\makeindex.exe
C:\_Vim\.vim\MiKTeX\texmfs\install\miktex/bin\makepk.exe
C:\_Vim\.vim\MiKTeX\texmfs\install\miktex/bin\maketfm.exe
C:\_Vim\.vim\MiKTeX\texmfs\install\miktex/bin\mft.exe
C:\_Vim\.vim\MiKTeX\texmfs\install\miktex/bin\mf.exe
C:\_Vim\.vim\MiKTeX\texmfs\install\miktex/bin\inimf.exe
C:\_Vim\.vim\MiKTeX\texmfs\install\miktex/bin\virmf.exe
C:\_Vim\.vim\MiKTeX\texmfs\install\miktex/bin\mkocp.exe
C:\_Vim\.vim\MiKTeX\texmfs\install\miktex/bin\dvitomp.exe
C:\_Vim\.vim\MiKTeX\texmfs\install\miktex/bin\mpost.exe
C:\_Vim\.vim\MiKTeX\texmfs\install\miktex/bin\odvicopy.exe
C:\_Vim\.vim\MiKTeX\texmfs\install\miktex/bin\ofm2opl.exe
C:\_Vim\.vim\MiKTeX\texmfs\install\miktex/bin\opl2ofm.exe
C:\_Vim\.vim\MiKTeX\texmfs\install\miktex/bin\otp2ocp.exe
C:\_Vim\.vim\MiKTeX\texmfs\install\miktex/bin\outocp.exe
C:\_Vim\.vim\MiKTeX\texmfs\install\miktex/bin\ovf2ovp.exe
C:\_Vim\.vim\MiKTeX\texmfs\install\miktex/bin\ovp2ovf.exe
C:\_Vim\.vim\MiKTeX\texmfs\install\miktex/bin\patgen.exe
C:\_Vim\.vim\MiKTeX\texmfs\install\miktex/bin\pbibtex.exe
C:\_Vim\.vim\MiKTeX\texmfs\install\miktex/bin\pdftex.exe
C:\_Vim\.vim\MiKTeX\texmfs\install\miktex/bin\miktex-latex.exe
C:\_Vim\.vim\MiKTeX\texmfs\install\miktex/bin\miktex-pdflatex.exe
C:\_Vim\.vim\MiKTeX\texmfs\install\miktex/bin\pdftosrc.exe
C:\_Vim\.vim\MiKTeX\texmfs\install\miktex/bin\pdvitype.exe
C:\_Vim\.vim\MiKTeX\texmfs\install\miktex/bin\pk2bm.exe
C:\_Vim\.vim\MiKTeX\texmfs\install\miktex/bin\pltotf.exe
C:\_Vim\.vim\MiKTeX\texmfs\install\miktex/bin\pmxab.exe
C:\_Vim\.vim\MiKTeX\texmfs\install\miktex/bin\pooltype.exe
C:\_Vim\.vim\MiKTeX\texmfs\install\miktex/bin\ppltotf.exe
C:\_Vim\.vim\MiKTeX\texmfs\install\miktex/bin\prepmx.exe
C:\_Vim\.vim\MiKTeX\texmfs\install\miktex/bin\ps2pk.exe
C:\_Vim\.vim\MiKTeX\texmfs\install\miktex/bin\psbook.exe
C:\_Vim\.vim\MiKTeX\texmfs\install\miktex/bin\psnup.exe
C:\_Vim\.vim\MiKTeX\texmfs\install\miktex/bin\psresize.exe
C:\_Vim\.vim\MiKTeX\texmfs\install\miktex/bin\psselect.exe
C:\_Vim\.vim\MiKTeX\texmfs\install\miktex/bin\pstops.exe
C:\_Vim\.vim\MiKTeX\texmfs\install\miktex/bin\ptex.exe
C:\_Vim\.vim\MiKTeX\texmfs\install\miktex/bin\ptftopl.exe
C:\_Vim\.vim\MiKTeX\texmfs\install\miktex/bin\rebar.exe
C:\_Vim\.vim\MiKTeX\texmfs\install\miktex/bin\scor2prt.exe
C:\_Vim\.vim\MiKTeX\texmfs\install\miktex/bin\sjisconv.exe
C:\_Vim\.vim\MiKTeX\texmfs\install\miktex/bin\synctex.exe
C:\_Vim\.vim\MiKTeX\texmfs\install\miktex/bin\t4ht.exe
C:\_Vim\.vim\MiKTeX\texmfs\install\miktex/bin\tangle.exe
C:\_Vim\.vim\MiKTeX\texmfs\install\miktex/bin\tex2aspc.exe
C:\_Vim\.vim\MiKTeX\texmfs\install\miktex/bin\tex4ht.exe
C:\_Vim\.vim\MiKTeX\texmfs\install\miktex/bin\texworks.exe
C:\_Vim\.vim\MiKTeX\texmfs\install\miktex/bin\tex.exe
C:\_Vim\.vim\MiKTeX\texmfs\install\miktex/bin\initex.exe
C:\_Vim\.vim\MiKTeX\texmfs\install\miktex/bin\virtex.exe
C:\_Vim\.vim\MiKTeX\texmfs\install\miktex/bin\tftopl.exe
C:\_Vim\.vim\MiKTeX\texmfs\install\miktex/bin\ttf2afm.exe
C:\_Vim\.vim\MiKTeX\texmfs\install\miktex/bin\ttf2pk.exe
C:\_Vim\.vim\MiKTeX\texmfs\install\miktex/bin\ttf2tfm.exe
C:\_Vim\.vim\MiKTeX\texmfs\install\miktex/bin\upbibtex.exe
C:\_Vim\.vim\MiKTeX\texmfs\install\miktex/bin\updvitype.exe
C:\_Vim\.vim\MiKTeX\texmfs\install\miktex/bin\uppltotf.exe
C:\_Vim\.vim\MiKTeX\texmfs\install\miktex/bin\uptex.exe
C:\_Vim\.vim\MiKTeX\texmfs\install\miktex/bin\uptftopl.exe
C:\_Vim\.vim\MiKTeX\texmfs\install\miktex/bin\upmendex.exe
C:\_Vim\.vim\MiKTeX\texmfs\install\miktex/bin\vftovp.exe
C:\_Vim\.vim\MiKTeX\texmfs\install\miktex/bin\vptovf.exe
C:\_Vim\.vim\MiKTeX\texmfs\install\miktex/bin\weave.exe
C:\_Vim\.vim\MiKTeX\texmfs\install\miktex/bin\xetex.exe
C:\_Vim\.vim\MiKTeX\texmfs\install\miktex/bin\miktex-xelatex.exe
C:\_Vim\.vim\MiKTeX\texmfs\install\miktex/bin\xml2pmx.exe
C:\_Vim\.vim\MiKTeX\texmfs\install\miktex/bin\rungs.exe
C:\_Vim\.vim\MiKTeX\texmfs\install\miktex/bin\kpsewhich.exe
C:\_Vim\.vim\MiKTeX\texmfs\install\miktex/bin\mktexlsr.exe
C:\_Vim\.vim\MiKTeX\texmfs\install\miktex/bin\texhash.exe
C:\_Vim\.vim\MiKTeX\texmfs\install\miktex/bin\texlinks.exe
C:\_Vim\.vim\MiKTeX\texmfs\install\miktex/bin\updmap.exe
C:\_Vim\.vim\MiKTeX\texmfs\install\miktex/bin\texdoc.exe
C:\_Vim\.vim\MiKTeX\texmfs\install\miktex/bin\pdfattach.exe
C:\_Vim\.vim\MiKTeX\texmfs\install\miktex/bin\pdfdetach.exe
C:\_Vim\.vim\MiKTeX\texmfs\install\miktex/bin\pdffonts.exe
C:\_Vim\.vim\MiKTeX\texmfs\install\miktex/bin\pdfimages.exe
C:\_Vim\.vim\MiKTeX\texmfs\install\miktex/bin\pdfinfo.exe
C:\_Vim\.vim\MiKTeX\texmfs\install\miktex/bin\pdfseparate.exe
C:\_Vim\.vim\MiKTeX\texmfs\install\miktex/bin\pdftocairo.exe
C:\_Vim\.vim\MiKTeX\texmfs\install\miktex/bin\pdftohtml.exe
C:\_Vim\.vim\MiKTeX\texmfs\install\miktex/bin\pdftoppm.exe
C:\_Vim\.vim\MiKTeX\texmfs\install\miktex/bin\pdftops.exe
C:\_Vim\.vim\MiKTeX\texmfs\install\miktex/bin\pdftotext.exe
C:\_Vim\.vim\MiKTeX\texmfs\install\miktex/bin\pdfunite.exe
C:\_Vim\.vim\MiKTeX\texmfs\install\miktex/bin\fc-cache.exe
C:\_Vim\.vim\MiKTeX\texmfs\install\miktex/bin\fc-cat.exe
C:\_Vim\.vim\MiKTeX\texmfs\install\miktex/bin\fc-conflist.exe
C:\_Vim\.vim\MiKTeX\texmfs\install\miktex/bin\fc-list.exe
C:\_Vim\.vim\MiKTeX\texmfs\install\miktex/bin\fc-match.exe
C:\_Vim\.vim\MiKTeX\texmfs\install\miktex/bin\fc-pattern.exe
C:\_Vim\.vim\MiKTeX\texmfs\install\miktex/bin\fc-query.exe
C:\_Vim\.vim\MiKTeX\texmfs\install\miktex/bin\fc-scan.exe
C:\_Vim\.vim\MiKTeX\texmfs\install\miktex/bin\fc-validate.exe
C:\_Vim\.vim\MiKTeX\texmfs\install\miktex/bin\cfftot1.exe
C:\_Vim\.vim\MiKTeX\texmfs\install\miktex/bin\mmafm.exe
C:\_Vim\.vim\MiKTeX\texmfs\install\miktex/bin\mmpfb.exe
C:\_Vim\.vim\MiKTeX\texmfs\install\miktex/bin\otfinfo.exe
C:\_Vim\.vim\MiKTeX\texmfs\install\miktex/bin\otftotfm.exe
C:\_Vim\.vim\MiKTeX\texmfs\install\miktex/bin\t1dotlessj.exe
C:\_Vim\.vim\MiKTeX\texmfs\install\miktex/bin\t1lint.exe
C:\_Vim\.vim\MiKTeX\texmfs\install\miktex/bin\t1rawafm.exe
C:\_Vim\.vim\MiKTeX\texmfs\install\miktex/bin\t1reencode.exe
C:\_Vim\.vim\MiKTeX\texmfs\install\miktex/bin\t1testpage.exe
C:\_Vim\.vim\MiKTeX\texmfs\install\miktex/bin\ttftotype42.exe
C:\_Vim\.vim\MiKTeX\texmfs\install\miktex/bin\zip.exe
C:\_Vim\.vim\MiKTeX\texmfs\install\miktex/bin\miktex-taskbar-icon.exe
C:\_Vim\.vim\MiKTeX\texmfs\install\miktex/bin\miktex-update.exe
C:\_Vim\.vim\MiKTeX\texmfs\install\miktex/bin\miktex-update_admin.exe
C:\_Vim\.vim\MiKTeX\texmfs\install\miktex/bin\luahbtex.exe
C:\_Vim\.vim\MiKTeX\texmfs\install\miktex/bin\miktex-lualatex.exe
C:\_Vim\.vim\MiKTeX\texmfs\install\miktex/bin\miktex-texlua.exe
C:\_Vim\.vim\MiKTeX\texmfs\install\miktex/bin\miktex-texluac.exe
C:\_Vim\.vim\MiKTeX\texmfs\install\miktex/bin\luatex.exe
C:\_Vim\.vim\MiKTeX\texmfs\install\miktex/bin\texlua.exe
C:\_Vim\.vim\MiKTeX\texmfs\install\miktex/bin\texluac.exe
C:\_Vim\.vim\MiKTeX\texmfs\install\miktex/bin\uptex.exe
C:\_Vim\.vim\MiKTeX\texmfs\install\miktex/bin\latex-dev.exe
C:\_Vim\.vim\MiKTeX\texmfs\install\miktex/bin\etex.exe
C:\_Vim\.vim\MiKTeX\texmfs\install\miktex/bin\amstex.exe
C:\_Vim\.vim\MiKTeX\texmfs\install\miktex/bin\pdfcsplain.exe
C:\_Vim\.vim\MiKTeX\texmfs\install\miktex/bin\dviluatex.exe
C:\_Vim\.vim\MiKTeX\texmfs\install\miktex/bin\cslatex.exe
C:\_Vim\.vim\MiKTeX\texmfs\install\miktex/bin\csplain.exe
C:\_Vim\.vim\MiKTeX\texmfs\install\miktex/bin\lualatex-dev.exe
C:\_Vim\.vim\MiKTeX\texmfs\install\miktex/bin\pdfcslatex.exe
C:\_Vim\.vim\MiKTeX\texmfs\install\miktex/bin\mltex.exe
C:\_Vim\.vim\MiKTeX\texmfs\install\miktex/bin\bagpipe.exe
C:\_Vim\.vim\MiKTeX\texmfs\install\miktex/bin\lualatex.exe
C:\_Vim\.vim\MiKTeX\texmfs\install\miktex/bin\bplain.exe
C:\_Vim\.vim\MiKTeX\texmfs\install\miktex/bin\bagpipex.exe
C:\_Vim\.vim\MiKTeX\texmfs\install\miktex/bin\dvilualatex.exe
C:\_Vim\.vim\MiKTeX\texmfs\install\miktex/bin\ptex.exe
C:\_Vim\.vim\MiKTeX\texmfs\install\miktex/bin\jadetex.exe
C:\_Vim\.vim\MiKTeX\texmfs\install\miktex/bin\latex.exe
C:\_Vim\.vim\MiKTeX\texmfs\install\miktex/bin\luahblatex-dev.exe
C:\_Vim\.vim\MiKTeX\texmfs\install\miktex/bin\luahblatex.exe
C:\_Vim\.vim\MiKTeX\texmfs\install\miktex/bin\utf8mex.exe
C:\_Vim\.vim\MiKTeX\texmfs\install\miktex/bin\luahbtex.exe
C:\_Vim\.vim\MiKTeX\texmfs\install\miktex/bin\luatex.exe
C:\_Vim\.vim\MiKTeX\texmfs\install\miktex/bin\mf.exe
C:\_Vim\.vim\MiKTeX\texmfs\install\miktex/bin\xelatex-dev.exe
C:\_Vim\.vim\MiKTeX\texmfs\install\miktex/bin\mllatex.exe
C:\_Vim\.vim\MiKTeX\texmfs\install\miktex/bin\eptex.exe
C:\_Vim\.vim\MiKTeX\texmfs\install\miktex/bin\pdflatex-dev.exe
C:\_Vim\.vim\MiKTeX\texmfs\install\miktex/bin\pdfetex.exe
C:\_Vim\.vim\MiKTeX\texmfs\install\miktex/bin\pdfjadetex.exe
C:\_Vim\.vim\MiKTeX\texmfs\install\miktex/bin\dvilualollipop.exe
C:\_Vim\.vim\MiKTeX\texmfs\install\miktex/bin\pdflatex.exe
C:\_Vim\.vim\MiKTeX\texmfs\install\miktex/bin\pdftex.exe
C:\_Vim\.vim\MiKTeX\texmfs\install\miktex/bin\xelatex.exe
C:\_Vim\.vim\MiKTeX\texmfs\install\miktex/bin\euptex.exe
C:\_Vim\.vim\MiKTeX\texmfs\install\miktex/bin\platex.exe
C:\_Vim\.vim\MiKTeX\texmfs\install\miktex/bin\platex-dev.exe
C:\_Vim\.vim\MiKTeX\texmfs\install\miktex/bin\uplatex.exe
C:\_Vim\.vim\MiKTeX\texmfs\install\miktex/bin\uplatex-dev.exe
C:\_Vim\.vim\MiKTeX\texmfs\install\miktex/bin\tex.exe
C:\_Vim\.vim\MiKTeX\texmfs\install\miktex/bin\xmltex.exe
C:\_Vim\.vim\MiKTeX\texmfs\install\miktex/bin\xetex.exe
C:\_Vim\.vim\MiKTeX\texmfs\install\miktex/bin\pdfxmltex.exe
C:\_Vim\.vim\MiKTeX\texmfs\install\miktex/bin\dvilollipop.exe
C:\_Vim\.vim\MiKTeX\texmfs\install\miktex/bin\lollipop.exe
C:\_Vim\.vim\MiKTeX\texmfs\install\miktex/bin\lualollipop.exe
C:\_Vim\.vim\MiKTeX\texmfs\install\miktex/bin\optex.exe
C:\_Vim\.vim\MiKTeX\texmfs\install\miktex/bin\songidx.exe
C:\_Vim\.vim\MiKTeX\texmfs\install\miktex/bin\a5toa4.exe
C:\_Vim\.vim\MiKTeX\texmfs\install\miktex/bin\checkcites.exe
C:\_Vim\.vim\MiKTeX\texmfs\install\miktex/bin\l3build.exe
C:\_Vim\.vim\MiKTeX\texmfs\install\miktex/bin\cluttex.exe
C:\_Vim\.vim\MiKTeX\texmfs\install\miktex/bin\ctanbib.exe
C:\_Vim\.vim\MiKTeX\texmfs\install\miktex/bin\llmk.exe
C:\_Vim\.vim\MiKTeX\texmfs\install\miktex/bin\mkluatexfontdb.exe
C:\_Vim\.vim\MiKTeX\texmfs\install\miktex/bin\epspdf.exe
C:\_Vim\.vim\MiKTeX\texmfs\install\miktex/bin\getmapdl.exe
C:\_Vim\.vim\MiKTeX\texmfs\install\miktex/bin\pfarrei.exe
C:\_Vim\.vim\MiKTeX\texmfs\install\miktex/bin\luacolor.exe
C:\_Vim\.vim\MiKTeX\texmfs\install\miktex/bin\luafindfont.exe
C:\_Vim\.vim\MiKTeX\texmfs\install\miktex/bin\luamesh.exe
C:\_Vim\.vim\MiKTeX\texmfs\install\miktex/bin\luaotfload-tool.exe
C:\_Vim\.vim\MiKTeX\texmfs\install\miktex/bin\lwarpmk.exe
C:\_Vim\.vim\MiKTeX\texmfs\install\miktex/bin\lyluatex.exe
C:\_Vim\.vim\MiKTeX\texmfs\install\miktex/bin\m-tx.exe
C:\_Vim\.vim\MiKTeX\texmfs\install\miktex/bin\magicnum.exe
C:\_Vim\.vim\MiKTeX\texmfs\install\miktex/bin\make4ht.exe
C:\_Vim\.vim\MiKTeX\texmfs\install\miktex/bin\makeglossaries-lite.exe
C:\_Vim\.vim\MiKTeX\texmfs\install\miktex/bin\mkcharacters.exe
C:\_Vim\.vim\MiKTeX\texmfs\install\miktex/bin\xindex.exe
C:\_Vim\.vim\MiKTeX\texmfs\install\miktex/bin\mkglyphlist.exe
C:\_Vim\.vim\MiKTeX\texmfs\install\miktex/bin\musixflx.exe
C:\_Vim\.vim\MiKTeX\texmfs\install\miktex/bin\musixtex.exe
C:\_Vim\.vim\MiKTeX\texmfs\install\miktex/bin\ptex2pdf.exe
C:\_Vim\.vim\MiKTeX\texmfs\install\miktex/bin\tex4ebook.exe
C:\_Vim\.vim\MiKTeX\texmfs\install\miktex/bin\latexpand.exe
C:\_Vim\.vim\MiKTeX\texmfs\install\miktex/bin\authorindex.exe
C:\_Vim\.vim\MiKTeX\texmfs\install\miktex/bin\ctan-o-mat.exe
C:\_Vim\.vim\MiKTeX\texmfs\install\miktex/bin\arlatex.exe
C:\_Vim\.vim\MiKTeX\texmfs\install\miktex/bin\dosepsbin.exe
C:\_Vim\.vim\MiKTeX\texmfs\install\miktex/bin\abs2rel.exe
C:\_Vim\.vim\MiKTeX\texmfs\install\miktex/bin\a2ping.exe
C:\_Vim\.vim\MiKTeX\texmfs\install\miktex/bin\birm.exe
C:\_Vim\.vim\MiKTeX\texmfs\install\miktex/bin\ot2kpx.exe
C:\_Vim\.vim\MiKTeX\texmfs\install\miktex/bin\bib2xhtml.exe
C:\_Vim\.vim\MiKTeX\texmfs\install\miktex/bin\ctanify.exe
C:\_Vim\.vim\MiKTeX\texmfs\install\miktex/bin\afm2afm.exe
C:\_Vim\.vim\MiKTeX\texmfs\install\miktex/bin\mfirstuc.exe
C:\_Vim\.vim\MiKTeX\texmfs\install\miktex/bin\autoinst.exe
C:\_Vim\.vim\MiKTeX\texmfs\install\miktex/bin\ltximg.exe
C:\_Vim\.vim\MiKTeX\texmfs\install\miktex/bin\chklref.exe
C:\_Vim\.vim\MiKTeX\texmfs\install\miktex/bin\fullref.exe
C:\_Vim\.vim\MiKTeX\texmfs\install\miktex/bin\bibdoiadd.exe
C:\_Vim\.vim\MiKTeX\texmfs\install\miktex/bin\mf2pt1.exe
C:\_Vim\.vim\MiKTeX\texmfs\install\miktex/bin\bibhtml.exe
C:\_Vim\.vim\MiKTeX\texmfs\install\miktex/bin\bundledoc.exe
C:\_Vim\.vim\MiKTeX\texmfs\install\miktex/bin\bibzbladd.exe
C:\_Vim\.vim\MiKTeX\texmfs\install\miktex/bin\cjk-gs-integrate.exe
C:\_Vim\.vim\MiKTeX\texmfs\install\miktex/bin\creatdtx.exe
C:\_Vim\.vim\MiKTeX\texmfs\install\miktex/bin\ibyhyph.exe
C:\_Vim\.vim\MiKTeX\texmfs\install\miktex/bin\csvtools.exe
C:\_Vim\.vim\MiKTeX\texmfs\install\miktex/bin\ctanupload.exe
C:\_Vim\.vim\MiKTeX\texmfs\install\miktex/bin\htmove.exe
C:\_Vim\.vim\MiKTeX\texmfs\install\miktex/bin\dad-to-utf8.exe
C:\_Vim\.vim\MiKTeX\texmfs\install\miktex/bin\dviinfox.exe
C:\_Vim\.vim\MiKTeX\texmfs\install\miktex/bin\extractres.exe
C:\_Vim\.vim\MiKTeX\texmfs\install\miktex/bin\etexdef.exe
C:\_Vim\.vim\MiKTeX\texmfs\install\miktex/bin\mptopdf.exe
C:\_Vim\.vim\MiKTeX\texmfs\install\miktex/bin\exceltex.exe
C:\_Vim\.vim\MiKTeX\texmfs\install\miktex/bin\feynmf.exe
C:\_Vim\.vim\MiKTeX\texmfs\install\miktex/bin\fig4latex.exe
C:\_Vim\.vim\MiKTeX\texmfs\install\miktex/bin\texdiff.exe
C:\_Vim\.vim\MiKTeX\texmfs\install\miktex/bin\komkindex.exe
C:\_Vim\.vim\MiKTeX\texmfs\install\miktex/bin\findhyph.exe
C:\_Vim\.vim\MiKTeX\texmfs\install\miktex/bin\htcopy.exe
C:\_Vim\.vim\MiKTeX\texmfs\install\miktex/bin\isi2bibtex.exe
C:\_Vim\.vim\MiKTeX\texmfs\install\miktex/bin\mkjobtexmf.exe
C:\_Vim\.vim\MiKTeX\texmfs\install\miktex/bin\jamo-normalize.exe
C:\_Vim\.vim\MiKTeX\texmfs\install\miktex/bin\latexdiff.exe
C:\_Vim\.vim\MiKTeX\texmfs\install\miktex/bin\jfmutil.exe
C:\_Vim\.vim\MiKTeX\texmfs\install\miktex/bin\OOopict.exe
C:\_Vim\.vim\MiKTeX\texmfs\install\miktex/bin\ketcindy.exe
C:\_Vim\.vim\MiKTeX\texmfs\install\miktex/bin\texdirflatten.exe
C:\_Vim\.vim\MiKTeX\texmfs\install\miktex/bin\makejmlrbook.exe
C:\_Vim\.vim\MiKTeX\texmfs\install\miktex/bin\latex-git-log.exe
C:\_Vim\.vim\MiKTeX\texmfs\install\miktex/bin\luatexdef.exe
C:\_Vim\.vim\MiKTeX\texmfs\install\miktex/bin\latex2man.exe
C:\_Vim\.vim\MiKTeX\texmfs\install\miktex/bin\latexdef.exe
C:\_Vim\.vim\MiKTeX\texmfs\install\miktex/bin\latexindent.exe
C:\_Vim\.vim\MiKTeX\texmfs\install\miktex/bin\latexdiff-fast.exe
C:\_Vim\.vim\MiKTeX\texmfs\install\miktex/bin\latexdiff-so.exe
C:\_Vim\.vim\MiKTeX\texmfs\install\miktex/bin\latexdiff-vc.exe
C:\_Vim\.vim\MiKTeX\texmfs\install\miktex/bin\mk4ht.exe
C:\_Vim\.vim\MiKTeX\texmfs\install\miktex/bin\latexmk.exe
C:\_Vim\.vim\MiKTeX\texmfs\install\miktex/bin\latexrevise.exe
C:\_Vim\.vim\MiKTeX\texmfs\install\miktex/bin\mathspic113.exe
C:\_Vim\.vim\MiKTeX\texmfs\install\miktex/bin\makeglossaries.exe
C:\_Vim\.vim\MiKTeX\texmfs\install\miktex/bin\ltx2crossrefxml.exe
C:\_Vim\.vim\MiKTeX\texmfs\install\miktex/bin\lualatexdef.exe
C:\_Vim\.vim\MiKTeX\texmfs\install\miktex/bin\texloganalyser.exe
C:\_Vim\.vim\MiKTeX\texmfs\install\miktex/bin\makedtx.exe
C:\_Vim\.vim\MiKTeX\texmfs\install\miktex/bin\mathspic.exe
C:\_Vim\.vim\MiKTeX\texmfs\install\miktex/bin\mkt1font.exe
C:\_Vim\.vim\MiKTeX\texmfs\install\miktex/bin\orderrefs.exe
C:\_Vim\.vim\MiKTeX\texmfs\install\miktex/bin\pdfatfi.exe
C:\_Vim\.vim\MiKTeX\texmfs\install\miktex/bin\pdfcrop.exe
C:\_Vim\.vim\MiKTeX\texmfs\install\miktex/bin\pkfix-helper.exe
C:\_Vim\.vim\MiKTeX\texmfs\install\miktex/bin\pdflatexdef.exe
C:\_Vim\.vim\MiKTeX\texmfs\install\miktex/bin\pdflatexpicscale.exe
C:\_Vim\.vim\MiKTeX\texmfs\install\miktex/bin\pdftexdef.exe
C:\_Vim\.vim\MiKTeX\texmfs\install\miktex/bin\pedigree.exe
C:\_Vim\.vim\MiKTeX\texmfs\install\miktex/bin\perltex.exe
C:\_Vim\.vim\MiKTeX\texmfs\install\miktex/bin\pkfix.exe
C:\_Vim\.vim\MiKTeX\texmfs\install\miktex/bin\pn2pdf.exe
C:\_Vim\.vim\MiKTeX\texmfs\install\miktex/bin\psjoin.exe
C:\_Vim\.vim\MiKTeX\texmfs\install\miktex/bin\pst2pdf.exe
C:\_Vim\.vim\MiKTeX\texmfs\install\miktex/bin\rcsinfo.exe
C:\_Vim\.vim\MiKTeX\texmfs\install\miktex/bin\rubikrotation.exe
C:\_Vim\.vim\MiKTeX\texmfs\install\miktex/bin\splitindex.exe
C:\_Vim\.vim\MiKTeX\texmfs\install\miktex/bin\srcredact.exe
C:\_Vim\.vim\MiKTeX\texmfs\install\miktex/bin\sty2dtx.exe
C:\_Vim\.vim\MiKTeX\texmfs\install\miktex/bin\svn-multi.exe
C:\_Vim\.vim\MiKTeX\texmfs\install\miktex/bin\texcount.exe
C:\_Vim\.vim\MiKTeX\texmfs\install\miktex/bin\texdef.exe
C:\_Vim\.vim\MiKTeX\texmfs\install\miktex/bin\thumbpdf.exe
C:\_Vim\.vim\MiKTeX\texmfs\install\miktex/bin\texfot.exe
C:\_Vim\.vim\MiKTeX\texmfs\install\miktex/bin\texindy.exe
C:\_Vim\.vim\MiKTeX\texmfs\install\miktex/bin\ttf2kotexfont.exe
C:\_Vim\.vim\MiKTeX\texmfs\install\miktex/bin\txt2qq.exe
C:\_Vim\.vim\MiKTeX\texmfs\install\miktex/bin\urlbst.exe
C:\_Vim\.vim\MiKTeX\texmfs\install\miktex/bin\utf8-to-dad.exe
C:\_Vim\.vim\MiKTeX\texmfs\install\miktex/bin\vpe.exe
C:\_Vim\.vim\MiKTeX\texmfs\install\miktex/bin\vpl2ovp.exe
C:\_Vim\.vim\MiKTeX\texmfs\install\miktex/bin\vpl2vpl.exe
C:\_Vim\.vim\MiKTeX\texmfs\install\miktex/bin\xdv2pdf_mergemarks.exe
C:\_Vim\.vim\MiKTeX\texmfs\install\miktex/bin\xelatexdef.exe
C:\_Vim\.vim\MiKTeX\texmfs\install\miktex/bin\xetexdef.exe
C:\_Vim\.vim\MiKTeX\texmfs\install\miktex/bin\xindy.exe
C:\_Vim\.vim\MiKTeX\texmfs\install\miktex/bin\biokey2html.exe
C:\_Vim\.vim\MiKTeX\texmfs\install\miktex/bin\dumphint.exe
C:\_Vim\.vim\MiKTeX\texmfs\install\miktex/bin\ps2pdf14.exe
C:\_Vim\.vim\MiKTeX\texmfs\install\miktex/bin\gsnd.exe
C:\_Vim\.vim\MiKTeX\texmfs\install\miktex/bin\eps2eps.exe
C:\_Vim\.vim\MiKTeX\texmfs\install\miktex/bin\ps2ps2.exe
C:\_Vim\.vim\MiKTeX\texmfs\install\miktex/bin\gsbj.exe
C:\_Vim\.vim\MiKTeX\texmfs\install\miktex/bin\gssetgs.exe
C:\_Vim\.vim\MiKTeX\texmfs\install\miktex/bin\font2c.exe
C:\_Vim\.vim\MiKTeX\texmfs\install\miktex/bin\gslj.exe
C:\_Vim\.vim\MiKTeX\texmfs\install\miktex/bin\gsdj.exe
C:\_Vim\.vim\MiKTeX\texmfs\install\miktex/bin\gsdj500.exe
C:\_Vim\.vim\MiKTeX\texmfs\install\miktex/bin\gslp.exe
C:\_Vim\.vim\MiKTeX\texmfs\install\miktex/bin\gsndt.exe
C:\_Vim\.vim\MiKTeX\texmfs\install\miktex/bin\lpr2.exe
C:\_Vim\.vim\MiKTeX\texmfs\install\miktex/bin\gst.exe
C:\_Vim\.vim\MiKTeX\texmfs\install\miktex/bin\ps2ps.exe
C:\_Vim\.vim\MiKTeX\texmfs\install\miktex/bin\gstt.exe
C:\_Vim\.vim\MiKTeX\texmfs\install\miktex/bin\httexi.exe
C:\_Vim\.vim\MiKTeX\texmfs\install\miktex/bin\ht.exe
C:\_Vim\.vim\MiKTeX\texmfs\install\miktex/bin\ps2pdf.exe
C:\_Vim\.vim\MiKTeX\texmfs\install\miktex/bin\lp386r2.exe
C:\_Vim\.vim\MiKTeX\texmfs\install\miktex/bin\htcontext.exe
C:\_Vim\.vim\MiKTeX\texmfs\install\miktex/bin\wmakebat.exe
C:\_Vim\.vim\MiKTeX\texmfs\install\miktex/bin\pf2afm.exe
C:\_Vim\.vim\MiKTeX\texmfs\install\miktex/bin\htlatex.exe
C:\_Vim\.vim\MiKTeX\texmfs\install\miktex/bin\pdf2dsc.exe
C:\_Vim\.vim\MiKTeX\texmfs\install\miktex/bin\htmex.exe
C:\_Vim\.vim\MiKTeX\texmfs\install\miktex/bin\httex.exe
C:\_Vim\.vim\MiKTeX\texmfs\install\miktex/bin\htxelatex.exe
C:\_Vim\.vim\MiKTeX\texmfs\install\miktex/bin\htxetex.exe
C:\_Vim\.vim\MiKTeX\texmfs\install\miktex/bin\lp386.exe
C:\_Vim\.vim\MiKTeX\texmfs\install\miktex/bin\lpgs.exe
C:\_Vim\.vim\MiKTeX\texmfs\install\miktex/bin\pdf2ps.exe
C:\_Vim\.vim\MiKTeX\texmfs\install\miktex/bin\pdfopt.exe
C:\_Vim\.vim\MiKTeX\texmfs\install\miktex/bin\ps2epsi.exe
C:\_Vim\.vim\MiKTeX\texmfs\install\miktex/bin\pfbtopfa.exe
C:\_Vim\.vim\MiKTeX\texmfs\install\miktex/bin\pftogsf.exe
C:\_Vim\.vim\MiKTeX\texmfs\install\miktex/bin\ps2ascii.exe
C:\_Vim\.vim\MiKTeX\texmfs\install\miktex/bin\ps2pdf12.exe
C:\_Vim\.vim\MiKTeX\texmfs\install\miktex/bin\ps2pdfxx.exe
C:\_Vim\.vim\MiKTeX\texmfs\install\miktex/bin\ps2pdf13.exe
C:\_Vim\.vim\MiKTeX\texmfs\install\miktex/bin\ps4pdf.exe
C:\_Vim\.vim\MiKTeX\texmfs\install\miktex/bin\merge-tex.exe
C:\_Vim\.vim\MiKTeX\texmfs\install\miktex/bin\gfi-run.exe
C:\_Vim\.vim\MiKTeX\texmfs\install\miktex/bin\de-macro.exe
C:\_Vim\.vim\MiKTeX\texmfs\install\miktex/bin\latex-papersize.exe
C:\_Vim\.vim\MiKTeX\texmfs\install\miktex/bin\depythontex.exe
C:\_Vim\.vim\MiKTeX\texmfs\install\miktex/bin\dviasm.exe
C:\_Vim\.vim\MiKTeX\texmfs\install\miktex/bin\pypostproc.exe
C:\_Vim\.vim\MiKTeX\texmfs\install\miktex/bin\mgetmref.exe
C:\_Vim\.vim\MiKTeX\texmfs\install\miktex/bin\optexcount.exe
C:\_Vim\.vim\MiKTeX\texmfs\install\miktex/bin\pdfbook2.exe
C:\_Vim\.vim\MiKTeX\texmfs\install\miktex/bin\pgfplots.exe
C:\_Vim\.vim\MiKTeX\texmfs\install\miktex/bin\pygmentex.exe
C:\_Vim\.vim\MiKTeX\texmfs\install\miktex/bin\pypreproc.exe
C:\_Vim\.vim\MiKTeX\texmfs\install\miktex/bin\pythontex.exe
C:\_Vim\.vim\MiKTeX\texmfs\install\miktex/bin\spix.exe
C:\_Vim\.vim\MiKTeX\texmfs\install\miktex/bin\webquiz.exe
C:\_Vim\.vim\MiKTeX\texmfs\install\miktex/bin\biber.exe
C:\_Vim\.vim\MiKTeX\texmfs\install\miktex/bin\latex2nemeth.exe
C:\_Vim\.vim\MiKTeX\texmfs\install\miktex/bin\bib2gls.exe
C:\_Vim\.vim\MiKTeX\texmfs\install\miktex/bin\arara.exe
C:\_Vim\.vim\MiKTeX\texmfs\install\miktex/bin\bmeditor.exe
C:\_Vim\.vim\MiKTeX\texmfs\install\miktex/bin\convertgls2bib.exe
C:\_Vim\.vim\MiKTeX\texmfs\install\miktex/bin\texosquery.exe
C:\_Vim\.vim\MiKTeX\texmfs\install\miktex/bin\texosquery-jre5.exe
C:\_Vim\.vim\MiKTeX\texmfs\install\miktex/bin\texosquery-jre8.exe
C:\_Vim\.vim\MiKTeX\texmfs\install\miktex/bin\texplate.exe
