-pdfclose.exe;miktex/bin
+pdfclose.exe;miktex/bin;
-pdfdde.exe;miktex/bin
+pdfdde.exe;miktex/bin;
-pdfopen.exe;miktex/bin
+pdfopen.exe;miktex/bin;
-bg5pluslatex.exe;miktex/bin
+bg5pluslatex.exe;miktex/bin;
-bg5pluspdflatex.exe;miktex/bin
+bg5pluspdflatex.exe;miktex/bin;
-bg5latex.exe;miktex/bin
+bg5latex.exe;miktex/bin;
-bg5pdflatex.exe;miktex/bin
+bg5pdflatex.exe;miktex/bin;
-bg5platex.exe;miktex/bin
+bg5platex.exe;miktex/bin;
-bg5ppdflatex.exe;miktex/bin
+bg5ppdflatex.exe;miktex/bin;
-cef5latex.exe;miktex/bin
+cef5latex.exe;miktex/bin;
-cef5pdflatex.exe;miktex/bin
+cef5pdflatex.exe;miktex/bin;
-ceflatex.exe;miktex/bin
+ceflatex.exe;miktex/bin;
-cefpdflatex.exe;miktex/bin
+cefpdflatex.exe;miktex/bin;
-cefslatex.exe;miktex/bin
+cefslatex.exe;miktex/bin;
-cefspdflatex.exe;miktex/bin
+cefspdflatex.exe;miktex/bin;
-gbklatex.exe;miktex/bin
+gbklatex.exe;miktex/bin;
-gbkpdflatex.exe;miktex/bin
+gbkpdflatex.exe;miktex/bin;
-sjislatex.exe;miktex/bin
+sjislatex.exe;miktex/bin;
-sjispdflatex.exe;miktex/bin
+sjispdflatex.exe;miktex/bin;
-afm2tfm.exe;miktex/bin
+afm2tfm.exe;miktex/bin;
-asy.exe;miktex/bin
+asy.exe;miktex/bin;
-autosp.exe;miktex/bin
+autosp.exe;miktex/bin;
-axohelp.exe;miktex/bin
+axohelp.exe;miktex/bin;
-bg5conv.exe;miktex/bin
+bg5conv.exe;miktex/bin;
-bibsort.exe;miktex/bin
+bibsort.exe;miktex/bin;
-bibtex8.exe;miktex/bin
+bibtex8.exe;miktex/bin;
-bibtexu.exe;miktex/bin
+bibtexu.exe;miktex/bin;
-bibtex.exe;miktex/bin
+bibtex.exe;miktex/bin;
-cef5conv.exe;miktex/bin
+cef5conv.exe;miktex/bin;
-cefconv.exe;miktex/bin
+cefconv.exe;miktex/bin;
-cefsconv.exe;miktex/bin
+cefsconv.exe;miktex/bin;
-chktex.exe;miktex/bin
+chktex.exe;miktex/bin;
-ctangle.exe;miktex/bin
+ctangle.exe;miktex/bin;
-cweave.exe;miktex/bin
+cweave.exe;miktex/bin;
-devnag.exe;miktex/bin
+devnag.exe;miktex/bin;
-dvicopy.exe;miktex/bin
+dvicopy.exe;miktex/bin;
-dvipdfm.exe;miktex/bin
+dvipdfm.exe;miktex/bin;
-dvipdfmx.exe;miktex/bin
+dvipdfmx.exe;miktex/bin;
-ebb.exe;miktex/bin
+ebb.exe;miktex/bin;
-extractbb.exe;miktex/bin
+extractbb.exe;miktex/bin;
-xbb.exe;miktex/bin
+xbb.exe;miktex/bin;
-xdvipdfmx.exe;miktex/bin
+xdvipdfmx.exe;miktex/bin;
-miktex-xdvipdfmx.exe;miktex/bin
+miktex-xdvipdfmx.exe;miktex/bin;
-dvipdft.exe;miktex/bin
+dvipdft.exe;miktex/bin;
-dvipng.exe;miktex/bin
+dvipng.exe;miktex/bin;
-dvips.exe;miktex/bin
+dvips.exe;miktex/bin;
-dvisvgm.exe;miktex/bin
+dvisvgm.exe;miktex/bin;
-dvitype.exe;miktex/bin
+dvitype.exe;miktex/bin;
-epsffit.exe;miktex/bin
+epsffit.exe;miktex/bin;
-epstopdf.exe;miktex/bin
+epstopdf.exe;miktex/bin;
-repstopdf.exe;miktex/bin
+repstopdf.exe;miktex/bin;
-miktex-epstopdf-unrestricted.exe;miktex/bin
+miktex-epstopdf-unrestricted.exe;miktex/bin;
-eptex.exe;miktex/bin
+eptex.exe;miktex/bin;
-euptex.exe;miktex/bin
+euptex.exe;miktex/bin;
-extconv.exe;miktex/bin
+extconv.exe;miktex/bin;
-fribidixetex.exe;miktex/bin
+fribidixetex.exe;miktex/bin;
-gftodvi.exe;miktex/bin
+gftodvi.exe;miktex/bin;
-gftopk.exe;miktex/bin
+gftopk.exe;miktex/bin;
-gftype.exe;miktex/bin
+gftype.exe;miktex/bin;
-gregorio.exe;miktex/bin
+gregorio.exe;miktex/bin;
-hbf2gf.exe;miktex/bin
+hbf2gf.exe;miktex/bin;
-lacheck.exe;miktex/bin
+lacheck.exe;miktex/bin;
-makebase.exe;miktex/bin
+makebase.exe;miktex/bin;
-makefmt.exe;miktex/bin
+makefmt.exe;miktex/bin;
-makeindex.exe;miktex/bin
+makeindex.exe;miktex/bin;
-makepk.exe;miktex/bin
+makepk.exe;miktex/bin;
-maketfm.exe;miktex/bin
+maketfm.exe;miktex/bin;
-mft.exe;miktex/bin
+mft.exe;miktex/bin;
-mf.exe;miktex/bin
+mf.exe;miktex/bin;
-inimf.exe;miktex/bin
+inimf.exe;miktex/bin;
-virmf.exe;miktex/bin
+virmf.exe;miktex/bin;
-mkocp.exe;miktex/bin
+mkocp.exe;miktex/bin;
-dvitomp.exe;miktex/bin
+dvitomp.exe;miktex/bin;
-mpost.exe;miktex/bin
+mpost.exe;miktex/bin;
-odvicopy.exe;miktex/bin
+odvicopy.exe;miktex/bin;
-ofm2opl.exe;miktex/bin
+ofm2opl.exe;miktex/bin;
-opl2ofm.exe;miktex/bin
+opl2ofm.exe;miktex/bin;
-otp2ocp.exe;miktex/bin
+otp2ocp.exe;miktex/bin;
-outocp.exe;miktex/bin
+outocp.exe;miktex/bin;
-ovf2ovp.exe;miktex/bin
+ovf2ovp.exe;miktex/bin;
-ovp2ovf.exe;miktex/bin
+ovp2ovf.exe;miktex/bin;
-patgen.exe;miktex/bin
+patgen.exe;miktex/bin;
-pbibtex.exe;miktex/bin
+pbibtex.exe;miktex/bin;
-pdftex.exe;miktex/bin
+pdftex.exe;miktex/bin;
-miktex-latex.exe;miktex/bin
+miktex-latex.exe;miktex/bin;
-miktex-pdflatex.exe;miktex/bin
+miktex-pdflatex.exe;miktex/bin;
-pdftosrc.exe;miktex/bin
+pdftosrc.exe;miktex/bin;
-pdvitype.exe;miktex/bin
+pdvitype.exe;miktex/bin;
-pk2bm.exe;miktex/bin
+pk2bm.exe;miktex/bin;
-pltotf.exe;miktex/bin
+pltotf.exe;miktex/bin;
-pmxab.exe;miktex/bin
+pmxab.exe;miktex/bin;
-pooltype.exe;miktex/bin
+pooltype.exe;miktex/bin;
-ppltotf.exe;miktex/bin
+ppltotf.exe;miktex/bin;
-prepmx.exe;miktex/bin
+prepmx.exe;miktex/bin;
-ps2pk.exe;miktex/bin
+ps2pk.exe;miktex/bin;
-psbook.exe;miktex/bin
+psbook.exe;miktex/bin;
-psnup.exe;miktex/bin
+psnup.exe;miktex/bin;
-psresize.exe;miktex/bin
+psresize.exe;miktex/bin;
-psselect.exe;miktex/bin
+psselect.exe;miktex/bin;
-pstops.exe;miktex/bin
+pstops.exe;miktex/bin;
-ptex.exe;miktex/bin
+ptex.exe;miktex/bin;
-ptftopl.exe;miktex/bin
+ptftopl.exe;miktex/bin;
-rebar.exe;miktex/bin
+rebar.exe;miktex/bin;
-scor2prt.exe;miktex/bin
+scor2prt.exe;miktex/bin;
-sjisconv.exe;miktex/bin
+sjisconv.exe;miktex/bin;
-synctex.exe;miktex/bin
+synctex.exe;miktex/bin;
-t4ht.exe;miktex/bin
+t4ht.exe;miktex/bin;
-tangle.exe;miktex/bin
+tangle.exe;miktex/bin;
-tex2aspc.exe;miktex/bin
+tex2aspc.exe;miktex/bin;
-tex4ht.exe;miktex/bin
+tex4ht.exe;miktex/bin;
-texworks.exe;miktex/bin
+texworks.exe;miktex/bin;
-tex.exe;miktex/bin
+tex.exe;miktex/bin;
-initex.exe;miktex/bin
+initex.exe;miktex/bin;
-virtex.exe;miktex/bin
+virtex.exe;miktex/bin;
-tftopl.exe;miktex/bin
+tftopl.exe;miktex/bin;
-ttf2afm.exe;miktex/bin
+ttf2afm.exe;miktex/bin;
-ttf2pk.exe;miktex/bin
+ttf2pk.exe;miktex/bin;
-ttf2tfm.exe;miktex/bin
+ttf2tfm.exe;miktex/bin;
-upbibtex.exe;miktex/bin
+upbibtex.exe;miktex/bin;
-updvitype.exe;miktex/bin
+updvitype.exe;miktex/bin;
-uppltotf.exe;miktex/bin
+uppltotf.exe;miktex/bin;
-uptex.exe;miktex/bin
+uptex.exe;miktex/bin;
-uptftopl.exe;miktex/bin
+uptftopl.exe;miktex/bin;
-upmendex.exe;miktex/bin
+upmendex.exe;miktex/bin;
-vftovp.exe;miktex/bin
+vftovp.exe;miktex/bin;
-vptovf.exe;miktex/bin
+vptovf.exe;miktex/bin;
-weave.exe;miktex/bin
+weave.exe;miktex/bin;
-xetex.exe;miktex/bin
+xetex.exe;miktex/bin;
-miktex-xelatex.exe;miktex/bin
+miktex-xelatex.exe;miktex/bin;
-xml2pmx.exe;miktex/bin
+xml2pmx.exe;miktex/bin;
-rungs.exe;miktex/bin
+rungs.exe;miktex/bin;
-kpsewhich.exe;miktex/bin
+kpsewhich.exe;miktex/bin;
-updmap.exe;miktex/bin
+updmap.exe;miktex/bin;
-texdoc.exe;miktex/bin
+texdoc.exe;miktex/bin;
-pdfattach.exe;miktex/bin
+pdfattach.exe;miktex/bin;
-pdfdetach.exe;miktex/bin
+pdfdetach.exe;miktex/bin;
-pdffonts.exe;miktex/bin
+pdffonts.exe;miktex/bin;
-pdfimages.exe;miktex/bin
+pdfimages.exe;miktex/bin;
-pdfinfo.exe;miktex/bin
+pdfinfo.exe;miktex/bin;
-pdfseparate.exe;miktex/bin
+pdfseparate.exe;miktex/bin;
-pdftocairo.exe;miktex/bin
+pdftocairo.exe;miktex/bin;
-pdftohtml.exe;miktex/bin
+pdftohtml.exe;miktex/bin;
-pdftoppm.exe;miktex/bin
+pdftoppm.exe;miktex/bin;
-pdftops.exe;miktex/bin
+pdftops.exe;miktex/bin;
-pdftotext.exe;miktex/bin
+pdftotext.exe;miktex/bin;
-pdfunite.exe;miktex/bin
+pdfunite.exe;miktex/bin;
-fc-cache.exe;miktex/bin
+fc-cache.exe;miktex/bin;
-fc-cat.exe;miktex/bin
+fc-cat.exe;miktex/bin;
-fc-conflist.exe;miktex/bin
+fc-conflist.exe;miktex/bin;
-fc-list.exe;miktex/bin
+fc-list.exe;miktex/bin;
-fc-match.exe;miktex/bin
+fc-match.exe;miktex/bin;
-fc-pattern.exe;miktex/bin
+fc-pattern.exe;miktex/bin;
-fc-query.exe;miktex/bin
+fc-query.exe;miktex/bin;
-fc-scan.exe;miktex/bin
+fc-scan.exe;miktex/bin;
-fc-validate.exe;miktex/bin
+fc-validate.exe;miktex/bin;
-cfftot1.exe;miktex/bin
+cfftot1.exe;miktex/bin;
-mmafm.exe;miktex/bin
+mmafm.exe;miktex/bin;
-mmpfb.exe;miktex/bin
+mmpfb.exe;miktex/bin;
-otfinfo.exe;miktex/bin
+otfinfo.exe;miktex/bin;
-otftotfm.exe;miktex/bin
+otftotfm.exe;miktex/bin;
-t1dotlessj.exe;miktex/bin
+t1dotlessj.exe;miktex/bin;
-t1lint.exe;miktex/bin
+t1lint.exe;miktex/bin;
-t1rawafm.exe;miktex/bin
+t1rawafm.exe;miktex/bin;
-t1reencode.exe;miktex/bin
+t1reencode.exe;miktex/bin;
-t1testpage.exe;miktex/bin
+t1testpage.exe;miktex/bin;
-ttftotype42.exe;miktex/bin
+ttftotype42.exe;miktex/bin;
-zip.exe;miktex/bin
+zip.exe;miktex/bin;
-miktex-taskbar-icon.exe;miktex/bin
+miktex-taskbar-icon.exe;miktex/bin;
-miktex-update.exe;miktex/bin
+miktex-update.exe;miktex/bin;
-miktex-update_admin.exe;miktex/bin
+miktex-update_admin.exe;miktex/bin;
-luahbtex.exe;miktex/bin
+luahbtex.exe;miktex/bin;
-miktex-lualatex.exe;miktex/bin
+miktex-lualatex.exe;miktex/bin;
-miktex-texlua.exe;miktex/bin
+miktex-texlua.exe;miktex/bin;
-miktex-texluac.exe;miktex/bin
+miktex-texluac.exe;miktex/bin;
-luatex.exe;miktex/bin
+luatex.exe;miktex/bin;
-texlua.exe;miktex/bin
+texlua.exe;miktex/bin;
-texluac.exe;miktex/bin
+texluac.exe;miktex/bin;
-uptex.exe;miktex/bin
+uptex.exe;miktex/bin;
-latex-dev.exe;miktex/bin
+latex-dev.exe;miktex/bin;
-etex.exe;miktex/bin
+etex.exe;miktex/bin;
-amstex.exe;miktex/bin
+amstex.exe;miktex/bin;
-pdfcsplain.exe;miktex/bin
+pdfcsplain.exe;miktex/bin;
-dviluatex.exe;miktex/bin
+dviluatex.exe;miktex/bin;
-cslatex.exe;miktex/bin
+cslatex.exe;miktex/bin;
-csplain.exe;miktex/bin
+csplain.exe;miktex/bin;
-lualatex-dev.exe;miktex/bin
+lualatex-dev.exe;miktex/bin;
-pdfcslatex.exe;miktex/bin
+pdfcslatex.exe;miktex/bin;
-mltex.exe;miktex/bin
+mltex.exe;miktex/bin;
-bagpipe.exe;miktex/bin
+bagpipe.exe;miktex/bin;
-lualatex.exe;miktex/bin
+lualatex.exe;miktex/bin;
-bplain.exe;miktex/bin
+bplain.exe;miktex/bin;
-bagpipex.exe;miktex/bin
+bagpipex.exe;miktex/bin;
+dvilualatex-dev.exe;miktex/bin;
-dvilualatex.exe;miktex/bin
+dvilualatex.exe;miktex/bin;
-ptex.exe;miktex/bin
+ptex.exe;miktex/bin;
-jadetex.exe;miktex/bin
+jadetex.exe;miktex/bin;
-latex.exe;miktex/bin
+latex.exe;miktex/bin;
-luahblatex-dev.exe;miktex/bin
+luahblatex-dev.exe;miktex/bin;
-luahblatex.exe;miktex/bin
+luahblatex.exe;miktex/bin;
-utf8mex.exe;miktex/bin
+utf8mex.exe;miktex/bin;
-luahbtex.exe;miktex/bin
+luahbtex.exe;miktex/bin;
-luatex.exe;miktex/bin
+luatex.exe;miktex/bin;
-mf.exe;miktex/bin
+mf.exe;miktex/bin;
-xelatex-dev.exe;miktex/bin
+xelatex-dev.exe;miktex/bin;
-mllatex.exe;miktex/bin
+mllatex.exe;miktex/bin;
-eptex.exe;miktex/bin
+eptex.exe;miktex/bin;
-pdflatex-dev.exe;miktex/bin
+pdflatex-dev.exe;miktex/bin;
-pdfetex.exe;miktex/bin
+pdfetex.exe;miktex/bin;
-pdfjadetex.exe;miktex/bin
+pdfjadetex.exe;miktex/bin;
-dvilualollipop.exe;miktex/bin
+dvilualollipop.exe;miktex/bin;
-pdflatex.exe;miktex/bin
+pdflatex.exe;miktex/bin;
-pdftex.exe;miktex/bin
+pdftex.exe;miktex/bin;
-xelatex.exe;miktex/bin
+xelatex.exe;miktex/bin;
-euptex.exe;miktex/bin
+euptex.exe;miktex/bin;
-platex.exe;miktex/bin
+platex.exe;miktex/bin;
-platex-dev.exe;miktex/bin
+platex-dev.exe;miktex/bin;
-uplatex.exe;miktex/bin
+uplatex.exe;miktex/bin;
-uplatex-dev.exe;miktex/bin
+uplatex-dev.exe;miktex/bin;
-tex.exe;miktex/bin
+tex.exe;miktex/bin;
-xmltex.exe;miktex/bin
+xmltex.exe;miktex/bin;
-xetex.exe;miktex/bin
+xetex.exe;miktex/bin;
-pdfxmltex.exe;miktex/bin
+pdfxmltex.exe;miktex/bin;
-dvilollipop.exe;miktex/bin
+dvilollipop.exe;miktex/bin;
-lollipop.exe;miktex/bin
+lollipop.exe;miktex/bin;
-lualollipop.exe;miktex/bin
+lualollipop.exe;miktex/bin;
-optex.exe;miktex/bin
+optex.exe;miktex/bin;
-songidx.exe;miktex/bin
+songidx.exe;miktex/bin;
-a5toa4.exe;miktex/bin
+a5toa4.exe;miktex/bin;
-checkcites.exe;miktex/bin
+checkcites.exe;miktex/bin;
-l3build.exe;miktex/bin
+l3build.exe;miktex/bin;
-cluttex.exe;miktex/bin
+cluttex.exe;miktex/bin;
-ctanbib.exe;miktex/bin
+ctanbib.exe;miktex/bin;
-llmk.exe;miktex/bin
+llmk.exe;miktex/bin;
-mkluatexfontdb.exe;miktex/bin
+mkluatexfontdb.exe;miktex/bin;
-epspdf.exe;miktex/bin
+epspdf.exe;miktex/bin;
-getmapdl.exe;miktex/bin
+getmapdl.exe;miktex/bin;
-pfarrei.exe;miktex/bin
+pfarrei.exe;miktex/bin;
-luacolor.exe;miktex/bin
+luacolor.exe;miktex/bin;
-luafindfont.exe;miktex/bin
+luafindfont.exe;miktex/bin;
-luamesh.exe;miktex/bin
+luamesh.exe;miktex/bin;
-luaotfload-tool.exe;miktex/bin
+luaotfload-tool.exe;miktex/bin;
-lwarpmk.exe;miktex/bin
+lwarpmk.exe;miktex/bin;
-lyluatex.exe;miktex/bin
+lyluatex.exe;miktex/bin;
-m-tx.exe;miktex/bin
+m-tx.exe;miktex/bin;
-magicnum.exe;miktex/bin
+magicnum.exe;miktex/bin;
-make4ht.exe;miktex/bin
+make4ht.exe;miktex/bin;
-makeglossaries-lite.exe;miktex/bin
+makeglossaries-lite.exe;miktex/bin;
-mkcharacters.exe;miktex/bin
+mkcharacters.exe;miktex/bin;
-xindex.exe;miktex/bin
+xindex.exe;miktex/bin;
-mkglyphlist.exe;miktex/bin
+mkglyphlist.exe;miktex/bin;
-musixflx.exe;miktex/bin
+musixflx.exe;miktex/bin;
-musixtex.exe;miktex/bin
+musixtex.exe;miktex/bin;
-ptex2pdf.exe;miktex/bin
+ptex2pdf.exe;miktex/bin;
-tex4ebook.exe;miktex/bin
+tex4ebook.exe;miktex/bin;
-latexpand.exe;miktex/bin
+latexpand.exe;miktex/bin;
-authorindex.exe;miktex/bin
+authorindex.exe;miktex/bin;
-ctan-o-mat.exe;miktex/bin
+ctan-o-mat.exe;miktex/bin;
-arlatex.exe;miktex/bin
+arlatex.exe;miktex/bin;
-dosepsbin.exe;miktex/bin
+dosepsbin.exe;miktex/bin;
-abs2rel.exe;miktex/bin
+abs2rel.exe;miktex/bin;
-a2ping.exe;miktex/bin
+a2ping.exe;miktex/bin;
-birm.exe;miktex/bin
+birm.exe;miktex/bin;
-ot2kpx.exe;miktex/bin
+ot2kpx.exe;miktex/bin;
-bib2xhtml.exe;miktex/bin
+bib2xhtml.exe;miktex/bin;
-ctanify.exe;miktex/bin
+ctanify.exe;miktex/bin;
-afm2afm.exe;miktex/bin
+afm2afm.exe;miktex/bin;
-mfirstuc.exe;miktex/bin
+mfirstuc.exe;miktex/bin;
-autoinst.exe;miktex/bin
+autoinst.exe;miktex/bin;
-ltximg.exe;miktex/bin
+ltximg.exe;miktex/bin;
-chklref.exe;miktex/bin
+chklref.exe;miktex/bin;
-fullref.exe;miktex/bin
+fullref.exe;miktex/bin;
-bibdoiadd.exe;miktex/bin
+bibdoiadd.exe;miktex/bin;
-mf2pt1.exe;miktex/bin
+mf2pt1.exe;miktex/bin;
-bibhtml.exe;miktex/bin
+bibhtml.exe;miktex/bin;
-bundledoc.exe;miktex/bin
+bundledoc.exe;miktex/bin;
-bibzbladd.exe;miktex/bin
+bibzbladd.exe;miktex/bin;
-cjk-gs-integrate.exe;miktex/bin
+cjk-gs-integrate.exe;miktex/bin;
-creatdtx.exe;miktex/bin
+creatdtx.exe;miktex/bin;
-ibyhyph.exe;miktex/bin
+ibyhyph.exe;miktex/bin;
-csvtools.exe;miktex/bin
+csvtools.exe;miktex/bin;
-ctanupload.exe;miktex/bin
+ctanupload.exe;miktex/bin;
-htmove.exe;miktex/bin
+htmove.exe;miktex/bin;
-dad-to-utf8.exe;miktex/bin
+dad-to-utf8.exe;miktex/bin;
-dviinfox.exe;miktex/bin
+dviinfox.exe;miktex/bin;
-extractres.exe;miktex/bin
+extractres.exe;miktex/bin;
-etexdef.exe;miktex/bin
+etexdef.exe;miktex/bin;
-mptopdf.exe;miktex/bin
+mptopdf.exe;miktex/bin;
-exceltex.exe;miktex/bin
+exceltex.exe;miktex/bin;
-feynmf.exe;miktex/bin
+feynmf.exe;miktex/bin;
-fig4latex.exe;miktex/bin
+fig4latex.exe;miktex/bin;
-texdiff.exe;miktex/bin
+texdiff.exe;miktex/bin;
-komkindex.exe;miktex/bin
+komkindex.exe;miktex/bin;
-findhyph.exe;miktex/bin
+findhyph.exe;miktex/bin;
-htcopy.exe;miktex/bin
+htcopy.exe;miktex/bin;
-isi2bibtex.exe;miktex/bin
+isi2bibtex.exe;miktex/bin;
-mkjobtexmf.exe;miktex/bin
+mkjobtexmf.exe;miktex/bin;
-jamo-normalize.exe;miktex/bin
+jamo-normalize.exe;miktex/bin;
-latexdiff.exe;miktex/bin
+latexdiff.exe;miktex/bin;
-jfmutil.exe;miktex/bin
+jfmutil.exe;miktex/bin;
-OOopict.exe;miktex/bin
+OOopict.exe;miktex/bin;
-ketcindy.exe;miktex/bin
+ketcindy.exe;miktex/bin;
-texdirflatten.exe;miktex/bin
+texdirflatten.exe;miktex/bin;
-makejmlrbook.exe;miktex/bin
+makejmlrbook.exe;miktex/bin;
-latex-git-log.exe;miktex/bin
+latex-git-log.exe;miktex/bin;
-luatexdef.exe;miktex/bin
+luatexdef.exe;miktex/bin;
-latex2man.exe;miktex/bin
+latex2man.exe;miktex/bin;
-latexdef.exe;miktex/bin
+latexdef.exe;miktex/bin;
-latexindent.exe;miktex/bin
+latexindent.exe;miktex/bin;
-latexdiff-fast.exe;miktex/bin
+latexdiff-fast.exe;miktex/bin;
-latexdiff-so.exe;miktex/bin
+latexdiff-so.exe;miktex/bin;
-latexdiff-vc.exe;miktex/bin
+latexdiff-vc.exe;miktex/bin;
-mk4ht.exe;miktex/bin
+mk4ht.exe;miktex/bin;
-latexmk.exe;miktex/bin
+latexmk.exe;miktex/bin;
-latexrevise.exe;miktex/bin
+latexrevise.exe;miktex/bin;
-mathspic113.exe;miktex/bin
+mathspic113.exe;miktex/bin;
-makeglossaries.exe;miktex/bin
+makeglossaries.exe;miktex/bin;
-ltx2crossrefxml.exe;miktex/bin
+ltx2crossrefxml.exe;miktex/bin;
-lualatexdef.exe;miktex/bin
+lualatexdef.exe;miktex/bin;
-texloganalyser.exe;miktex/bin
+texloganalyser.exe;miktex/bin;
-makedtx.exe;miktex/bin
+makedtx.exe;miktex/bin;
-mathspic.exe;miktex/bin
+mathspic.exe;miktex/bin;
-mkt1font.exe;miktex/bin
+mkt1font.exe;miktex/bin;
-orderrefs.exe;miktex/bin
+orderrefs.exe;miktex/bin;
-pdfatfi.exe;miktex/bin
+pdfatfi.exe;miktex/bin;
-pdfcrop.exe;miktex/bin
+pdfcrop.exe;miktex/bin;
-pkfix-helper.exe;miktex/bin
+pkfix-helper.exe;miktex/bin;
-pdflatexdef.exe;miktex/bin
+pdflatexdef.exe;miktex/bin;
-pdflatexpicscale.exe;miktex/bin
+pdflatexpicscale.exe;miktex/bin;
-pdftexdef.exe;miktex/bin
+pdftexdef.exe;miktex/bin;
-pedigree.exe;miktex/bin
+pedigree.exe;miktex/bin;
-perltex.exe;miktex/bin
+perltex.exe;miktex/bin;
-pkfix.exe;miktex/bin
+pkfix.exe;miktex/bin;
-pn2pdf.exe;miktex/bin
+pn2pdf.exe;miktex/bin;
-psjoin.exe;miktex/bin
+psjoin.exe;miktex/bin;
-pst2pdf.exe;miktex/bin
+pst2pdf.exe;miktex/bin;
-rcsinfo.exe;miktex/bin
+rcsinfo.exe;miktex/bin;
-rubikrotation.exe;miktex/bin
+rubikrotation.exe;miktex/bin;
-splitindex.exe;miktex/bin
+splitindex.exe;miktex/bin;
-srcredact.exe;miktex/bin
+srcredact.exe;miktex/bin;
-sty2dtx.exe;miktex/bin
+sty2dtx.exe;miktex/bin;
-svn-multi.exe;miktex/bin
+svn-multi.exe;miktex/bin;
-texcount.exe;miktex/bin
+texcount.exe;miktex/bin;
-texdef.exe;miktex/bin
+texdef.exe;miktex/bin;
-thumbpdf.exe;miktex/bin
+thumbpdf.exe;miktex/bin;
-texfot.exe;miktex/bin
+texfot.exe;miktex/bin;
-texindy.exe;miktex/bin
+texindy.exe;miktex/bin;
-ttf2kotexfont.exe;miktex/bin
+ttf2kotexfont.exe;miktex/bin;
-txt2qq.exe;miktex/bin
+txt2qq.exe;miktex/bin;
-urlbst.exe;miktex/bin
+urlbst.exe;miktex/bin;
-utf8-to-dad.exe;miktex/bin
+utf8-to-dad.exe;miktex/bin;
-vpe.exe;miktex/bin
+vpe.exe;miktex/bin;
-vpl2ovp.exe;miktex/bin
+vpl2ovp.exe;miktex/bin;
-vpl2vpl.exe;miktex/bin
+vpl2vpl.exe;miktex/bin;
-xdv2pdf_mergemarks.exe;miktex/bin
+xdv2pdf_mergemarks.exe;miktex/bin;
-xelatexdef.exe;miktex/bin
+xelatexdef.exe;miktex/bin;
-xetexdef.exe;miktex/bin
+xetexdef.exe;miktex/bin;
-xindy.exe;miktex/bin
+xindy.exe;miktex/bin;
-biokey2html.exe;miktex/bin
+biokey2html.exe;miktex/bin;
-dumphint.exe;miktex/bin
+dumphint.exe;miktex/bin;
-ps2pdf14.exe;miktex/bin
+ps2pdf14.exe;miktex/bin;
-gsnd.exe;miktex/bin
+gsnd.exe;miktex/bin;
-eps2eps.exe;miktex/bin
+eps2eps.exe;miktex/bin;
-ps2ps2.exe;miktex/bin
+ps2ps2.exe;miktex/bin;
-gsbj.exe;miktex/bin
+gsbj.exe;miktex/bin;
-gssetgs.exe;miktex/bin
+gssetgs.exe;miktex/bin;
-font2c.exe;miktex/bin
+font2c.exe;miktex/bin;
-gslj.exe;miktex/bin
+gslj.exe;miktex/bin;
-gsdj.exe;miktex/bin
+gsdj.exe;miktex/bin;
-gsdj500.exe;miktex/bin
+gsdj500.exe;miktex/bin;
-gslp.exe;miktex/bin
+gslp.exe;miktex/bin;
-gsndt.exe;miktex/bin
+gsndt.exe;miktex/bin;
-lpr2.exe;miktex/bin
+lpr2.exe;miktex/bin;
-gst.exe;miktex/bin
+gst.exe;miktex/bin;
-ps2ps.exe;miktex/bin
+ps2ps.exe;miktex/bin;
-gstt.exe;miktex/bin
+gstt.exe;miktex/bin;
-httexi.exe;miktex/bin
+httexi.exe;miktex/bin;
-ht.exe;miktex/bin
+ht.exe;miktex/bin;
-ps2pdf.exe;miktex/bin
+ps2pdf.exe;miktex/bin;
-lp386r2.exe;miktex/bin
+lp386r2.exe;miktex/bin;
-htcontext.exe;miktex/bin
+htcontext.exe;miktex/bin;
-wmakebat.exe;miktex/bin
+wmakebat.exe;miktex/bin;
-pf2afm.exe;miktex/bin
+pf2afm.exe;miktex/bin;
-htlatex.exe;miktex/bin
+htlatex.exe;miktex/bin;
-pdf2dsc.exe;miktex/bin
+pdf2dsc.exe;miktex/bin;
-htmex.exe;miktex/bin
+htmex.exe;miktex/bin;
-httex.exe;miktex/bin
+httex.exe;miktex/bin;
-htxelatex.exe;miktex/bin
+htxelatex.exe;miktex/bin;
-htxetex.exe;miktex/bin
+htxetex.exe;miktex/bin;
-lp386.exe;miktex/bin
+lp386.exe;miktex/bin;
-lpgs.exe;miktex/bin
+lpgs.exe;miktex/bin;
-pdf2ps.exe;miktex/bin
+pdf2ps.exe;miktex/bin;
-pdfopt.exe;miktex/bin
+pdfopt.exe;miktex/bin;
-ps2epsi.exe;miktex/bin
+ps2epsi.exe;miktex/bin;
-pfbtopfa.exe;miktex/bin
+pfbtopfa.exe;miktex/bin;
-pftogsf.exe;miktex/bin
+pftogsf.exe;miktex/bin;
-ps2ascii.exe;miktex/bin
+ps2ascii.exe;miktex/bin;
-ps2pdf12.exe;miktex/bin
+ps2pdf12.exe;miktex/bin;
-ps2pdfxx.exe;miktex/bin
+ps2pdfxx.exe;miktex/bin;
-ps2pdf13.exe;miktex/bin
+ps2pdf13.exe;miktex/bin;
-ps4pdf.exe;miktex/bin
+ps4pdf.exe;miktex/bin;
-merge-tex.exe;miktex/bin
+merge-tex.exe;miktex/bin;
-gfi-run.exe;miktex/bin
+gfi-run.exe;miktex/bin;
-de-macro.exe;miktex/bin
+de-macro.exe;miktex/bin;
-latex-papersize.exe;miktex/bin
+latex-papersize.exe;miktex/bin;
-depythontex.exe;miktex/bin
+depythontex.exe;miktex/bin;
-dviasm.exe;miktex/bin
+dviasm.exe;miktex/bin;
-pypostproc.exe;miktex/bin
+pypostproc.exe;miktex/bin;
-mgetmref.exe;miktex/bin
+mgetmref.exe;miktex/bin;
-optexcount.exe;miktex/bin
+optexcount.exe;miktex/bin;
-pdfbook2.exe;miktex/bin
+pdfbook2.exe;miktex/bin;
-pgfplots.exe;miktex/bin
+pgfplots.exe;miktex/bin;
-pygmentex.exe;miktex/bin
+pygmentex.exe;miktex/bin;
-pypreproc.exe;miktex/bin
+pypreproc.exe;miktex/bin;
-pythontex.exe;miktex/bin
+pythontex.exe;miktex/bin;
-spix.exe;miktex/bin
+spix.exe;miktex/bin;
-webquiz.exe;miktex/bin
+webquiz.exe;miktex/bin;
-biber.exe;miktex/bin
+biber.exe;miktex/bin;
-latex2nemeth.exe;miktex/bin
+latex2nemeth.exe;miktex/bin;
-bib2gls.exe;miktex/bin
+bib2gls.exe;miktex/bin;
-arara.exe;miktex/bin
+arara.exe;miktex/bin;
-bmeditor.exe;miktex/bin
+bmeditor.exe;miktex/bin;
-convertgls2bib.exe;miktex/bin
+convertgls2bib.exe;miktex/bin;
-texosquery.exe;miktex/bin
+texosquery.exe;miktex/bin;
-texosquery-jre5.exe;miktex/bin
+texosquery-jre5.exe;miktex/bin;
-texosquery-jre8.exe;miktex/bin
+texosquery-jre8.exe;miktex/bin;
-texplate.exe;miktex/bin
+texplate.exe;miktex/bin;
+latexmk.pl;scripts/latexmk;
+latexmk.tpm;tpm/packages;
+chktexrc;chktex;
+chktex.tpm;tpm/packages;
+xstring.tpm;tpm/packages;
+xstring.tex;tex/generic/xstring;
+xstring.sty;tex/latex/xstring;
+README;doc/latex/babel-german;
+germanb.pdf;doc/latex/babel-german;
+naustrian.ldf;tex/latex/babel-german;
+ngermanb.pdf;doc/latex/babel-german;
+german.ldf;tex/latex/babel-german;
+babel-german-src.tar.xz;source;
+austrian.ldf;tex/latex/babel-german;
+germanb.ldf;tex/latex/babel-german;
+ngerman.ldf;tex/latex/babel-german;
+ngermanb.ldf;tex/latex/babel-german;
+nswissgerman.ldf;tex/latex/babel-german;
+swissgerman.ldf;tex/latex/babel-german;
+babel-german.tpm;tpm/packages;
+DIN.lco;tex/latex/koma-script;
+scrlayer.sty;tex/latex/koma-script;
+DIN5008A.lco;tex/latex/koma-script;
+scrlfile-hook.sty;tex/latex/koma-script;
+NipponLL.lco;tex/latex/koma-script;
+NF.lco;tex/latex/koma-script;
+DIN5008B.lco;tex/latex/koma-script;
+DINmtext.lco;tex/latex/koma-script;
+scrsize12pt.clo;tex/latex/koma-script;
+scrletter.sty;tex/latex/koma-script;
+scrjura.sty;tex/latex/koma-script;
+float.hak;tex/latex/koma-script;
+KakuLL.lco;tex/latex/koma-script;
+floatrow.hak;tex/latex/koma-script;
+hyperref.hak;tex/latex/koma-script;
+KOMAold.lco;tex/latex/koma-script;
+standardsections.hak;tex/latex/koma-script;
+scrlfile-hook-3.34.sty;tex/latex/koma-script;
+listings.hak;tex/latex/koma-script;
+lscape.hak;tex/latex/koma-script;
+scrfontsizes.sty;tex/latex/koma-script;
+NipponEH.lco;tex/latex/koma-script;
+NipponEL.lco;tex/latex/koma-script;
+NipponLH.lco;tex/latex/koma-script;
+NipponRL.lco;tex/latex/koma-script;
+nomencl.hak;tex/latex/koma-script;
+scraddr.sty;tex/latex/koma-script;
+scrsize10pt.clo;tex/latex/koma-script;
+scrdoc.cls;tex/latex/koma-script;
+scrartcl.cls;tex/latex/koma-script;
+scrarticle.cls;tex/latex/koma-script;
+scrbase.sty;tex/latex/koma-script;
+scrbook.cls;tex/latex/koma-script;
+scrextend.sty;tex/latex/koma-script;
+scrdate.sty;tex/latex/koma-script;
+scrwfile.sty;tex/latex/koma-script;
+scrhack.sty;tex/latex/koma-script;
+scrletter.cls;tex/latex/koma-script;
+scrkbase.sty;tex/latex/koma-script;
+tocbasic.sty;tex/latex/koma-script;
+scrlayer-notecolumn.sty;tex/latex/koma-script;
+scrtime.sty;tex/latex/koma-script;
+scrlayer-scrpage.sty;tex/latex/koma-script;
+scrlfile-patcholdlatex.sty;tex/latex/koma-script;
+scrlfile.sty;tex/latex/koma-script;
+koma-script.tpm;tpm/packages;
+scrlogo.sty;tex/latex/koma-script;
+scrlttr2.cls;tex/latex/koma-script;
+scrreport.cls;tex/latex/koma-script;
+scrreprt.cls;tex/latex/koma-script;
+scrsize11pt.clo;tex/latex/koma-script;
+setspace.hak;tex/latex/koma-script;
+typearea.sty;tex/latex/koma-script;
+SN.lco;tex/latex/koma-script;
+SNleft.lco;tex/latex/koma-script;
+UScommercial9.lco;tex/latex/koma-script;
+UScommercial9DW.lco;tex/latex/koma-script;
+visualize.lco;tex/latex/koma-script;
+README;doc/latex/xpatch;
+xpatch.pdf;doc/latex/xpatch;
+xpatch-src.tar.xz;source;
+xpatch.sty;tex/latex/xpatch;
+xpatch.tpm;tpm/packages;
+changes.txt;doc/latex/geometry;
+geometry-de.pdf;doc/latex/geometry;
+geometry.pdf;doc/latex/geometry;
+README.md;doc/latex/geometry;
+geometry-src.tar.xz;source;
+geometry.cfg;tex/latex/geometry;
+geometry.sty;tex/latex/geometry;
+geometry.tpm;tpm/packages;
+README;doc/latex/setspace;
+setspace-src.tar.bz2;source;
+setspace.sty;tex/latex/setspace;
+setspace.tpm;tpm/packages;
+float.pdf;doc/latex/float;
+README;doc/latex/float;
+float-src.tar.xz;source;
+float.sty;tex/latex/float;
+float.tpm;tpm/packages;
+caption2.sty;tex/latex/caption;
+bicaption.pdf;doc/latex/caption;
+caption-deu.pdf;doc/latex/caption;
+caption-eng.pdf;doc/latex/caption;
+caption-light.pdf;doc/latex/caption;
+caption-rus.pdf;doc/latex/caption;
+CHANGELOG;doc/latex/caption;
+ltcaption.pdf;doc/latex/caption;
+README;doc/latex/caption;
+subcaption.pdf;doc/latex/caption;
+SUMMARY;doc/latex/caption;
+caption-src.tar.xz;source;
+bicaption.sty;tex/latex/caption;
+caption-beamer.sto;tex/latex/caption;
+caption-ams-smf.sto;tex/latex/caption;
+caption-koma.sto;tex/latex/caption;
+caption-elsarticle.sto;tex/latex/caption;
+caption-light.sty;tex/latex/caption;
+caption-memoir.sto;tex/latex/caption;
+caption-ntg.sto;tex/latex/caption;
+caption-thesis.sto;tex/latex/caption;
+caption.sty;tex/latex/caption;
+caption3.sty;tex/latex/caption;
+ltcaption.sty;tex/latex/caption;
+subcaption.sty;tex/latex/caption;
+caption.tpm;tpm/packages;
+multiple-span.txt;doc/latex/wrapfig;
+wrapfig-doc.pdf;doc/latex/wrapfig;
+wrapfig-src.tar.bz2;source;
+wrapfig.sty;tex/latex/wrapfig;
+wrapfig.tpm;tpm/packages;
+3Dplot.tikz;doc/latex/tikzscale;
+alt.tikz;doc/latex/tikzscale;
+histogramNormal.tikz;doc/latex/tikzscale;
+invisible.tikz;doc/latex/tikzscale;
+visible.tikz;doc/latex/tikzscale;
+linewidth.tikz;doc/latex/tikzscale;
+README;doc/latex/tikzscale;
+onslide.tikz;doc/latex/tikzscale;
+only.tikz;doc/latex/tikzscale;
+test-tikzscale.tex;doc/latex/tikzscale;
+pause.tikz;doc/latex/tikzscale;
+pgfplots-test.tikz;doc/latex/tikzscale;
+pgfplots.randn.dat;doc/latex/tikzscale;
+temporal.tikz;doc/latex/tikzscale;
+test-tikzscale.pdf;doc/latex/tikzscale;
+testgraphic2D.tikz;doc/latex/tikzscale;
+tikzscale.tpm;tpm/packages;
+testNode.tikz;doc/latex/tikzscale;
+testRectangle.tikz;doc/latex/tikzscale;
+tikzscale-beamer.tex;doc/latex/tikzscale;
+tikzscale.pdf;doc/latex/tikzscale;
+uncover.tikz;doc/latex/tikzscale;
+tikzscale-src.tar.bz2;source;
+tikzscale.sty;tex/latex/tikzscale;
+letltxmacro-showcases.tex;doc/latex/letltxmacro;
+letltxmacro.pdf;doc/latex/letltxmacro;
+README.md;doc/latex/letltxmacro;
+letltxmacro-src.tar.xz;source;
+letltxmacro.sty;tex/latex/letltxmacro;
+letltxmacro.tpm;tpm/packages;
+acronym.pdf;doc/latex/acronym;
+CHANGES;doc/latex/acronym;
+README;doc/latex/acronym;
+acronym-src.tar.xz;source;
+acronym.sty;tex/latex/acronym;
+acronym.tpm;tpm/packages;
+bigfoot.pdf;doc/latex/bigfoot;
+COPYING;doc/latex/bigfoot;
+perpage.pdf;doc/latex/bigfoot;
+README;doc/latex/bigfoot;
+suffix.pdf;doc/latex/bigfoot;
+bigfoot-src.tar.bz2;source;
+bigfoot.sty;tex/latex/bigfoot;
+perpage.sty;tex/latex/bigfoot;
+suffix.sty;tex/latex/bigfoot;
+bigfoot.tpm;tpm/packages;
+booktabs.pdf;doc/latex/booktabs;
+README;doc/latex/booktabs;
+booktabs-src.tar.xz;source;
+booktabs.sty;tex/latex/booktabs;
+booktabs.tpm;tpm/packages;
+changes.txt;doc/latex/psnfss;
+omsbch.fd;tex/latex/psnfss;
+ts1ppl.fd;tex/latex/psnfss;
+omlppl.fd;tex/latex/psnfss;
+manifest.txt;doc/latex/psnfss;
+mathtest.tex;doc/latex/psnfss;
+pitest.tex;doc/latex/psnfss;
+ts1pbk.fd;tex/latex/psnfss;
+psnfss2e.pdf;doc/latex/psnfss;
+omlpbk.fd;tex/latex/psnfss;
+README;doc/latex/psnfss;
+t1ptm.fd;tex/latex/psnfss;
+test0.tex;doc/latex/psnfss;
+test1.tex;doc/latex/psnfss;
+avant.sty;tex/latex/psnfss;
+test2.tex;doc/latex/psnfss;
+omsphv.fd;tex/latex/psnfss;
+ts1pcr.fd;tex/latex/psnfss;
+omlpcr.fd;tex/latex/psnfss;
+test3.tex;doc/latex/psnfss;
+omspag.fd;tex/latex/psnfss;
+8rbch.fd;tex/latex/psnfss;
+charter.map;fonts/map/dvips/psnfss;
+fpls.map;fonts/map/dvips/psnfss;
+pazo.map;fonts/map/dvips/psnfss;
+omsppl.fd;tex/latex/psnfss;
+psnfss.map;fonts/map/dvips/psnfss;
+utopia.map;fonts/map/dvips/psnfss;
+8r.enc;source/psnfss;
+omlptmcm.fd;tex/latex/psnfss;
+8rput.fd;tex/latex/psnfss;
+t1pcr.fd;tex/latex/psnfss;
+omspnc.fd;tex/latex/psnfss;
+psfonts.dtx;source/psnfss;
+utopia.sty;tex/latex/psnfss;
+psfonts.ins;source/psnfss;
+omspbk.fd;tex/latex/psnfss;
+psnfss2e.tex;source/psnfss;
+ufplm.fd;tex/latex/psnfss;
+8rpag.fd;tex/latex/psnfss;
+ts1put.fd;tex/latex/psnfss;
+omlput.fd;tex/latex/psnfss;
+8rpbk.fd;tex/latex/psnfss;
+ts1ptm.fd;tex/latex/psnfss;
+8rpcr.fd;tex/latex/psnfss;
+omlptm.fd;tex/latex/psnfss;
+ts1pnc.fd;tex/latex/psnfss;
+omlpnc.fd;tex/latex/psnfss;
+8rphv.fd;tex/latex/psnfss;
+omlzpple.fd;tex/latex/psnfss;
+charter.sty;tex/latex/psnfss;
+8rpnc.fd;tex/latex/psnfss;
+mathpazo.sty;tex/latex/psnfss;
+8rppl.fd;tex/latex/psnfss;
+ts1bch.fd;tex/latex/psnfss;
+omlbch.fd;tex/latex/psnfss;
+t1pplj.fd;tex/latex/psnfss;
+bookman.sty;tex/latex/psnfss;
+8rptm.fd;tex/latex/psnfss;
+8rpzc.fd;tex/latex/psnfss;
+mathptm.sty;tex/latex/psnfss;
+chancery.sty;tex/latex/psnfss;
+mathptmx.sty;tex/latex/psnfss;
+courier.sty;tex/latex/psnfss;
+helvet.sty;tex/latex/psnfss;
+mathpple.sty;tex/latex/psnfss;
+newcent.sty;tex/latex/psnfss;
+ts1pag.fd;tex/latex/psnfss;
+omlpag.fd;tex/latex/psnfss;
+ts1phv.fd;tex/latex/psnfss;
+omlphv.fd;tex/latex/psnfss;
+ts1pzc.fd;tex/latex/psnfss;
+omlpzc.fd;tex/latex/psnfss;
+omlzplm.fd;tex/latex/psnfss;
+omlztmcm.fd;tex/latex/psnfss;
+omspcr.fd;tex/latex/psnfss;
+omspzc.fd;tex/latex/psnfss;
+omsptm.fd;tex/latex/psnfss;
+omsput.fd;tex/latex/psnfss;
+omspzccm.fd;tex/latex/psnfss;
+omszplm.fd;tex/latex/psnfss;
+ts1pplj.fd;tex/latex/psnfss;
+omszpple.fd;tex/latex/psnfss;
+omsztmcm.fd;tex/latex/psnfss;
+omxpsycm.fd;tex/latex/psnfss;
+omxzplm.fd;tex/latex/psnfss;
+omxzpple.fd;tex/latex/psnfss;
+omxztmcm.fd;tex/latex/psnfss;
+ot1bch.fd;tex/latex/psnfss;
+ot1pag.fd;tex/latex/psnfss;
+ot1pbk.fd;tex/latex/psnfss;
+ot1pcr.fd;tex/latex/psnfss;
+ot1phv.fd;tex/latex/psnfss;
+ot1pnc.fd;tex/latex/psnfss;
+ot1ppl.fd;tex/latex/psnfss;
+ot1pplj.fd;tex/latex/psnfss;
+ot1pplx.fd;tex/latex/psnfss;
+ot1ptm.fd;tex/latex/psnfss;
+ot1ptmcm.fd;tex/latex/psnfss;
+ot1put.fd;tex/latex/psnfss;
+ot1pzc.fd;tex/latex/psnfss;
+ot1zplm.fd;tex/latex/psnfss;
+ot1zpple.fd;tex/latex/psnfss;
+ot1ztmcm.fd;tex/latex/psnfss;
+palatino.sty;tex/latex/psnfss;
+pifont.sty;tex/latex/psnfss;
+t1bch.fd;tex/latex/psnfss;
+t1pag.fd;tex/latex/psnfss;
+t1pbk.fd;tex/latex/psnfss;
+t1phv.fd;tex/latex/psnfss;
+t1pnc.fd;tex/latex/psnfss;
+t1ppl.fd;tex/latex/psnfss;
+t1pplx.fd;tex/latex/psnfss;
+t1put.fd;tex/latex/psnfss;
+t1pzc.fd;tex/latex/psnfss;
+times.sty;tex/latex/psnfss;
+ts1pplx.fd;tex/latex/psnfss;
+ufplmbb.fd;tex/latex/psnfss;
+upsy.fd;tex/latex/psnfss;
+upzd.fd;tex/latex/psnfss;
+psnfss.tpm;tpm/packages;
+infwarerr.pdf;doc/latex/infwarerr;
+README.md;doc/latex/infwarerr;
+infwarerr-src.tar.xz;source;
+infwarerr.sty;tex/generic/infwarerr;
+infwarerr.tpm;tpm/packages;
+grfext.pdf;doc/latex/grfext;
+README.md;doc/latex/grfext;
+grfext-src.tar.xz;source;
+grfext.sty;tex/latex/grfext;
+grfext.tpm;tpm/packages;
+kvdefinekeys.pdf;doc/latex/kvdefinekeys;
+README.md;doc/latex/kvdefinekeys;
+kvdefinekeys-src.tar.xz;source;
+kvdefinekeys.sty;tex/generic/kvdefinekeys;
+kvdefinekeys.tpm;tpm/packages;
+example-mycolorsetup.sty;doc/latex/kvoptions;
+kvoptions.pdf;doc/latex/kvoptions;
+README.md;doc/latex/kvoptions;
+kvoptions-src.tar.xz;source;
+kvoptions-patch.sty;tex/latex/kvoptions;
+kvoptions.sty;tex/latex/kvoptions;
+kvoptions.tpm;tpm/packages;
+ltxcmds.pdf;doc/generic/ltxcmds;
+README.md;doc/generic/ltxcmds;
+ltxcmds-src.tar.xz;source;
+ltxcmds.sty;tex/generic/ltxcmds;
+ltxcmds.tpm;tpm/packages;
+kvsetkeys-example.tex;doc/latex/kvsetkeys;
+kvsetkeys.pdf;doc/latex/kvsetkeys;
+README.md;doc/latex/kvsetkeys;
+kvsetkeys-src.tar.xz;source;
+kvsetkeys.sty;tex/generic/kvsetkeys;
+kvsetkeys.tpm;tpm/packages;
+background.tpm;tpm/packages;
+background.pdf;doc/latex/background;
+README;doc/latex/background;
+background-src.tar.bz2;source;
+background.sty;tex/latex/background;
+everypage.pdf;doc/latex/everypage;
+README.md;doc/latex/everypage;
+everypage-src.tar.xz;source;
+everypage-1x.sty;tex/latex/everypage;
+everypage.sty;tex/latex/everypage;
+everypage.tpm;tpm/packages;
+README.md;doc/latex/xltabular;
+Changes;doc/latex/xltabular;
+xltabular.sty;tex/latex/xltabular;
+xltabular-doc.pdf;doc/latex/xltabular;
+xltabular-src.tar.xz;source;
+xltabular.tpm;tpm/packages;
+ltablex.pdf;doc/latex/ltablex;
+README;doc/latex/ltablex;
+ltablex-src.tar.bz2;source;
+ltablex.sty;tex/latex/ltablex;
+ltablex.tpm;tpm/packages;
