2021-12-08 20:53:43,149+0100 INFO  chktex - this process (12656) started by 'cmd' with command line: chktex -q -v1 tk_Dispense.tex
2021-12-08 20:54:00,209+0100 INFO  chktex - installing package chktex triggered by chktex\chktexrc
2021-12-08 20:54:00,216+0100 INFO  chktex.packagemanager - going to download https://api2.miktex.org/hello
2021-12-08 20:54:00,401+0100 INFO  chktex.packagemanager - going to download https://api2.miktex.org/repositories?&releaseState=Stable&orderBy=ranking&take=1&onlySecure=true
2021-12-08 20:54:00,427+0100 INFO  chktex - mpm: starting package maintenance...
2021-12-08 20:54:00,428+0100 INFO  chktex - mpm: installation directory: C:\_Vim\.vim\MiKTeX\texmfs\install
2021-12-08 20:54:00,428+0100 INFO  chktex - mpm: package repository: https://ctan.kako-dev.de/systems/win32/miktex/tm/packages/
2021-12-08 20:54:00,866+0100 INFO  chktex - mpm: package repository digest: b5e6ecd758b9b83e358b12ed0b62fe05
2021-12-08 20:54:00,867+0100 INFO  chktex - mpm: going to download 9165 bytes
2021-12-08 20:54:00,867+0100 INFO  chktex - mpm: going to install 2 file(s) (1 package(s))
2021-12-08 20:54:01,855+0100 INFO  chktex.packagemanager - installing package chktex
2021-12-08 20:54:01,856+0100 INFO  chktex - mpm: downloading https://ctan.kako-dev.de/systems/win32/miktex/tm/packages/chktex.tar.lzma...
2021-12-08 20:54:01,860+0100 INFO  chktex.packagemanager - going to download https://ctan.kako-dev.de/systems/win32/miktex/tm/packages/chktex.tar.lzma
2021-12-08 20:54:02,052+0100 INFO  chktex - mpm: 0.01 MB, 0.38 Mbit/s
2021-12-08 20:54:02,082+0100 INFO  chktex - mpm: extracting files from chktex.tar.lzma...
2021-12-08 20:54:02,994+0100 INFO  chktex.core - start process: initexmf --mkmaps
2021-12-08 20:54:05,271+0100 INFO  chktex - this process (12656) finishes with exit code 2
2021-12-08 20:54:19,393+0100 INFO  chktex - this process (6048) started by 'cmd' with command line: chktex -q -v1 tk_Dispense.tex
2021-12-08 20:54:19,401+0100 INFO  chktex - this process (6048) finishes with exit code 2
2021-12-08 21:00:56,978+0100 INFO  chktex - this process (15740) started by 'cmd' with command line: chktex -q -v1 tk_Dispense.tex
2021-12-08 21:00:56,985+0100 INFO  chktex - this process (15740) finishes with exit code 2
2021-12-08 21:01:54,665+0100 INFO  chktex - this process (20860) started by 'cmd' with command line: chktex -q -v1 tk_Dispense.tex
2021-12-08 21:01:54,673+0100 INFO  chktex - this process (20860) finishes with exit code 2
2021-12-08 21:02:38,786+0100 INFO  chktex - this process (132) started by 'cmd' with command line: chktex -q -v1 tk_Dispense.tex
2021-12-08 21:02:38,795+0100 INFO  chktex - this process (132) finishes with exit code 2
2021-12-08 21:03:49,095+0100 INFO  chktex - this process (18188) started by 'cmd' with command line: chktex -q -v1 tk_Dispense.tex
2021-12-08 21:03:49,103+0100 INFO  chktex - this process (18188) finishes with exit code 2
2021-12-08 21:05:06,682+0100 INFO  chktex - this process (5124) started by 'cmd' with command line: chktex -q -v1 sicar-programming-guide.tex
2021-12-08 21:05:06,696+0100 INFO  chktex - this process (5124) finishes with exit code 2
2021-12-08 21:47:14,006+0100 INFO  chktex - this process (17520) started by 'cmd' with command line: chktex -q -v1 sicar-programming-guide.tex
2021-12-08 21:47:14,045+0100 WARN  chktex - Sicherheitsrisiko: wird mit erweiterten Privilegien ausgeführt
2021-12-08 21:47:14,089+0100 INFO  chktex - this process (17520) finishes with exit code 2
2021-12-08 21:47:41,620+0100 INFO  chktex - this process (2692) started by 'cmd' with command line: chktex -q -v1 sicar-programming-guide.tex
2021-12-08 21:47:41,659+0100 WARN  chktex - Sicherheitsrisiko: wird mit erweiterten Privilegien ausgeführt
2021-12-08 21:47:41,687+0100 INFO  chktex - this process (2692) finishes with exit code 2
2021-12-08 21:47:49,419+0100 INFO  chktex - this process (5688) started by 'cmd' with command line: chktex -q -v1 sicar-programming-guide.tex
2021-12-08 21:47:49,443+0100 WARN  chktex - Sicherheitsrisiko: wird mit erweiterten Privilegien ausgeführt
2021-12-08 21:47:49,472+0100 INFO  chktex - this process (5688) finishes with exit code 2
2021-12-08 21:51:42,556+0100 INFO  chktex - this process (18836) started by 'cmd' with command line: chktex -q -v1 sicar-programming-guide.tex
2021-12-08 21:51:42,587+0100 WARN  chktex - Sicherheitsrisiko: wird mit erweiterten Privilegien ausgeführt
2021-12-08 21:51:42,636+0100 INFO  chktex - this process (18836) finishes with exit code 2
2021-12-08 21:54:03,132+0100 INFO  chktex - this process (12396) started by 'cmd' with command line: chktex -q -v1 sicar-programming-guide.tex
2021-12-08 21:54:03,158+0100 WARN  chktex - Sicherheitsrisiko: wird mit erweiterten Privilegien ausgeführt
2021-12-08 21:54:03,188+0100 INFO  chktex - this process (12396) finishes with exit code 2
2021-12-08 21:56:40,606+0100 INFO  chktex - this process (12276) started by 'cmd' with command line: chktex -q -v1 sicar-programming-guide.tex
2021-12-08 21:56:40,641+0100 WARN  chktex - Sicherheitsrisiko: wird mit erweiterten Privilegien ausgeführt
2021-12-08 21:56:40,692+0100 INFO  chktex - this process (12276) finishes with exit code 2
2021-12-08 22:16:00,459+0100 INFO  chktex - this process (12060) started by 'cmd' with command line: chktex -q -v1 sicar-programming-guide.tex
2021-12-08 22:16:00,483+0100 WARN  chktex - Sicherheitsrisiko: wird mit erweiterten Privilegien ausgeführt
2021-12-08 22:16:00,515+0100 INFO  chktex - this process (12060) finishes with exit code 2
