2021-12-08 21:08:14,355+0100 INFO  miktex-makepk - this process (21020) started by 'pdflatex' with command line: miktex-makepk --enable-installer --verbose ectt1095 600 600 magstep(0.0)
2021-12-08 21:08:14,358+0100 INFO  makepk - Trying to make PK font ectt1095 at 600 DPI...
2021-12-08 21:08:14,378+0100 INFO  makepk - The METFAONT mode is: ljfour
2021-12-08 21:08:14,392+0100 INFO  makepk - Creating ectt1095.pk...
2021-12-08 21:08:14,395+0100 INFO  makepk - Running miktex-mf.exe...
2021-12-08 21:08:14,396+0100 INFO  makepk - running: miktex-mf.exe --miktex-enable-installer --miktex-disable-maintenance --miktex-disable-diagnose --undump=mf \mode:=ljfour; \mag:=magstep(0.0); nonstopmode; "input ectt1095"
2021-12-08 21:08:14,396+0100 INFO  miktex-makepk.core - start process: miktex-mf.exe --miktex-enable-installer --miktex-disable-maintenance --miktex-disable-diagnose --undump=mf \mode:=ljfour; \mag:=magstep(0.0); nonstopmode; "input ectt1095"
2021-12-08 21:08:18,297+0100 INFO  makepk - Running miktex-gftopk.exe...
2021-12-08 21:08:18,297+0100 INFO  makepk - running: miktex-gftopk.exe --miktex-enable-installer --miktex-disable-maintenance --miktex-disable-diagnose ectt1095.600gf ectt1095.pk
2021-12-08 21:08:18,297+0100 INFO  miktex-makepk.core - start process: miktex-gftopk.exe --miktex-enable-installer --miktex-disable-maintenance --miktex-disable-diagnose ectt1095.600gf ectt1095.pk
2021-12-08 21:08:19,020+0100 INFO  makepk - Installing C:\_Vim\.vim\MiKTeX\texmfs/data\fonts/pk/ljfour/jknappen/ec/dpi600\ectt1095.pk...
2021-12-08 21:08:19,039+0100 INFO  miktex-makepk - this process (21020) finishes with exit code 0
2021-12-08 21:08:19,957+0100 INFO  miktex-makepk - this process (17764) started by 'pdflatex' with command line: miktex-makepk --enable-installer --verbose ecrm1200 600 600 magstep(0.0)
2021-12-08 21:08:19,963+0100 INFO  makepk - Trying to make PK font ecrm1200 at 600 DPI...
2021-12-08 21:08:19,970+0100 INFO  makepk - The METFAONT mode is: ljfour
2021-12-08 21:08:19,981+0100 INFO  makepk - Creating ecrm1200.pk...
2021-12-08 21:08:19,985+0100 INFO  makepk - Running miktex-mf.exe...
2021-12-08 21:08:19,985+0100 INFO  makepk - running: miktex-mf.exe --miktex-enable-installer --miktex-disable-maintenance --miktex-disable-diagnose --undump=mf \mode:=ljfour; \mag:=magstep(0.0); nonstopmode; "input ecrm1200"
2021-12-08 21:08:19,985+0100 INFO  miktex-makepk.core - start process: miktex-mf.exe --miktex-enable-installer --miktex-disable-maintenance --miktex-disable-diagnose --undump=mf \mode:=ljfour; \mag:=magstep(0.0); nonstopmode; "input ecrm1200"
2021-12-08 21:08:21,206+0100 INFO  makepk - Running miktex-gftopk.exe...
2021-12-08 21:08:21,206+0100 INFO  makepk - running: miktex-gftopk.exe --miktex-enable-installer --miktex-disable-maintenance --miktex-disable-diagnose ecrm1200.600gf ecrm1200.pk
2021-12-08 21:08:21,206+0100 INFO  miktex-makepk.core - start process: miktex-gftopk.exe --miktex-enable-installer --miktex-disable-maintenance --miktex-disable-diagnose ecrm1200.600gf ecrm1200.pk
2021-12-08 21:08:21,847+0100 INFO  makepk - Installing C:\_Vim\.vim\MiKTeX\texmfs/data\fonts/pk/ljfour/jknappen/ec/dpi600\ecrm1200.pk...
2021-12-08 21:08:21,871+0100 INFO  miktex-makepk - this process (17764) finishes with exit code 0
