2021-12-08 20:43:11,962+0100 INFO  miktex-fc-cache - this process (19652) started by 'mkfntmap' with command line: miktex-fc-cache --verbose --miktex-disable-maintenance --miktex-disable-diagnose
2021-12-08 20:43:19,700+0100 INFO  miktex-fc-cache - this process (19652) finishes with exit code 0
2021-12-08 20:44:58,243+0100 INFO  miktex-fc-cache - this process (20360) started by 'mkfntmap' with command line: miktex-fc-cache --miktex-disable-maintenance --miktex-disable-diagnose
2021-12-08 20:44:58,409+0100 INFO  miktex-fc-cache - this process (20360) finishes with exit code 0
2021-12-08 20:46:06,866+0100 INFO  miktex-fc-cache - this process (2312) started by 'mkfntmap' with command line: miktex-fc-cache --miktex-disable-maintenance --miktex-disable-diagnose
2021-12-08 20:46:07,039+0100 INFO  miktex-fc-cache - this process (2312) finishes with exit code 0
2021-12-08 20:46:33,671+0100 INFO  miktex-fc-cache - this process (15512) started by 'mkfntmap' with command line: miktex-fc-cache --verbose --miktex-disable-maintenance --miktex-disable-diagnose
2021-12-08 20:46:33,817+0100 INFO  miktex-fc-cache - this process (15512) finishes with exit code 0
2021-12-08 20:47:44,404+0100 INFO  miktex-fc-cache - this process (3404) started by 'mkfntmap' with command line: miktex-fc-cache --miktex-disable-maintenance --miktex-disable-diagnose
2021-12-08 20:47:44,533+0100 INFO  miktex-fc-cache - this process (3404) finishes with exit code 0
2021-12-08 20:48:28,924+0100 INFO  miktex-fc-cache - this process (18248) started by 'mkfntmap' with command line: miktex-fc-cache --miktex-disable-maintenance --miktex-disable-diagnose
2021-12-08 20:48:29,056+0100 INFO  miktex-fc-cache - this process (18248) finishes with exit code 0
2021-12-08 20:54:05,006+0100 INFO  miktex-fc-cache - this process (8360) started by 'mkfntmap' with command line: miktex-fc-cache --miktex-disable-maintenance --miktex-disable-diagnose
2021-12-08 20:54:05,141+0100 INFO  miktex-fc-cache - this process (8360) finishes with exit code 0
2021-12-08 21:05:25,466+0100 INFO  miktex-fc-cache - this process (20616) started by 'mkfntmap' with command line: miktex-fc-cache --miktex-disable-maintenance --miktex-disable-diagnose
2021-12-08 21:05:25,608+0100 INFO  miktex-fc-cache - this process (20616) finishes with exit code 0
2021-12-08 21:05:34,425+0100 INFO  miktex-fc-cache - this process (10100) started by 'mkfntmap' with command line: miktex-fc-cache --miktex-disable-maintenance --miktex-disable-diagnose
2021-12-08 21:05:34,549+0100 INFO  miktex-fc-cache - this process (10100) finishes with exit code 0
2021-12-08 21:05:41,649+0100 INFO  miktex-fc-cache - this process (15188) started by 'mkfntmap' with command line: miktex-fc-cache --miktex-disable-maintenance --miktex-disable-diagnose
2021-12-08 21:05:41,838+0100 INFO  miktex-fc-cache - this process (15188) finishes with exit code 0
2021-12-08 21:05:49,252+0100 INFO  miktex-fc-cache - this process (18492) started by 'mkfntmap' with command line: miktex-fc-cache --miktex-disable-maintenance --miktex-disable-diagnose
2021-12-08 21:05:49,384+0100 INFO  miktex-fc-cache - this process (18492) finishes with exit code 0
2021-12-08 21:05:57,972+0100 INFO  miktex-fc-cache - this process (18780) started by 'mkfntmap' with command line: miktex-fc-cache --miktex-disable-maintenance --miktex-disable-diagnose
2021-12-08 21:05:58,093+0100 INFO  miktex-fc-cache - this process (18780) finishes with exit code 0
2021-12-08 21:06:05,142+0100 INFO  miktex-fc-cache - this process (20744) started by 'mkfntmap' with command line: miktex-fc-cache --miktex-disable-maintenance --miktex-disable-diagnose
2021-12-08 21:06:05,325+0100 INFO  miktex-fc-cache - this process (20744) finishes with exit code 0
2021-12-08 21:06:12,340+0100 INFO  miktex-fc-cache - this process (6292) started by 'mkfntmap' with command line: miktex-fc-cache --miktex-disable-maintenance --miktex-disable-diagnose
2021-12-08 21:06:12,462+0100 INFO  miktex-fc-cache - this process (6292) finishes with exit code 0
2021-12-08 21:06:21,615+0100 INFO  miktex-fc-cache - this process (18004) started by 'mkfntmap' with command line: miktex-fc-cache --miktex-disable-maintenance --miktex-disable-diagnose
2021-12-08 21:06:21,742+0100 INFO  miktex-fc-cache - this process (18004) finishes with exit code 0
2021-12-08 21:06:29,308+0100 INFO  miktex-fc-cache - this process (12148) started by 'mkfntmap' with command line: miktex-fc-cache --miktex-disable-maintenance --miktex-disable-diagnose
2021-12-08 21:06:29,442+0100 INFO  miktex-fc-cache - this process (12148) finishes with exit code 0
2021-12-08 21:06:41,484+0100 INFO  miktex-fc-cache - this process (12108) started by 'mkfntmap' with command line: miktex-fc-cache --miktex-disable-maintenance --miktex-disable-diagnose
2021-12-08 21:06:41,627+0100 INFO  miktex-fc-cache - this process (12108) finishes with exit code 0
2021-12-08 21:06:49,413+0100 INFO  miktex-fc-cache - this process (8888) started by 'mkfntmap' with command line: miktex-fc-cache --miktex-disable-maintenance --miktex-disable-diagnose
2021-12-08 21:06:49,548+0100 INFO  miktex-fc-cache - this process (8888) finishes with exit code 0
2021-12-08 21:06:57,293+0100 INFO  miktex-fc-cache - this process (7308) started by 'mkfntmap' with command line: miktex-fc-cache --miktex-disable-maintenance --miktex-disable-diagnose
2021-12-08 21:06:57,477+0100 INFO  miktex-fc-cache - this process (7308) finishes with exit code 0
2021-12-08 21:07:05,394+0100 INFO  miktex-fc-cache - this process (2692) started by 'mkfntmap' with command line: miktex-fc-cache --miktex-disable-maintenance --miktex-disable-diagnose
2021-12-08 21:07:05,553+0100 INFO  miktex-fc-cache - this process (2692) finishes with exit code 0
2021-12-08 21:07:13,177+0100 INFO  miktex-fc-cache - this process (16468) started by 'mkfntmap' with command line: miktex-fc-cache --miktex-disable-maintenance --miktex-disable-diagnose
2021-12-08 21:07:13,302+0100 INFO  miktex-fc-cache - this process (16468) finishes with exit code 0
2021-12-08 21:07:21,658+0100 INFO  miktex-fc-cache - this process (18600) started by 'mkfntmap' with command line: miktex-fc-cache --miktex-disable-maintenance --miktex-disable-diagnose
2021-12-08 21:07:21,787+0100 INFO  miktex-fc-cache - this process (18600) finishes with exit code 0
2021-12-08 21:07:30,492+0100 INFO  miktex-fc-cache - this process (2316) started by 'mkfntmap' with command line: miktex-fc-cache --miktex-disable-maintenance --miktex-disable-diagnose
2021-12-08 21:07:30,625+0100 INFO  miktex-fc-cache - this process (2316) finishes with exit code 0
2021-12-08 21:07:42,109+0100 INFO  miktex-fc-cache - this process (16296) started by 'mkfntmap' with command line: miktex-fc-cache --miktex-disable-maintenance --miktex-disable-diagnose
2021-12-08 21:07:42,322+0100 INFO  miktex-fc-cache - this process (16296) finishes with exit code 0
2021-12-08 21:07:48,857+0100 INFO  miktex-fc-cache - this process (17292) started by 'mkfntmap' with command line: miktex-fc-cache --miktex-disable-maintenance --miktex-disable-diagnose
2021-12-08 21:07:49,034+0100 INFO  miktex-fc-cache - this process (17292) finishes with exit code 0
2021-12-08 21:08:01,578+0100 INFO  miktex-fc-cache - this process (17228) started by 'mkfntmap' with command line: miktex-fc-cache --miktex-disable-maintenance --miktex-disable-diagnose
2021-12-08 21:08:01,741+0100 INFO  miktex-fc-cache - this process (17228) finishes with exit code 0
2021-12-08 21:08:07,022+0100 INFO  miktex-fc-cache - this process (2092) started by 'mkfntmap' with command line: miktex-fc-cache --miktex-disable-maintenance --miktex-disable-diagnose
2021-12-08 21:08:07,169+0100 INFO  miktex-fc-cache - this process (2092) finishes with exit code 0
2021-12-08 21:08:12,128+0100 INFO  miktex-fc-cache - this process (16508) started by 'mkfntmap' with command line: miktex-fc-cache --miktex-disable-maintenance --miktex-disable-diagnose
2021-12-08 21:08:12,338+0100 INFO  miktex-fc-cache - this process (16508) finishes with exit code 0
2021-12-08 21:53:58,863+0100 INFO  miktex-fc-cache - this process (4896) started by 'mkfntmap' with command line: miktex-fc-cache --miktex-disable-maintenance --miktex-disable-diagnose
2021-12-08 21:53:58,897+0100 WARN  miktex-fc-cache - Sicherheitsrisiko: wird mit erweiterten Privilegien ausgeführt
2021-12-08 21:54:08,103+0100 FATAL miktex-fc-cache.core - The file name database is damaged.
2021-12-08 21:54:08,103+0100 FATAL miktex-fc-cache.core - Data: path="C:\_Vim\.vim\MiKTeX\texmfs/data\miktex/data/le\texmf.fndb-5.log"
2021-12-08 21:54:08,103+0100 FATAL miktex-fc-cache.core - Source: Libraries\MiKTeX\Core\Fndb\FileNameDatabase.cpp:477
2021-12-08 21:54:12,365+0100 INFO  miktex-fc-cache - this process (4896) finishes with exit code 0
