2021-12-08 20:43:10,779+0100 INFO  mkfntmap - this process (1896) started by 'initexmf' with command line: mkfntmap --verbose --disable-installer --miktex-disable-maintenance --miktex-disable-diagnose
2021-12-08 20:43:10,782+0100 INFO  mkfntmap - Parsing config file C:\_Vim\.vim\MiKTeX\texmfs\install\miktex/config\updmap.cfg...
2021-12-08 20:43:11,096+0100 INFO  mkfntmap - Writing C:\_Vim\.vim\MiKTeX\texmfs/data\fonts\map\dvipdfmx\kanjix.map...
2021-12-08 20:43:11,102+0100 INFO  mkfntmap - Writing C:\_Vim\.vim\MiKTeX\texmfs/data\fonts\map\dvips\builtin35.map...
2021-12-08 20:43:11,112+0100 INFO  mkfntmap - Writing C:\_Vim\.vim\MiKTeX\texmfs/data\fonts\map\dvips\download35.map...
2021-12-08 20:43:11,120+0100 INFO  mkfntmap - Writing C:\_Vim\.vim\MiKTeX\texmfs/data\fonts\map\dvips\ps2pk.map...
2021-12-08 20:43:11,137+0100 INFO  mkfntmap - Writing C:\_Vim\.vim\MiKTeX\texmfs/data\fonts\map\dvips\psfonts_pk.map...
2021-12-08 20:43:11,152+0100 INFO  mkfntmap - Writing C:\_Vim\.vim\MiKTeX\texmfs/data\fonts\map\dvips\psfonts_t1.map...
2021-12-08 20:43:11,176+0100 INFO  mkfntmap - Writing C:\_Vim\.vim\MiKTeX\texmfs/data\fonts\map\pdftex\pdftex_dl14.map...
2021-12-08 20:43:11,194+0100 INFO  mkfntmap - Writing C:\_Vim\.vim\MiKTeX\texmfs/data\fonts\map\pdftex\pdftex_ndl14.map...
2021-12-08 20:43:11,220+0100 INFO  mkfntmap - Copying C:\_Vim\.vim\MiKTeX\texmfs/data\fonts\map\dvips\psfonts_t1.map
2021-12-08 20:43:11,220+0100 INFO  mkfntmap -      to C:\_Vim\.vim\MiKTeX\texmfs/data\fonts\map\dvips\psfonts.map...
2021-12-08 20:43:11,231+0100 INFO  mkfntmap - Copying C:\_Vim\.vim\MiKTeX\texmfs/data\fonts\map\pdftex\pdftex_dl14.map
2021-12-08 20:43:11,231+0100 INFO  mkfntmap -      to C:\_Vim\.vim\MiKTeX\texmfs/data\fonts\map\pdftex\pdftex.map...
2021-12-08 20:43:11,261+0100 INFO  mkfntmap - running: miktex-fc-cache --verbose --miktex-disable-maintenance --miktex-disable-diagnose
2021-12-08 20:43:11,261+0100 INFO  mkfntmap.core - start process: miktex-fc-cache --verbose --miktex-disable-maintenance --miktex-disable-diagnose
2021-12-08 20:43:19,656+0100 INFO  mkfntmap - C:/Users/d-kel/AppData/Local/Microsoft/Windows/Fonts: skipping, existing cache is valid: 3 fonts, 0 dirs
2021-12-08 20:43:19,656+0100 INFO  mkfntmap - C:/WINDOWS/Fonts: skipping, existing cache is valid: 1008 fonts, 0 dirs
2021-12-08 20:43:19,659+0100 INFO  mkfntmap - C:/Program Files (x86)/Adobe/Acrobat Reader DC/Resource/Font: skipping, existing cache is valid: 18 fonts, 1 dirs
2021-12-08 20:43:19,663+0100 INFO  mkfntmap - C:/Program Files (x86)/Adobe/Acrobat Reader DC/Resource/Font/PFM: skipping, existing cache is valid: 0 fonts, 0 dirs
2021-12-08 20:43:19,669+0100 INFO  mkfntmap - C:/_Vim/.vim/MiKTeX/texmfs/install/fonts/opentype: skipping, existing cache is valid: 0 fonts, 1 dirs
2021-12-08 20:43:19,669+0100 INFO  mkfntmap - C:/_Vim/.vim/MiKTeX/texmfs/install/fonts/opentype/public: skipping, existing cache is valid: 0 fonts, 1 dirs
2021-12-08 20:43:19,671+0100 INFO  mkfntmap - C:/_Vim/.vim/MiKTeX/texmfs/install/fonts/opentype/public/lm: skipping, existing cache is valid: 72 fonts, 0 dirs
2021-12-08 20:43:19,672+0100 INFO  mkfntmap - C:/Users/d-kel/.local/share/fonts: skipping, no such directory
2021-12-08 20:43:19,672+0100 INFO  mkfntmap - C:/Users/d-kel/.fonts: skipping, no such directory
2021-12-08 20:43:19,672+0100 INFO  mkfntmap - C:/Program Files (x86)/Adobe/Acrobat Reader DC/Resource/Font/PFM: skipping, looped directory detected
2021-12-08 20:43:19,673+0100 INFO  mkfntmap - C:/_Vim/.vim/MiKTeX/texmfs/install/fonts/opentype/public: skipping, looped directory detected
2021-12-08 20:43:19,769+0100 INFO  mkfntmap - C:/_Vim/.vim/MiKTeX/texmfs/install/fonts/opentype/public/lm: skipping, looped directory detected
2021-12-08 20:43:19,769+0100 INFO  mkfntmap - C:/_Vim/.vim/MiKTeX/texmfs/data/fontconfig/cache: cleaning cache directory
2021-12-08 20:43:19,769+0100 INFO  mkfntmap - C:/Users/d-kel/.cache/fontconfig: not cleaning non-existent cache directory
2021-12-08 20:43:19,772+0100 INFO  mkfntmap - C:/Users/d-kel/.fontconfig: not cleaning non-existent cache directory
2021-12-08 20:43:19,772+0100 INFO  mkfntmap - miktex-fc-cache: succeeded
2021-12-08 20:43:19,779+0100 INFO  mkfntmap - this process (1896) finishes with exit code 0
2021-12-08 20:43:19,780+0100 WARN  mkfntmap.core - still open: C:\_Vim\.vim\MiKTeX\texmfs/config\fontconfig\config\fonts.conf
2021-12-08 20:43:19,781+0100 WARN  mkfntmap.core - still open: C:\_Vim\.vim\MiKTeX\texmfs\install\fontconfig/config\fonts.conf.in
2021-12-08 20:44:57,460+0100 INFO  mkfntmap - this process (14052) started by 'initexmf' with command line: mkfntmap --miktex-disable-maintenance --miktex-disable-diagnose
2021-12-08 20:44:57,461+0100 INFO  mkfntmap - Parsing config file C:\_Vim\.vim\MiKTeX\texmfs\install\miktex/config\updmap.cfg...
2021-12-08 20:44:57,659+0100 INFO  mkfntmap - Writing C:\_Vim\.vim\MiKTeX\texmfs/data\fonts\map\dvipdfmx\kanjix.map...
2021-12-08 20:44:57,660+0100 INFO  mkfntmap - Writing C:\_Vim\.vim\MiKTeX\texmfs/data\fonts\map\dvips\builtin35.map...
2021-12-08 20:44:57,664+0100 INFO  mkfntmap - Writing C:\_Vim\.vim\MiKTeX\texmfs/data\fonts\map\dvips\download35.map...
2021-12-08 20:44:57,667+0100 INFO  mkfntmap - Writing C:\_Vim\.vim\MiKTeX\texmfs/data\fonts\map\dvips\ps2pk.map...
2021-12-08 20:44:57,677+0100 INFO  mkfntmap - Writing C:\_Vim\.vim\MiKTeX\texmfs/data\fonts\map\dvips\psfonts_pk.map...
2021-12-08 20:44:57,687+0100 INFO  mkfntmap - Writing C:\_Vim\.vim\MiKTeX\texmfs/data\fonts\map\dvips\psfonts_t1.map...
2021-12-08 20:44:57,699+0100 INFO  mkfntmap - Writing C:\_Vim\.vim\MiKTeX\texmfs/data\fonts\map\pdftex\pdftex_dl14.map...
2021-12-08 20:44:57,712+0100 INFO  mkfntmap - Writing C:\_Vim\.vim\MiKTeX\texmfs/data\fonts\map\pdftex\pdftex_ndl14.map...
2021-12-08 20:44:57,723+0100 INFO  mkfntmap - Copying C:\_Vim\.vim\MiKTeX\texmfs/data\fonts\map\dvips\psfonts_t1.map
2021-12-08 20:44:57,723+0100 INFO  mkfntmap -      to C:\_Vim\.vim\MiKTeX\texmfs/data\fonts\map\dvips\psfonts.map...
2021-12-08 20:44:57,726+0100 INFO  mkfntmap - Copying C:\_Vim\.vim\MiKTeX\texmfs/data\fonts\map\pdftex\pdftex_dl14.map
2021-12-08 20:44:57,726+0100 INFO  mkfntmap -      to C:\_Vim\.vim\MiKTeX\texmfs/data\fonts\map\pdftex\pdftex.map...
2021-12-08 20:44:57,737+0100 INFO  mkfntmap - running: miktex-fc-cache --miktex-disable-maintenance --miktex-disable-diagnose
2021-12-08 20:44:57,737+0100 INFO  mkfntmap.core - start process: miktex-fc-cache --miktex-disable-maintenance --miktex-disable-diagnose
2021-12-08 20:44:58,492+0100 INFO  mkfntmap - this process (14052) finishes with exit code 0
2021-12-08 20:44:58,493+0100 WARN  mkfntmap.core - still open: C:\_Vim\.vim\MiKTeX\texmfs\install\fontconfig/config\fonts.conf.in
2021-12-08 20:44:58,493+0100 WARN  mkfntmap.core - still open: C:\_Vim\.vim\MiKTeX\texmfs/config\fontconfig\config\fonts.conf
2021-12-08 20:46:05,996+0100 INFO  mkfntmap - this process (10824) started by 'initexmf' with command line: mkfntmap --miktex-disable-maintenance --miktex-disable-diagnose
2021-12-08 20:46:05,997+0100 INFO  mkfntmap - Parsing config file C:\_Vim\.vim\MiKTeX\texmfs\install\miktex/config\updmap.cfg...
2021-12-08 20:46:06,269+0100 INFO  mkfntmap - Writing C:\_Vim\.vim\MiKTeX\texmfs/data\fonts\map\dvipdfmx\kanjix.map...
2021-12-08 20:46:06,271+0100 INFO  mkfntmap - Writing C:\_Vim\.vim\MiKTeX\texmfs/data\fonts\map\dvips\builtin35.map...
2021-12-08 20:46:06,276+0100 INFO  mkfntmap - Writing C:\_Vim\.vim\MiKTeX\texmfs/data\fonts\map\dvips\download35.map...
2021-12-08 20:46:06,281+0100 INFO  mkfntmap - Writing C:\_Vim\.vim\MiKTeX\texmfs/data\fonts\map\dvips\ps2pk.map...
2021-12-08 20:46:06,292+0100 INFO  mkfntmap - Writing C:\_Vim\.vim\MiKTeX\texmfs/data\fonts\map\dvips\psfonts_pk.map...
2021-12-08 20:46:06,303+0100 INFO  mkfntmap - Writing C:\_Vim\.vim\MiKTeX\texmfs/data\fonts\map\dvips\psfonts_t1.map...
2021-12-08 20:46:06,315+0100 INFO  mkfntmap - Writing C:\_Vim\.vim\MiKTeX\texmfs/data\fonts\map\pdftex\pdftex_dl14.map...
2021-12-08 20:46:06,328+0100 INFO  mkfntmap - Writing C:\_Vim\.vim\MiKTeX\texmfs/data\fonts\map\pdftex\pdftex_ndl14.map...
2021-12-08 20:46:06,339+0100 INFO  mkfntmap - Copying C:\_Vim\.vim\MiKTeX\texmfs/data\fonts\map\dvips\psfonts_t1.map
2021-12-08 20:46:06,339+0100 INFO  mkfntmap -      to C:\_Vim\.vim\MiKTeX\texmfs/data\fonts\map\dvips\psfonts.map...
2021-12-08 20:46:06,343+0100 INFO  mkfntmap - Copying C:\_Vim\.vim\MiKTeX\texmfs/data\fonts\map\pdftex\pdftex_dl14.map
2021-12-08 20:46:06,343+0100 INFO  mkfntmap -      to C:\_Vim\.vim\MiKTeX\texmfs/data\fonts\map\pdftex\pdftex.map...
2021-12-08 20:46:06,355+0100 INFO  mkfntmap - running: miktex-fc-cache --miktex-disable-maintenance --miktex-disable-diagnose
2021-12-08 20:46:06,356+0100 INFO  mkfntmap.core - start process: miktex-fc-cache --miktex-disable-maintenance --miktex-disable-diagnose
2021-12-08 20:46:07,131+0100 INFO  mkfntmap - this process (10824) finishes with exit code 0
2021-12-08 20:46:07,132+0100 WARN  mkfntmap.core - still open: C:\_Vim\.vim\MiKTeX\texmfs/config\fontconfig\config\fonts.conf
2021-12-08 20:46:07,133+0100 WARN  mkfntmap.core - still open: C:\_Vim\.vim\MiKTeX\texmfs\install\fontconfig/config\fonts.conf.in
2021-12-08 20:46:32,876+0100 INFO  mkfntmap - this process (9012) started by 'initexmf' with command line: mkfntmap --verbose --disable-installer --miktex-disable-maintenance --miktex-disable-diagnose
2021-12-08 20:46:32,877+0100 INFO  mkfntmap - Parsing config file C:\_Vim\.vim\MiKTeX\texmfs\install\miktex/config\updmap.cfg...
2021-12-08 20:46:33,088+0100 INFO  mkfntmap - Writing C:\_Vim\.vim\MiKTeX\texmfs/data\fonts\map\dvipdfmx\kanjix.map...
2021-12-08 20:46:33,090+0100 INFO  mkfntmap - Writing C:\_Vim\.vim\MiKTeX\texmfs/data\fonts\map\dvips\builtin35.map...
2021-12-08 20:46:33,093+0100 INFO  mkfntmap - Writing C:\_Vim\.vim\MiKTeX\texmfs/data\fonts\map\dvips\download35.map...
2021-12-08 20:46:33,097+0100 INFO  mkfntmap - Writing C:\_Vim\.vim\MiKTeX\texmfs/data\fonts\map\dvips\ps2pk.map...
2021-12-08 20:46:33,108+0100 INFO  mkfntmap - Writing C:\_Vim\.vim\MiKTeX\texmfs/data\fonts\map\dvips\psfonts_pk.map...
2021-12-08 20:46:33,119+0100 INFO  mkfntmap - Writing C:\_Vim\.vim\MiKTeX\texmfs/data\fonts\map\dvips\psfonts_t1.map...
2021-12-08 20:46:33,132+0100 INFO  mkfntmap - Writing C:\_Vim\.vim\MiKTeX\texmfs/data\fonts\map\pdftex\pdftex_dl14.map...
2021-12-08 20:46:33,145+0100 INFO  mkfntmap - Writing C:\_Vim\.vim\MiKTeX\texmfs/data\fonts\map\pdftex\pdftex_ndl14.map...
2021-12-08 20:46:33,156+0100 INFO  mkfntmap - Copying C:\_Vim\.vim\MiKTeX\texmfs/data\fonts\map\dvips\psfonts_t1.map
2021-12-08 20:46:33,156+0100 INFO  mkfntmap -      to C:\_Vim\.vim\MiKTeX\texmfs/data\fonts\map\dvips\psfonts.map...
2021-12-08 20:46:33,160+0100 INFO  mkfntmap - Copying C:\_Vim\.vim\MiKTeX\texmfs/data\fonts\map\pdftex\pdftex_dl14.map
2021-12-08 20:46:33,160+0100 INFO  mkfntmap -      to C:\_Vim\.vim\MiKTeX\texmfs/data\fonts\map\pdftex\pdftex.map...
2021-12-08 20:46:33,176+0100 INFO  mkfntmap - running: miktex-fc-cache --verbose --miktex-disable-maintenance --miktex-disable-diagnose
2021-12-08 20:46:33,177+0100 INFO  mkfntmap.core - start process: miktex-fc-cache --verbose --miktex-disable-maintenance --miktex-disable-diagnose
2021-12-08 20:46:33,764+0100 INFO  mkfntmap - C:/Users/d-kel/AppData/Local/Microsoft/Windows/Fonts: skipping, existing cache is valid: 3 fonts, 0 dirs
2021-12-08 20:46:33,764+0100 INFO  mkfntmap - C:/WINDOWS/Fonts: skipping, existing cache is valid: 1008 fonts, 0 dirs
2021-12-08 20:46:33,766+0100 INFO  mkfntmap - C:/Program Files (x86)/Adobe/Acrobat Reader DC/Resource/Font: skipping, existing cache is valid: 18 fonts, 1 dirs
2021-12-08 20:46:33,767+0100 INFO  mkfntmap - C:/Program Files (x86)/Adobe/Acrobat Reader DC/Resource/Font/PFM: skipping, existing cache is valid: 0 fonts, 0 dirs
2021-12-08 20:46:33,771+0100 INFO  mkfntmap - C:/_Vim/.vim/MiKTeX/texmfs/install/fonts/opentype: skipping, existing cache is valid: 0 fonts, 1 dirs
2021-12-08 20:46:33,771+0100 INFO  mkfntmap - C:/_Vim/.vim/MiKTeX/texmfs/install/fonts/opentype/public: skipping, existing cache is valid: 0 fonts, 1 dirs
2021-12-08 20:46:33,772+0100 INFO  mkfntmap - C:/_Vim/.vim/MiKTeX/texmfs/install/fonts/opentype/public/lm: skipping, existing cache is valid: 72 fonts, 0 dirs
2021-12-08 20:46:33,772+0100 INFO  mkfntmap - C:/Users/d-kel/.local/share/fonts: skipping, no such directory
2021-12-08 20:46:33,772+0100 INFO  mkfntmap - C:/Users/d-kel/.fonts: skipping, no such directory
2021-12-08 20:46:33,772+0100 INFO  mkfntmap - C:/Program Files (x86)/Adobe/Acrobat Reader DC/Resource/Font/PFM: skipping, looped directory detected
2021-12-08 20:46:33,772+0100 INFO  mkfntmap - C:/_Vim/.vim/MiKTeX/texmfs/install/fonts/opentype/public: skipping, looped directory detected
2021-12-08 20:46:33,902+0100 INFO  mkfntmap - C:/_Vim/.vim/MiKTeX/texmfs/install/fonts/opentype/public/lm: skipping, looped directory detected
2021-12-08 20:46:33,902+0100 INFO  mkfntmap - C:/_Vim/.vim/MiKTeX/texmfs/data/fontconfig/cache: cleaning cache directory
2021-12-08 20:46:33,902+0100 INFO  mkfntmap - C:/Users/d-kel/.cache/fontconfig: not cleaning non-existent cache directory
2021-12-08 20:46:33,906+0100 INFO  mkfntmap - C:/Users/d-kel/.fontconfig: not cleaning non-existent cache directory
2021-12-08 20:46:33,907+0100 INFO  mkfntmap - miktex-fc-cache: succeeded
2021-12-08 20:46:33,919+0100 INFO  mkfntmap - this process (9012) finishes with exit code 0
2021-12-08 20:46:33,920+0100 WARN  mkfntmap.core - still open: C:\_Vim\.vim\MiKTeX\texmfs/config\fontconfig\config\fonts.conf
2021-12-08 20:46:33,920+0100 WARN  mkfntmap.core - still open: C:\_Vim\.vim\MiKTeX\texmfs\install\fontconfig/config\fonts.conf.in
2021-12-08 20:47:43,581+0100 INFO  mkfntmap - this process (9808) started by 'initexmf' with command line: mkfntmap --miktex-disable-maintenance --miktex-disable-diagnose
2021-12-08 20:47:43,582+0100 INFO  mkfntmap - Parsing config file C:\_Vim\.vim\MiKTeX\texmfs\install\miktex/config\updmap.cfg...
2021-12-08 20:47:43,803+0100 INFO  mkfntmap - Writing C:\_Vim\.vim\MiKTeX\texmfs/data\fonts\map\dvipdfmx\kanjix.map...
2021-12-08 20:47:43,805+0100 INFO  mkfntmap - Writing C:\_Vim\.vim\MiKTeX\texmfs/data\fonts\map\dvips\builtin35.map...
2021-12-08 20:47:43,808+0100 INFO  mkfntmap - Writing C:\_Vim\.vim\MiKTeX\texmfs/data\fonts\map\dvips\download35.map...
2021-12-08 20:47:43,811+0100 INFO  mkfntmap - Writing C:\_Vim\.vim\MiKTeX\texmfs/data\fonts\map\dvips\ps2pk.map...
2021-12-08 20:47:43,822+0100 INFO  mkfntmap - Writing C:\_Vim\.vim\MiKTeX\texmfs/data\fonts\map\dvips\psfonts_pk.map...
2021-12-08 20:47:43,832+0100 INFO  mkfntmap - Writing C:\_Vim\.vim\MiKTeX\texmfs/data\fonts\map\dvips\psfonts_t1.map...
2021-12-08 20:47:43,844+0100 INFO  mkfntmap - Writing C:\_Vim\.vim\MiKTeX\texmfs/data\fonts\map\pdftex\pdftex_dl14.map...
2021-12-08 20:47:43,858+0100 INFO  mkfntmap - Writing C:\_Vim\.vim\MiKTeX\texmfs/data\fonts\map\pdftex\pdftex_ndl14.map...
2021-12-08 20:47:43,869+0100 INFO  mkfntmap - Copying C:\_Vim\.vim\MiKTeX\texmfs/data\fonts\map\dvips\psfonts_t1.map
2021-12-08 20:47:43,869+0100 INFO  mkfntmap -      to C:\_Vim\.vim\MiKTeX\texmfs/data\fonts\map\dvips\psfonts.map...
2021-12-08 20:47:43,872+0100 INFO  mkfntmap - Copying C:\_Vim\.vim\MiKTeX\texmfs/data\fonts\map\pdftex\pdftex_dl14.map
2021-12-08 20:47:43,872+0100 INFO  mkfntmap -      to C:\_Vim\.vim\MiKTeX\texmfs/data\fonts\map\pdftex\pdftex.map...
2021-12-08 20:47:43,886+0100 INFO  mkfntmap - running: miktex-fc-cache --miktex-disable-maintenance --miktex-disable-diagnose
2021-12-08 20:47:43,886+0100 INFO  mkfntmap.core - start process: miktex-fc-cache --miktex-disable-maintenance --miktex-disable-diagnose
2021-12-08 20:47:44,593+0100 INFO  mkfntmap - this process (9808) finishes with exit code 0
2021-12-08 20:47:44,594+0100 WARN  mkfntmap.core - still open: C:\_Vim\.vim\MiKTeX\texmfs/config\fontconfig\config\fonts.conf
2021-12-08 20:47:44,594+0100 WARN  mkfntmap.core - still open: C:\_Vim\.vim\MiKTeX\texmfs\install\fontconfig/config\fonts.conf.in
2021-12-08 20:48:28,098+0100 INFO  mkfntmap - this process (16008) started by 'initexmf' with command line: mkfntmap --miktex-disable-maintenance --miktex-disable-diagnose
2021-12-08 20:48:28,099+0100 INFO  mkfntmap - Parsing config file C:\_Vim\.vim\MiKTeX\texmfs\install\miktex/config\updmap.cfg...
2021-12-08 20:48:28,325+0100 INFO  mkfntmap - Writing C:\_Vim\.vim\MiKTeX\texmfs/data\fonts\map\dvipdfmx\kanjix.map...
2021-12-08 20:48:28,326+0100 INFO  mkfntmap - Writing C:\_Vim\.vim\MiKTeX\texmfs/data\fonts\map\dvips\builtin35.map...
2021-12-08 20:48:28,330+0100 INFO  mkfntmap - Writing C:\_Vim\.vim\MiKTeX\texmfs/data\fonts\map\dvips\download35.map...
2021-12-08 20:48:28,334+0100 INFO  mkfntmap - Writing C:\_Vim\.vim\MiKTeX\texmfs/data\fonts\map\dvips\ps2pk.map...
2021-12-08 20:48:28,346+0100 INFO  mkfntmap - Writing C:\_Vim\.vim\MiKTeX\texmfs/data\fonts\map\dvips\psfonts_pk.map...
2021-12-08 20:48:28,357+0100 INFO  mkfntmap - Writing C:\_Vim\.vim\MiKTeX\texmfs/data\fonts\map\dvips\psfonts_t1.map...
2021-12-08 20:48:28,371+0100 INFO  mkfntmap - Writing C:\_Vim\.vim\MiKTeX\texmfs/data\fonts\map\pdftex\pdftex_dl14.map...
2021-12-08 20:48:28,391+0100 INFO  mkfntmap - Writing C:\_Vim\.vim\MiKTeX\texmfs/data\fonts\map\pdftex\pdftex_ndl14.map...
2021-12-08 20:48:28,409+0100 INFO  mkfntmap - Copying C:\_Vim\.vim\MiKTeX\texmfs/data\fonts\map\dvips\psfonts_t1.map
2021-12-08 20:48:28,410+0100 INFO  mkfntmap -      to C:\_Vim\.vim\MiKTeX\texmfs/data\fonts\map\dvips\psfonts.map...
2021-12-08 20:48:28,414+0100 INFO  mkfntmap - Copying C:\_Vim\.vim\MiKTeX\texmfs/data\fonts\map\pdftex\pdftex_dl14.map
2021-12-08 20:48:28,414+0100 INFO  mkfntmap -      to C:\_Vim\.vim\MiKTeX\texmfs/data\fonts\map\pdftex\pdftex.map...
2021-12-08 20:48:28,435+0100 INFO  mkfntmap - running: miktex-fc-cache --miktex-disable-maintenance --miktex-disable-diagnose
2021-12-08 20:48:28,436+0100 INFO  mkfntmap.core - start process: miktex-fc-cache --miktex-disable-maintenance --miktex-disable-diagnose
2021-12-08 20:48:29,112+0100 INFO  mkfntmap - this process (16008) finishes with exit code 0
2021-12-08 20:48:29,113+0100 WARN  mkfntmap.core - still open: C:\_Vim\.vim\MiKTeX\texmfs\install\fontconfig/config\fonts.conf.in
2021-12-08 20:48:29,113+0100 WARN  mkfntmap.core - still open: C:\_Vim\.vim\MiKTeX\texmfs/config\fontconfig\config\fonts.conf
2021-12-08 20:54:04,190+0100 INFO  mkfntmap - this process (10228) started by 'initexmf' with command line: mkfntmap --miktex-disable-maintenance --miktex-disable-diagnose
2021-12-08 20:54:04,192+0100 INFO  mkfntmap - Parsing config file C:\_Vim\.vim\MiKTeX\texmfs\install\miktex/config\updmap.cfg...
2021-12-08 20:54:04,370+0100 INFO  mkfntmap - Writing C:\_Vim\.vim\MiKTeX\texmfs/data\fonts\map\dvipdfmx\kanjix.map...
2021-12-08 20:54:04,371+0100 INFO  mkfntmap - Writing C:\_Vim\.vim\MiKTeX\texmfs/data\fonts\map\dvips\builtin35.map...
2021-12-08 20:54:04,373+0100 INFO  mkfntmap - Writing C:\_Vim\.vim\MiKTeX\texmfs/data\fonts\map\dvips\download35.map...
2021-12-08 20:54:04,377+0100 INFO  mkfntmap - Writing C:\_Vim\.vim\MiKTeX\texmfs/data\fonts\map\dvips\ps2pk.map...
2021-12-08 20:54:04,389+0100 INFO  mkfntmap - Writing C:\_Vim\.vim\MiKTeX\texmfs/data\fonts\map\dvips\psfonts_pk.map...
2021-12-08 20:54:04,398+0100 INFO  mkfntmap - Writing C:\_Vim\.vim\MiKTeX\texmfs/data\fonts\map\dvips\psfonts_t1.map...
2021-12-08 20:54:04,410+0100 INFO  mkfntmap - Writing C:\_Vim\.vim\MiKTeX\texmfs/data\fonts\map\pdftex\pdftex_dl14.map...
2021-12-08 20:54:04,433+0100 INFO  mkfntmap - Writing C:\_Vim\.vim\MiKTeX\texmfs/data\fonts\map\pdftex\pdftex_ndl14.map...
2021-12-08 20:54:04,450+0100 INFO  mkfntmap - Copying C:\_Vim\.vim\MiKTeX\texmfs/data\fonts\map\dvips\psfonts_t1.map
2021-12-08 20:54:04,451+0100 INFO  mkfntmap -      to C:\_Vim\.vim\MiKTeX\texmfs/data\fonts\map\dvips\psfonts.map...
2021-12-08 20:54:04,456+0100 INFO  mkfntmap - Copying C:\_Vim\.vim\MiKTeX\texmfs/data\fonts\map\pdftex\pdftex_dl14.map
2021-12-08 20:54:04,456+0100 INFO  mkfntmap -      to C:\_Vim\.vim\MiKTeX\texmfs/data\fonts\map\pdftex\pdftex.map...
2021-12-08 20:54:04,474+0100 INFO  mkfntmap - running: miktex-fc-cache --miktex-disable-maintenance --miktex-disable-diagnose
2021-12-08 20:54:04,474+0100 INFO  mkfntmap.core - start process: miktex-fc-cache --miktex-disable-maintenance --miktex-disable-diagnose
2021-12-08 20:54:05,235+0100 INFO  mkfntmap - this process (10228) finishes with exit code 0
2021-12-08 20:54:05,236+0100 WARN  mkfntmap.core - still open: C:\_Vim\.vim\MiKTeX\texmfs/config\fontconfig\config\fonts.conf
2021-12-08 20:54:05,237+0100 WARN  mkfntmap.core - still open: C:\_Vim\.vim\MiKTeX\texmfs\install\fontconfig/config\fonts.conf.in
2021-12-08 21:05:24,598+0100 INFO  mkfntmap - this process (10416) started by 'initexmf' with command line: mkfntmap --miktex-disable-maintenance --miktex-disable-diagnose
2021-12-08 21:05:24,599+0100 INFO  mkfntmap - Parsing config file C:\_Vim\.vim\MiKTeX\texmfs\install\miktex/config\updmap.cfg...
2021-12-08 21:05:24,774+0100 INFO  mkfntmap - Writing C:\_Vim\.vim\MiKTeX\texmfs/data\fonts\map\dvipdfmx\kanjix.map...
2021-12-08 21:05:24,775+0100 INFO  mkfntmap - Writing C:\_Vim\.vim\MiKTeX\texmfs/data\fonts\map\dvips\builtin35.map...
2021-12-08 21:05:24,778+0100 INFO  mkfntmap - Writing C:\_Vim\.vim\MiKTeX\texmfs/data\fonts\map\dvips\download35.map...
2021-12-08 21:05:24,782+0100 INFO  mkfntmap - Writing C:\_Vim\.vim\MiKTeX\texmfs/data\fonts\map\dvips\ps2pk.map...
2021-12-08 21:05:24,795+0100 INFO  mkfntmap - Writing C:\_Vim\.vim\MiKTeX\texmfs/data\fonts\map\dvips\psfonts_pk.map...
2021-12-08 21:05:24,805+0100 INFO  mkfntmap - Writing C:\_Vim\.vim\MiKTeX\texmfs/data\fonts\map\dvips\psfonts_t1.map...
2021-12-08 21:05:24,818+0100 INFO  mkfntmap - Writing C:\_Vim\.vim\MiKTeX\texmfs/data\fonts\map\pdftex\pdftex_dl14.map...
2021-12-08 21:05:24,834+0100 INFO  mkfntmap - Writing C:\_Vim\.vim\MiKTeX\texmfs/data\fonts\map\pdftex\pdftex_ndl14.map...
2021-12-08 21:05:24,853+0100 INFO  mkfntmap - Copying C:\_Vim\.vim\MiKTeX\texmfs/data\fonts\map\dvips\psfonts_t1.map
2021-12-08 21:05:24,853+0100 INFO  mkfntmap -      to C:\_Vim\.vim\MiKTeX\texmfs/data\fonts\map\dvips\psfonts.map...
2021-12-08 21:05:24,858+0100 INFO  mkfntmap - Copying C:\_Vim\.vim\MiKTeX\texmfs/data\fonts\map\pdftex\pdftex_dl14.map
2021-12-08 21:05:24,858+0100 INFO  mkfntmap -      to C:\_Vim\.vim\MiKTeX\texmfs/data\fonts\map\pdftex\pdftex.map...
2021-12-08 21:05:24,876+0100 INFO  mkfntmap - running: miktex-fc-cache --miktex-disable-maintenance --miktex-disable-diagnose
2021-12-08 21:05:24,877+0100 INFO  mkfntmap.core - start process: miktex-fc-cache --miktex-disable-maintenance --miktex-disable-diagnose
2021-12-08 21:05:25,691+0100 INFO  mkfntmap - this process (10416) finishes with exit code 0
2021-12-08 21:05:25,692+0100 WARN  mkfntmap.core - still open: C:\_Vim\.vim\MiKTeX\texmfs/config\fontconfig\config\fonts.conf
2021-12-08 21:05:25,692+0100 WARN  mkfntmap.core - still open: C:\_Vim\.vim\MiKTeX\texmfs\install\fontconfig/config\fonts.conf.in
2021-12-08 21:05:33,539+0100 INFO  mkfntmap - this process (20452) started by 'initexmf' with command line: mkfntmap --miktex-disable-maintenance --miktex-disable-diagnose
2021-12-08 21:05:33,541+0100 INFO  mkfntmap - Parsing config file C:\_Vim\.vim\MiKTeX\texmfs\install\miktex/config\updmap.cfg...
2021-12-08 21:05:33,759+0100 INFO  mkfntmap - Writing C:\_Vim\.vim\MiKTeX\texmfs/data\fonts\map\dvipdfmx\kanjix.map...
2021-12-08 21:05:33,761+0100 INFO  mkfntmap - Writing C:\_Vim\.vim\MiKTeX\texmfs/data\fonts\map\dvips\builtin35.map...
2021-12-08 21:05:33,764+0100 INFO  mkfntmap - Writing C:\_Vim\.vim\MiKTeX\texmfs/data\fonts\map\dvips\download35.map...
2021-12-08 21:05:33,767+0100 INFO  mkfntmap - Writing C:\_Vim\.vim\MiKTeX\texmfs/data\fonts\map\dvips\ps2pk.map...
2021-12-08 21:05:33,778+0100 INFO  mkfntmap - Writing C:\_Vim\.vim\MiKTeX\texmfs/data\fonts\map\dvips\psfonts_pk.map...
2021-12-08 21:05:33,788+0100 INFO  mkfntmap - Writing C:\_Vim\.vim\MiKTeX\texmfs/data\fonts\map\dvips\psfonts_t1.map...
2021-12-08 21:05:33,800+0100 INFO  mkfntmap - Writing C:\_Vim\.vim\MiKTeX\texmfs/data\fonts\map\pdftex\pdftex_dl14.map...
2021-12-08 21:05:33,812+0100 INFO  mkfntmap - Writing C:\_Vim\.vim\MiKTeX\texmfs/data\fonts\map\pdftex\pdftex_ndl14.map...
2021-12-08 21:05:33,823+0100 INFO  mkfntmap - Copying C:\_Vim\.vim\MiKTeX\texmfs/data\fonts\map\dvips\psfonts_t1.map
2021-12-08 21:05:33,824+0100 INFO  mkfntmap -      to C:\_Vim\.vim\MiKTeX\texmfs/data\fonts\map\dvips\psfonts.map...
2021-12-08 21:05:33,826+0100 INFO  mkfntmap - Copying C:\_Vim\.vim\MiKTeX\texmfs/data\fonts\map\pdftex\pdftex_dl14.map
2021-12-08 21:05:33,826+0100 INFO  mkfntmap -      to C:\_Vim\.vim\MiKTeX\texmfs/data\fonts\map\pdftex\pdftex.map...
2021-12-08 21:05:33,838+0100 INFO  mkfntmap - running: miktex-fc-cache --miktex-disable-maintenance --miktex-disable-diagnose
2021-12-08 21:05:33,839+0100 INFO  mkfntmap.core - start process: miktex-fc-cache --miktex-disable-maintenance --miktex-disable-diagnose
2021-12-08 21:05:34,623+0100 INFO  mkfntmap - this process (20452) finishes with exit code 0
2021-12-08 21:05:34,625+0100 WARN  mkfntmap.core - still open: C:\_Vim\.vim\MiKTeX\texmfs/config\fontconfig\config\fonts.conf
2021-12-08 21:05:34,625+0100 WARN  mkfntmap.core - still open: C:\_Vim\.vim\MiKTeX\texmfs\install\fontconfig/config\fonts.conf.in
2021-12-08 21:05:40,847+0100 INFO  mkfntmap - this process (14464) started by 'initexmf' with command line: mkfntmap --miktex-disable-maintenance --miktex-disable-diagnose
2021-12-08 21:05:40,848+0100 INFO  mkfntmap - Parsing config file C:\_Vim\.vim\MiKTeX\texmfs\install\miktex/config\updmap.cfg...
2021-12-08 21:05:41,023+0100 INFO  mkfntmap - Writing C:\_Vim\.vim\MiKTeX\texmfs/data\fonts\map\dvipdfmx\kanjix.map...
2021-12-08 21:05:41,024+0100 INFO  mkfntmap - Writing C:\_Vim\.vim\MiKTeX\texmfs/data\fonts\map\dvips\builtin35.map...
2021-12-08 21:05:41,028+0100 INFO  mkfntmap - Writing C:\_Vim\.vim\MiKTeX\texmfs/data\fonts\map\dvips\download35.map...
2021-12-08 21:05:41,030+0100 INFO  mkfntmap - Writing C:\_Vim\.vim\MiKTeX\texmfs/data\fonts\map\dvips\ps2pk.map...
2021-12-08 21:05:41,041+0100 INFO  mkfntmap - Writing C:\_Vim\.vim\MiKTeX\texmfs/data\fonts\map\dvips\psfonts_pk.map...
2021-12-08 21:05:41,051+0100 INFO  mkfntmap - Writing C:\_Vim\.vim\MiKTeX\texmfs/data\fonts\map\dvips\psfonts_t1.map...
2021-12-08 21:05:41,063+0100 INFO  mkfntmap - Writing C:\_Vim\.vim\MiKTeX\texmfs/data\fonts\map\pdftex\pdftex_dl14.map...
2021-12-08 21:05:41,075+0100 INFO  mkfntmap - Writing C:\_Vim\.vim\MiKTeX\texmfs/data\fonts\map\pdftex\pdftex_ndl14.map...
2021-12-08 21:05:41,086+0100 INFO  mkfntmap - Copying C:\_Vim\.vim\MiKTeX\texmfs/data\fonts\map\dvips\psfonts_t1.map
2021-12-08 21:05:41,086+0100 INFO  mkfntmap -      to C:\_Vim\.vim\MiKTeX\texmfs/data\fonts\map\dvips\psfonts.map...
2021-12-08 21:05:41,089+0100 INFO  mkfntmap - Copying C:\_Vim\.vim\MiKTeX\texmfs/data\fonts\map\pdftex\pdftex_dl14.map
2021-12-08 21:05:41,089+0100 INFO  mkfntmap -      to C:\_Vim\.vim\MiKTeX\texmfs/data\fonts\map\pdftex\pdftex.map...
2021-12-08 21:05:41,101+0100 INFO  mkfntmap - running: miktex-fc-cache --miktex-disable-maintenance --miktex-disable-diagnose
2021-12-08 21:05:41,101+0100 INFO  mkfntmap.core - start process: miktex-fc-cache --miktex-disable-maintenance --miktex-disable-diagnose
2021-12-08 21:05:41,897+0100 INFO  mkfntmap - this process (14464) finishes with exit code 0
2021-12-08 21:05:41,898+0100 WARN  mkfntmap.core - still open: C:\_Vim\.vim\MiKTeX\texmfs\install\fontconfig/config\fonts.conf.in
2021-12-08 21:05:41,898+0100 WARN  mkfntmap.core - still open: C:\_Vim\.vim\MiKTeX\texmfs/config\fontconfig\config\fonts.conf
2021-12-08 21:05:48,323+0100 INFO  mkfntmap - this process (18192) started by 'initexmf' with command line: mkfntmap --miktex-disable-maintenance --miktex-disable-diagnose
2021-12-08 21:05:48,325+0100 INFO  mkfntmap - Parsing config file C:\_Vim\.vim\MiKTeX\texmfs\install\miktex/config\updmap.cfg...
2021-12-08 21:05:48,608+0100 INFO  mkfntmap - Writing C:\_Vim\.vim\MiKTeX\texmfs/data\fonts\map\dvipdfmx\kanjix.map...
2021-12-08 21:05:48,609+0100 INFO  mkfntmap - Writing C:\_Vim\.vim\MiKTeX\texmfs/data\fonts\map\dvips\builtin35.map...
2021-12-08 21:05:48,613+0100 INFO  mkfntmap - Writing C:\_Vim\.vim\MiKTeX\texmfs/data\fonts\map\dvips\download35.map...
2021-12-08 21:05:48,616+0100 INFO  mkfntmap - Writing C:\_Vim\.vim\MiKTeX\texmfs/data\fonts\map\dvips\ps2pk.map...
2021-12-08 21:05:48,628+0100 INFO  mkfntmap - Writing C:\_Vim\.vim\MiKTeX\texmfs/data\fonts\map\dvips\psfonts_pk.map...
2021-12-08 21:05:48,639+0100 INFO  mkfntmap - Writing C:\_Vim\.vim\MiKTeX\texmfs/data\fonts\map\dvips\psfonts_t1.map...
2021-12-08 21:05:48,651+0100 INFO  mkfntmap - Writing C:\_Vim\.vim\MiKTeX\texmfs/data\fonts\map\pdftex\pdftex_dl14.map...
2021-12-08 21:05:48,664+0100 INFO  mkfntmap - Writing C:\_Vim\.vim\MiKTeX\texmfs/data\fonts\map\pdftex\pdftex_ndl14.map...
2021-12-08 21:05:48,676+0100 INFO  mkfntmap - Copying C:\_Vim\.vim\MiKTeX\texmfs/data\fonts\map\dvips\psfonts_t1.map
2021-12-08 21:05:48,676+0100 INFO  mkfntmap -      to C:\_Vim\.vim\MiKTeX\texmfs/data\fonts\map\dvips\psfonts.map...
2021-12-08 21:05:48,679+0100 INFO  mkfntmap - Copying C:\_Vim\.vim\MiKTeX\texmfs/data\fonts\map\pdftex\pdftex_dl14.map
2021-12-08 21:05:48,679+0100 INFO  mkfntmap -      to C:\_Vim\.vim\MiKTeX\texmfs/data\fonts\map\pdftex\pdftex.map...
2021-12-08 21:05:48,692+0100 INFO  mkfntmap - running: miktex-fc-cache --miktex-disable-maintenance --miktex-disable-diagnose
2021-12-08 21:05:48,693+0100 INFO  mkfntmap.core - start process: miktex-fc-cache --miktex-disable-maintenance --miktex-disable-diagnose
2021-12-08 21:05:49,447+0100 INFO  mkfntmap - this process (18192) finishes with exit code 0
2021-12-08 21:05:49,449+0100 WARN  mkfntmap.core - still open: C:\_Vim\.vim\MiKTeX\texmfs/config\fontconfig\config\fonts.conf
2021-12-08 21:05:49,449+0100 WARN  mkfntmap.core - still open: C:\_Vim\.vim\MiKTeX\texmfs\install\fontconfig/config\fonts.conf.in
2021-12-08 21:05:57,121+0100 INFO  mkfntmap - this process (12104) started by 'initexmf' with command line: mkfntmap --miktex-disable-maintenance --miktex-disable-diagnose
2021-12-08 21:05:57,123+0100 INFO  mkfntmap - Parsing config file C:\_Vim\.vim\MiKTeX\texmfs\install\miktex/config\updmap.cfg...
2021-12-08 21:05:57,351+0100 INFO  mkfntmap - Writing C:\_Vim\.vim\MiKTeX\texmfs/data\fonts\map\dvipdfmx\kanjix.map...
2021-12-08 21:05:57,353+0100 INFO  mkfntmap - Writing C:\_Vim\.vim\MiKTeX\texmfs/data\fonts\map\dvips\builtin35.map...
2021-12-08 21:05:57,358+0100 INFO  mkfntmap - Writing C:\_Vim\.vim\MiKTeX\texmfs/data\fonts\map\dvips\download35.map...
2021-12-08 21:05:57,364+0100 INFO  mkfntmap - Writing C:\_Vim\.vim\MiKTeX\texmfs/data\fonts\map\dvips\ps2pk.map...
2021-12-08 21:05:57,382+0100 INFO  mkfntmap - Writing C:\_Vim\.vim\MiKTeX\texmfs/data\fonts\map\dvips\psfonts_pk.map...
2021-12-08 21:05:57,398+0100 INFO  mkfntmap - Writing C:\_Vim\.vim\MiKTeX\texmfs/data\fonts\map\dvips\psfonts_t1.map...
2021-12-08 21:05:57,413+0100 INFO  mkfntmap - Writing C:\_Vim\.vim\MiKTeX\texmfs/data\fonts\map\pdftex\pdftex_dl14.map...
2021-12-08 21:05:57,425+0100 INFO  mkfntmap - Writing C:\_Vim\.vim\MiKTeX\texmfs/data\fonts\map\pdftex\pdftex_ndl14.map...
2021-12-08 21:05:57,437+0100 INFO  mkfntmap - Copying C:\_Vim\.vim\MiKTeX\texmfs/data\fonts\map\dvips\psfonts_t1.map
2021-12-08 21:05:57,437+0100 INFO  mkfntmap -      to C:\_Vim\.vim\MiKTeX\texmfs/data\fonts\map\dvips\psfonts.map...
2021-12-08 21:05:57,440+0100 INFO  mkfntmap - Copying C:\_Vim\.vim\MiKTeX\texmfs/data\fonts\map\pdftex\pdftex_dl14.map
2021-12-08 21:05:57,440+0100 INFO  mkfntmap -      to C:\_Vim\.vim\MiKTeX\texmfs/data\fonts\map\pdftex\pdftex.map...
2021-12-08 21:05:57,453+0100 INFO  mkfntmap - running: miktex-fc-cache --miktex-disable-maintenance --miktex-disable-diagnose
2021-12-08 21:05:57,453+0100 INFO  mkfntmap.core - start process: miktex-fc-cache --miktex-disable-maintenance --miktex-disable-diagnose
2021-12-08 21:05:58,168+0100 INFO  mkfntmap - this process (12104) finishes with exit code 0
2021-12-08 21:05:58,169+0100 WARN  mkfntmap.core - still open: C:\_Vim\.vim\MiKTeX\texmfs\install\fontconfig/config\fonts.conf.in
2021-12-08 21:05:58,169+0100 WARN  mkfntmap.core - still open: C:\_Vim\.vim\MiKTeX\texmfs/config\fontconfig\config\fonts.conf
2021-12-08 21:06:04,242+0100 INFO  mkfntmap - this process (5012) started by 'initexmf' with command line: mkfntmap --miktex-disable-maintenance --miktex-disable-diagnose
2021-12-08 21:06:04,245+0100 INFO  mkfntmap - Parsing config file C:\_Vim\.vim\MiKTeX\texmfs\install\miktex/config\updmap.cfg...
2021-12-08 21:06:04,469+0100 INFO  mkfntmap - Writing C:\_Vim\.vim\MiKTeX\texmfs/data\fonts\map\dvipdfmx\kanjix.map...
2021-12-08 21:06:04,470+0100 INFO  mkfntmap - Writing C:\_Vim\.vim\MiKTeX\texmfs/data\fonts\map\dvips\builtin35.map...
2021-12-08 21:06:04,473+0100 INFO  mkfntmap - Writing C:\_Vim\.vim\MiKTeX\texmfs/data\fonts\map\dvips\download35.map...
2021-12-08 21:06:04,476+0100 INFO  mkfntmap - Writing C:\_Vim\.vim\MiKTeX\texmfs/data\fonts\map\dvips\ps2pk.map...
2021-12-08 21:06:04,487+0100 INFO  mkfntmap - Writing C:\_Vim\.vim\MiKTeX\texmfs/data\fonts\map\dvips\psfonts_pk.map...
2021-12-08 21:06:04,497+0100 INFO  mkfntmap - Writing C:\_Vim\.vim\MiKTeX\texmfs/data\fonts\map\dvips\psfonts_t1.map...
2021-12-08 21:06:04,508+0100 INFO  mkfntmap - Writing C:\_Vim\.vim\MiKTeX\texmfs/data\fonts\map\pdftex\pdftex_dl14.map...
2021-12-08 21:06:04,522+0100 INFO  mkfntmap - Writing C:\_Vim\.vim\MiKTeX\texmfs/data\fonts\map\pdftex\pdftex_ndl14.map...
2021-12-08 21:06:04,534+0100 INFO  mkfntmap - Copying C:\_Vim\.vim\MiKTeX\texmfs/data\fonts\map\dvips\psfonts_t1.map
2021-12-08 21:06:04,534+0100 INFO  mkfntmap -      to C:\_Vim\.vim\MiKTeX\texmfs/data\fonts\map\dvips\psfonts.map...
2021-12-08 21:06:04,538+0100 INFO  mkfntmap - Copying C:\_Vim\.vim\MiKTeX\texmfs/data\fonts\map\pdftex\pdftex_dl14.map
2021-12-08 21:06:04,538+0100 INFO  mkfntmap -      to C:\_Vim\.vim\MiKTeX\texmfs/data\fonts\map\pdftex\pdftex.map...
2021-12-08 21:06:04,565+0100 INFO  mkfntmap - running: miktex-fc-cache --miktex-disable-maintenance --miktex-disable-diagnose
2021-12-08 21:06:04,566+0100 INFO  mkfntmap.core - start process: miktex-fc-cache --miktex-disable-maintenance --miktex-disable-diagnose
2021-12-08 21:06:05,424+0100 INFO  mkfntmap - this process (5012) finishes with exit code 0
2021-12-08 21:06:05,426+0100 WARN  mkfntmap.core - still open: C:\_Vim\.vim\MiKTeX\texmfs\install\fontconfig/config\fonts.conf.in
2021-12-08 21:06:05,426+0100 WARN  mkfntmap.core - still open: C:\_Vim\.vim\MiKTeX\texmfs/config\fontconfig\config\fonts.conf
2021-12-08 21:06:11,479+0100 INFO  mkfntmap - this process (13688) started by 'initexmf' with command line: mkfntmap --miktex-disable-maintenance --miktex-disable-diagnose
2021-12-08 21:06:11,480+0100 INFO  mkfntmap - Parsing config file C:\_Vim\.vim\MiKTeX\texmfs\install\miktex/config\updmap.cfg...
2021-12-08 21:06:11,709+0100 INFO  mkfntmap - Writing C:\_Vim\.vim\MiKTeX\texmfs/data\fonts\map\dvipdfmx\kanjix.map...
2021-12-08 21:06:11,711+0100 INFO  mkfntmap - Writing C:\_Vim\.vim\MiKTeX\texmfs/data\fonts\map\dvips\builtin35.map...
2021-12-08 21:06:11,713+0100 INFO  mkfntmap - Writing C:\_Vim\.vim\MiKTeX\texmfs/data\fonts\map\dvips\download35.map...
2021-12-08 21:06:11,716+0100 INFO  mkfntmap - Writing C:\_Vim\.vim\MiKTeX\texmfs/data\fonts\map\dvips\ps2pk.map...
2021-12-08 21:06:11,727+0100 INFO  mkfntmap - Writing C:\_Vim\.vim\MiKTeX\texmfs/data\fonts\map\dvips\psfonts_pk.map...
2021-12-08 21:06:11,736+0100 INFO  mkfntmap - Writing C:\_Vim\.vim\MiKTeX\texmfs/data\fonts\map\dvips\psfonts_t1.map...
2021-12-08 21:06:11,749+0100 INFO  mkfntmap - Writing C:\_Vim\.vim\MiKTeX\texmfs/data\fonts\map\pdftex\pdftex_dl14.map...
2021-12-08 21:06:11,761+0100 INFO  mkfntmap - Writing C:\_Vim\.vim\MiKTeX\texmfs/data\fonts\map\pdftex\pdftex_ndl14.map...
2021-12-08 21:06:11,772+0100 INFO  mkfntmap - Copying C:\_Vim\.vim\MiKTeX\texmfs/data\fonts\map\dvips\psfonts_t1.map
2021-12-08 21:06:11,772+0100 INFO  mkfntmap -      to C:\_Vim\.vim\MiKTeX\texmfs/data\fonts\map\dvips\psfonts.map...
2021-12-08 21:06:11,775+0100 INFO  mkfntmap - Copying C:\_Vim\.vim\MiKTeX\texmfs/data\fonts\map\pdftex\pdftex_dl14.map
2021-12-08 21:06:11,775+0100 INFO  mkfntmap -      to C:\_Vim\.vim\MiKTeX\texmfs/data\fonts\map\pdftex\pdftex.map...
2021-12-08 21:06:11,787+0100 INFO  mkfntmap - running: miktex-fc-cache --miktex-disable-maintenance --miktex-disable-diagnose
2021-12-08 21:06:11,788+0100 INFO  mkfntmap.core - start process: miktex-fc-cache --miktex-disable-maintenance --miktex-disable-diagnose
2021-12-08 21:06:12,542+0100 INFO  mkfntmap - this process (13688) finishes with exit code 0
2021-12-08 21:06:12,543+0100 WARN  mkfntmap.core - still open: C:\_Vim\.vim\MiKTeX\texmfs\install\fontconfig/config\fonts.conf.in
2021-12-08 21:06:12,543+0100 WARN  mkfntmap.core - still open: C:\_Vim\.vim\MiKTeX\texmfs/config\fontconfig\config\fonts.conf
2021-12-08 21:06:20,757+0100 INFO  mkfntmap - this process (18924) started by 'initexmf' with command line: mkfntmap --miktex-disable-maintenance --miktex-disable-diagnose
2021-12-08 21:06:20,758+0100 INFO  mkfntmap - Parsing config file C:\_Vim\.vim\MiKTeX\texmfs\install\miktex/config\updmap.cfg...
2021-12-08 21:06:20,990+0100 INFO  mkfntmap - Writing C:\_Vim\.vim\MiKTeX\texmfs/data\fonts\map\dvipdfmx\kanjix.map...
2021-12-08 21:06:20,991+0100 INFO  mkfntmap - Writing C:\_Vim\.vim\MiKTeX\texmfs/data\fonts\map\dvips\builtin35.map...
2021-12-08 21:06:20,995+0100 INFO  mkfntmap - Writing C:\_Vim\.vim\MiKTeX\texmfs/data\fonts\map\dvips\download35.map...
2021-12-08 21:06:20,999+0100 INFO  mkfntmap - Writing C:\_Vim\.vim\MiKTeX\texmfs/data\fonts\map\dvips\ps2pk.map...
2021-12-08 21:06:21,010+0100 INFO  mkfntmap - Writing C:\_Vim\.vim\MiKTeX\texmfs/data\fonts\map\dvips\psfonts_pk.map...
2021-12-08 21:06:21,020+0100 INFO  mkfntmap - Writing C:\_Vim\.vim\MiKTeX\texmfs/data\fonts\map\dvips\psfonts_t1.map...
2021-12-08 21:06:21,032+0100 INFO  mkfntmap - Writing C:\_Vim\.vim\MiKTeX\texmfs/data\fonts\map\pdftex\pdftex_dl14.map...
2021-12-08 21:06:21,044+0100 INFO  mkfntmap - Writing C:\_Vim\.vim\MiKTeX\texmfs/data\fonts\map\pdftex\pdftex_ndl14.map...
2021-12-08 21:06:21,056+0100 INFO  mkfntmap - Copying C:\_Vim\.vim\MiKTeX\texmfs/data\fonts\map\dvips\psfonts_t1.map
2021-12-08 21:06:21,056+0100 INFO  mkfntmap -      to C:\_Vim\.vim\MiKTeX\texmfs/data\fonts\map\dvips\psfonts.map...
2021-12-08 21:06:21,059+0100 INFO  mkfntmap - Copying C:\_Vim\.vim\MiKTeX\texmfs/data\fonts\map\pdftex\pdftex_dl14.map
2021-12-08 21:06:21,059+0100 INFO  mkfntmap -      to C:\_Vim\.vim\MiKTeX\texmfs/data\fonts\map\pdftex\pdftex.map...
2021-12-08 21:06:21,071+0100 INFO  mkfntmap - running: miktex-fc-cache --miktex-disable-maintenance --miktex-disable-diagnose
2021-12-08 21:06:21,071+0100 INFO  mkfntmap.core - start process: miktex-fc-cache --miktex-disable-maintenance --miktex-disable-diagnose
2021-12-08 21:06:21,822+0100 INFO  mkfntmap - this process (18924) finishes with exit code 0
2021-12-08 21:06:21,823+0100 WARN  mkfntmap.core - still open: C:\_Vim\.vim\MiKTeX\texmfs/config\fontconfig\config\fonts.conf
2021-12-08 21:06:21,823+0100 WARN  mkfntmap.core - still open: C:\_Vim\.vim\MiKTeX\texmfs\install\fontconfig/config\fonts.conf.in
2021-12-08 21:06:28,433+0100 INFO  mkfntmap - this process (15960) started by 'initexmf' with command line: mkfntmap --miktex-disable-maintenance --miktex-disable-diagnose
2021-12-08 21:06:28,435+0100 INFO  mkfntmap - Parsing config file C:\_Vim\.vim\MiKTeX\texmfs\install\miktex/config\updmap.cfg...
2021-12-08 21:06:28,646+0100 INFO  mkfntmap - Writing C:\_Vim\.vim\MiKTeX\texmfs/data\fonts\map\dvipdfmx\kanjix.map...
2021-12-08 21:06:28,648+0100 INFO  mkfntmap - Writing C:\_Vim\.vim\MiKTeX\texmfs/data\fonts\map\dvips\builtin35.map...
2021-12-08 21:06:28,654+0100 INFO  mkfntmap - Writing C:\_Vim\.vim\MiKTeX\texmfs/data\fonts\map\dvips\download35.map...
2021-12-08 21:06:28,660+0100 INFO  mkfntmap - Writing C:\_Vim\.vim\MiKTeX\texmfs/data\fonts\map\dvips\ps2pk.map...
2021-12-08 21:06:28,680+0100 INFO  mkfntmap - Writing C:\_Vim\.vim\MiKTeX\texmfs/data\fonts\map\dvips\psfonts_pk.map...
2021-12-08 21:06:28,697+0100 INFO  mkfntmap - Writing C:\_Vim\.vim\MiKTeX\texmfs/data\fonts\map\dvips\psfonts_t1.map...
2021-12-08 21:06:28,714+0100 INFO  mkfntmap - Writing C:\_Vim\.vim\MiKTeX\texmfs/data\fonts\map\pdftex\pdftex_dl14.map...
2021-12-08 21:06:28,727+0100 INFO  mkfntmap - Writing C:\_Vim\.vim\MiKTeX\texmfs/data\fonts\map\pdftex\pdftex_ndl14.map...
2021-12-08 21:06:28,739+0100 INFO  mkfntmap - Copying C:\_Vim\.vim\MiKTeX\texmfs/data\fonts\map\dvips\psfonts_t1.map
2021-12-08 21:06:28,739+0100 INFO  mkfntmap -      to C:\_Vim\.vim\MiKTeX\texmfs/data\fonts\map\dvips\psfonts.map...
2021-12-08 21:06:28,742+0100 INFO  mkfntmap - Copying C:\_Vim\.vim\MiKTeX\texmfs/data\fonts\map\pdftex\pdftex_dl14.map
2021-12-08 21:06:28,742+0100 INFO  mkfntmap -      to C:\_Vim\.vim\MiKTeX\texmfs/data\fonts\map\pdftex\pdftex.map...
2021-12-08 21:06:28,755+0100 INFO  mkfntmap - running: miktex-fc-cache --miktex-disable-maintenance --miktex-disable-diagnose
2021-12-08 21:06:28,755+0100 INFO  mkfntmap.core - start process: miktex-fc-cache --miktex-disable-maintenance --miktex-disable-diagnose
2021-12-08 21:06:29,523+0100 INFO  mkfntmap - this process (15960) finishes with exit code 0
2021-12-08 21:06:29,524+0100 WARN  mkfntmap.core - still open: C:\_Vim\.vim\MiKTeX\texmfs\install\fontconfig/config\fonts.conf.in
2021-12-08 21:06:29,525+0100 WARN  mkfntmap.core - still open: C:\_Vim\.vim\MiKTeX\texmfs/config\fontconfig\config\fonts.conf
2021-12-08 21:06:40,393+0100 INFO  mkfntmap - this process (20076) started by 'initexmf' with command line: mkfntmap --miktex-disable-maintenance --miktex-disable-diagnose
2021-12-08 21:06:40,395+0100 INFO  mkfntmap - Parsing config file C:\_Vim\.vim\MiKTeX\texmfs\install\miktex/config\updmap.cfg...
2021-12-08 21:06:40,685+0100 INFO  mkfntmap - Writing C:\_Vim\.vim\MiKTeX\texmfs/data\fonts\map\dvipdfmx\kanjix.map...
2021-12-08 21:06:40,687+0100 INFO  mkfntmap - Writing C:\_Vim\.vim\MiKTeX\texmfs/data\fonts\map\dvips\builtin35.map...
2021-12-08 21:06:40,693+0100 INFO  mkfntmap - Writing C:\_Vim\.vim\MiKTeX\texmfs/data\fonts\map\dvips\download35.map...
2021-12-08 21:06:40,698+0100 INFO  mkfntmap - Writing C:\_Vim\.vim\MiKTeX\texmfs/data\fonts\map\dvips\ps2pk.map...
2021-12-08 21:06:40,715+0100 INFO  mkfntmap - Writing C:\_Vim\.vim\MiKTeX\texmfs/data\fonts\map\dvips\psfonts_pk.map...
2021-12-08 21:06:40,726+0100 INFO  mkfntmap - Writing C:\_Vim\.vim\MiKTeX\texmfs/data\fonts\map\dvips\psfonts_t1.map...
2021-12-08 21:06:40,738+0100 INFO  mkfntmap - Writing C:\_Vim\.vim\MiKTeX\texmfs/data\fonts\map\pdftex\pdftex_dl14.map...
2021-12-08 21:06:40,750+0100 INFO  mkfntmap - Writing C:\_Vim\.vim\MiKTeX\texmfs/data\fonts\map\pdftex\pdftex_ndl14.map...
2021-12-08 21:06:40,762+0100 INFO  mkfntmap - Copying C:\_Vim\.vim\MiKTeX\texmfs/data\fonts\map\dvips\psfonts_t1.map
2021-12-08 21:06:40,762+0100 INFO  mkfntmap -      to C:\_Vim\.vim\MiKTeX\texmfs/data\fonts\map\dvips\psfonts.map...
2021-12-08 21:06:40,765+0100 INFO  mkfntmap - Copying C:\_Vim\.vim\MiKTeX\texmfs/data\fonts\map\pdftex\pdftex_dl14.map
2021-12-08 21:06:40,765+0100 INFO  mkfntmap -      to C:\_Vim\.vim\MiKTeX\texmfs/data\fonts\map\pdftex\pdftex.map...
2021-12-08 21:06:40,776+0100 INFO  mkfntmap - running: miktex-fc-cache --miktex-disable-maintenance --miktex-disable-diagnose
2021-12-08 21:06:40,776+0100 INFO  mkfntmap.core - start process: miktex-fc-cache --miktex-disable-maintenance --miktex-disable-diagnose
2021-12-08 21:06:41,722+0100 INFO  mkfntmap - this process (20076) finishes with exit code 0
2021-12-08 21:06:41,723+0100 WARN  mkfntmap.core - still open: C:\_Vim\.vim\MiKTeX\texmfs/config\fontconfig\config\fonts.conf
2021-12-08 21:06:41,723+0100 WARN  mkfntmap.core - still open: C:\_Vim\.vim\MiKTeX\texmfs\install\fontconfig/config\fonts.conf.in
2021-12-08 21:06:48,605+0100 INFO  mkfntmap - this process (18944) started by 'initexmf' with command line: mkfntmap --miktex-disable-maintenance --miktex-disable-diagnose
2021-12-08 21:06:48,607+0100 INFO  mkfntmap - Parsing config file C:\_Vim\.vim\MiKTeX\texmfs\install\miktex/config\updmap.cfg...
2021-12-08 21:06:48,800+0100 INFO  mkfntmap - Writing C:\_Vim\.vim\MiKTeX\texmfs/data\fonts\map\dvipdfmx\kanjix.map...
2021-12-08 21:06:48,801+0100 INFO  mkfntmap - Writing C:\_Vim\.vim\MiKTeX\texmfs/data\fonts\map\dvips\builtin35.map...
2021-12-08 21:06:48,804+0100 INFO  mkfntmap - Writing C:\_Vim\.vim\MiKTeX\texmfs/data\fonts\map\dvips\download35.map...
2021-12-08 21:06:48,808+0100 INFO  mkfntmap - Writing C:\_Vim\.vim\MiKTeX\texmfs/data\fonts\map\dvips\ps2pk.map...
2021-12-08 21:06:48,819+0100 INFO  mkfntmap - Writing C:\_Vim\.vim\MiKTeX\texmfs/data\fonts\map\dvips\psfonts_pk.map...
2021-12-08 21:06:48,831+0100 INFO  mkfntmap - Writing C:\_Vim\.vim\MiKTeX\texmfs/data\fonts\map\dvips\psfonts_t1.map...
2021-12-08 21:06:48,843+0100 INFO  mkfntmap - Writing C:\_Vim\.vim\MiKTeX\texmfs/data\fonts\map\pdftex\pdftex_dl14.map...
2021-12-08 21:06:48,857+0100 INFO  mkfntmap - Writing C:\_Vim\.vim\MiKTeX\texmfs/data\fonts\map\pdftex\pdftex_ndl14.map...
2021-12-08 21:06:48,873+0100 INFO  mkfntmap - Copying C:\_Vim\.vim\MiKTeX\texmfs/data\fonts\map\dvips\psfonts_t1.map
2021-12-08 21:06:48,874+0100 INFO  mkfntmap -      to C:\_Vim\.vim\MiKTeX\texmfs/data\fonts\map\dvips\psfonts.map...
2021-12-08 21:06:48,877+0100 INFO  mkfntmap - Copying C:\_Vim\.vim\MiKTeX\texmfs/data\fonts\map\pdftex\pdftex_dl14.map
2021-12-08 21:06:48,878+0100 INFO  mkfntmap -      to C:\_Vim\.vim\MiKTeX\texmfs/data\fonts\map\pdftex\pdftex.map...
2021-12-08 21:06:48,892+0100 INFO  mkfntmap - running: miktex-fc-cache --miktex-disable-maintenance --miktex-disable-diagnose
2021-12-08 21:06:48,892+0100 INFO  mkfntmap.core - start process: miktex-fc-cache --miktex-disable-maintenance --miktex-disable-diagnose
2021-12-08 21:06:49,611+0100 INFO  mkfntmap - this process (18944) finishes with exit code 0
2021-12-08 21:06:49,612+0100 WARN  mkfntmap.core - still open: C:\_Vim\.vim\MiKTeX\texmfs/config\fontconfig\config\fonts.conf
2021-12-08 21:06:49,612+0100 WARN  mkfntmap.core - still open: C:\_Vim\.vim\MiKTeX\texmfs\install\fontconfig/config\fonts.conf.in
2021-12-08 21:06:56,387+0100 INFO  mkfntmap - this process (19748) started by 'initexmf' with command line: mkfntmap --miktex-disable-maintenance --miktex-disable-diagnose
2021-12-08 21:06:56,389+0100 INFO  mkfntmap - Parsing config file C:\_Vim\.vim\MiKTeX\texmfs\install\miktex/config\updmap.cfg...
2021-12-08 21:06:56,637+0100 INFO  mkfntmap - Writing C:\_Vim\.vim\MiKTeX\texmfs/data\fonts\map\dvipdfmx\kanjix.map...
2021-12-08 21:06:56,638+0100 INFO  mkfntmap - Writing C:\_Vim\.vim\MiKTeX\texmfs/data\fonts\map\dvips\builtin35.map...
2021-12-08 21:06:56,642+0100 INFO  mkfntmap - Writing C:\_Vim\.vim\MiKTeX\texmfs/data\fonts\map\dvips\download35.map...
2021-12-08 21:06:56,646+0100 INFO  mkfntmap - Writing C:\_Vim\.vim\MiKTeX\texmfs/data\fonts\map\dvips\ps2pk.map...
2021-12-08 21:06:56,657+0100 INFO  mkfntmap - Writing C:\_Vim\.vim\MiKTeX\texmfs/data\fonts\map\dvips\psfonts_pk.map...
2021-12-08 21:06:56,667+0100 INFO  mkfntmap - Writing C:\_Vim\.vim\MiKTeX\texmfs/data\fonts\map\dvips\psfonts_t1.map...
2021-12-08 21:06:56,680+0100 INFO  mkfntmap - Writing C:\_Vim\.vim\MiKTeX\texmfs/data\fonts\map\pdftex\pdftex_dl14.map...
2021-12-08 21:06:56,692+0100 INFO  mkfntmap - Writing C:\_Vim\.vim\MiKTeX\texmfs/data\fonts\map\pdftex\pdftex_ndl14.map...
2021-12-08 21:06:56,703+0100 INFO  mkfntmap - Copying C:\_Vim\.vim\MiKTeX\texmfs/data\fonts\map\dvips\psfonts_t1.map
2021-12-08 21:06:56,704+0100 INFO  mkfntmap -      to C:\_Vim\.vim\MiKTeX\texmfs/data\fonts\map\dvips\psfonts.map...
2021-12-08 21:06:56,707+0100 INFO  mkfntmap - Copying C:\_Vim\.vim\MiKTeX\texmfs/data\fonts\map\pdftex\pdftex_dl14.map
2021-12-08 21:06:56,707+0100 INFO  mkfntmap -      to C:\_Vim\.vim\MiKTeX\texmfs/data\fonts\map\pdftex\pdftex.map...
2021-12-08 21:06:56,720+0100 INFO  mkfntmap - running: miktex-fc-cache --miktex-disable-maintenance --miktex-disable-diagnose
2021-12-08 21:06:56,721+0100 INFO  mkfntmap.core - start process: miktex-fc-cache --miktex-disable-maintenance --miktex-disable-diagnose
2021-12-08 21:06:57,598+0100 INFO  mkfntmap - this process (19748) finishes with exit code 0
2021-12-08 21:06:57,600+0100 WARN  mkfntmap.core - still open: C:\_Vim\.vim\MiKTeX\texmfs/config\fontconfig\config\fonts.conf
2021-12-08 21:06:57,600+0100 WARN  mkfntmap.core - still open: C:\_Vim\.vim\MiKTeX\texmfs\install\fontconfig/config\fonts.conf.in
2021-12-08 21:07:04,559+0100 INFO  mkfntmap - this process (4804) started by 'initexmf' with command line: mkfntmap --miktex-disable-maintenance --miktex-disable-diagnose
2021-12-08 21:07:04,561+0100 INFO  mkfntmap - Parsing config file C:\_Vim\.vim\MiKTeX\texmfs\install\miktex/config\updmap.cfg...
2021-12-08 21:07:04,786+0100 INFO  mkfntmap - Writing C:\_Vim\.vim\MiKTeX\texmfs/data\fonts\map\dvipdfmx\kanjix.map...
2021-12-08 21:07:04,787+0100 INFO  mkfntmap - Writing C:\_Vim\.vim\MiKTeX\texmfs/data\fonts\map\dvips\builtin35.map...
2021-12-08 21:07:04,790+0100 INFO  mkfntmap - Writing C:\_Vim\.vim\MiKTeX\texmfs/data\fonts\map\dvips\download35.map...
2021-12-08 21:07:04,794+0100 INFO  mkfntmap - Writing C:\_Vim\.vim\MiKTeX\texmfs/data\fonts\map\dvips\ps2pk.map...
2021-12-08 21:07:04,804+0100 INFO  mkfntmap - Writing C:\_Vim\.vim\MiKTeX\texmfs/data\fonts\map\dvips\psfonts_pk.map...
2021-12-08 21:07:04,815+0100 INFO  mkfntmap - Writing C:\_Vim\.vim\MiKTeX\texmfs/data\fonts\map\dvips\psfonts_t1.map...
2021-12-08 21:07:04,826+0100 INFO  mkfntmap - Writing C:\_Vim\.vim\MiKTeX\texmfs/data\fonts\map\pdftex\pdftex_dl14.map...
2021-12-08 21:07:04,838+0100 INFO  mkfntmap - Writing C:\_Vim\.vim\MiKTeX\texmfs/data\fonts\map\pdftex\pdftex_ndl14.map...
2021-12-08 21:07:04,849+0100 INFO  mkfntmap - Copying C:\_Vim\.vim\MiKTeX\texmfs/data\fonts\map\dvips\psfonts_t1.map
2021-12-08 21:07:04,850+0100 INFO  mkfntmap -      to C:\_Vim\.vim\MiKTeX\texmfs/data\fonts\map\dvips\psfonts.map...
2021-12-08 21:07:04,852+0100 INFO  mkfntmap - Copying C:\_Vim\.vim\MiKTeX\texmfs/data\fonts\map\pdftex\pdftex_dl14.map
2021-12-08 21:07:04,853+0100 INFO  mkfntmap -      to C:\_Vim\.vim\MiKTeX\texmfs/data\fonts\map\pdftex\pdftex.map...
2021-12-08 21:07:04,866+0100 INFO  mkfntmap - running: miktex-fc-cache --miktex-disable-maintenance --miktex-disable-diagnose
2021-12-08 21:07:04,866+0100 INFO  mkfntmap.core - start process: miktex-fc-cache --miktex-disable-maintenance --miktex-disable-diagnose
2021-12-08 21:07:05,618+0100 INFO  mkfntmap - this process (4804) finishes with exit code 0
2021-12-08 21:07:05,619+0100 WARN  mkfntmap.core - still open: C:\_Vim\.vim\MiKTeX\texmfs/config\fontconfig\config\fonts.conf
2021-12-08 21:07:05,619+0100 WARN  mkfntmap.core - still open: C:\_Vim\.vim\MiKTeX\texmfs\install\fontconfig/config\fonts.conf.in
2021-12-08 21:07:12,347+0100 INFO  mkfntmap - this process (6140) started by 'initexmf' with command line: mkfntmap --miktex-disable-maintenance --miktex-disable-diagnose
2021-12-08 21:07:12,349+0100 INFO  mkfntmap - Parsing config file C:\_Vim\.vim\MiKTeX\texmfs\install\miktex/config\updmap.cfg...
2021-12-08 21:07:12,590+0100 INFO  mkfntmap - Writing C:\_Vim\.vim\MiKTeX\texmfs/data\fonts\map\dvipdfmx\kanjix.map...
2021-12-08 21:07:12,592+0100 INFO  mkfntmap - Writing C:\_Vim\.vim\MiKTeX\texmfs/data\fonts\map\dvips\builtin35.map...
2021-12-08 21:07:12,597+0100 INFO  mkfntmap - Writing C:\_Vim\.vim\MiKTeX\texmfs/data\fonts\map\dvips\download35.map...
2021-12-08 21:07:12,602+0100 INFO  mkfntmap - Writing C:\_Vim\.vim\MiKTeX\texmfs/data\fonts\map\dvips\ps2pk.map...
2021-12-08 21:07:12,614+0100 INFO  mkfntmap - Writing C:\_Vim\.vim\MiKTeX\texmfs/data\fonts\map\dvips\psfonts_pk.map...
2021-12-08 21:07:12,624+0100 INFO  mkfntmap - Writing C:\_Vim\.vim\MiKTeX\texmfs/data\fonts\map\dvips\psfonts_t1.map...
2021-12-08 21:07:12,637+0100 INFO  mkfntmap - Writing C:\_Vim\.vim\MiKTeX\texmfs/data\fonts\map\pdftex\pdftex_dl14.map...
2021-12-08 21:07:12,648+0100 INFO  mkfntmap - Writing C:\_Vim\.vim\MiKTeX\texmfs/data\fonts\map\pdftex\pdftex_ndl14.map...
2021-12-08 21:07:12,660+0100 INFO  mkfntmap - Copying C:\_Vim\.vim\MiKTeX\texmfs/data\fonts\map\dvips\psfonts_t1.map
2021-12-08 21:07:12,660+0100 INFO  mkfntmap -      to C:\_Vim\.vim\MiKTeX\texmfs/data\fonts\map\dvips\psfonts.map...
2021-12-08 21:07:12,663+0100 INFO  mkfntmap - Copying C:\_Vim\.vim\MiKTeX\texmfs/data\fonts\map\pdftex\pdftex_dl14.map
2021-12-08 21:07:12,663+0100 INFO  mkfntmap -      to C:\_Vim\.vim\MiKTeX\texmfs/data\fonts\map\pdftex\pdftex.map...
2021-12-08 21:07:12,675+0100 INFO  mkfntmap - running: miktex-fc-cache --miktex-disable-maintenance --miktex-disable-diagnose
2021-12-08 21:07:12,675+0100 INFO  mkfntmap.core - start process: miktex-fc-cache --miktex-disable-maintenance --miktex-disable-diagnose
2021-12-08 21:07:13,360+0100 INFO  mkfntmap - this process (6140) finishes with exit code 0
2021-12-08 21:07:13,361+0100 WARN  mkfntmap.core - still open: C:\_Vim\.vim\MiKTeX\texmfs\install\fontconfig/config\fonts.conf.in
2021-12-08 21:07:13,361+0100 WARN  mkfntmap.core - still open: C:\_Vim\.vim\MiKTeX\texmfs/config\fontconfig\config\fonts.conf
2021-12-08 21:07:20,821+0100 INFO  mkfntmap - this process (21012) started by 'initexmf' with command line: mkfntmap --miktex-disable-maintenance --miktex-disable-diagnose
2021-12-08 21:07:20,822+0100 INFO  mkfntmap - Parsing config file C:\_Vim\.vim\MiKTeX\texmfs\install\miktex/config\updmap.cfg...
2021-12-08 21:07:21,021+0100 INFO  mkfntmap - Writing C:\_Vim\.vim\MiKTeX\texmfs/data\fonts\map\dvipdfmx\kanjix.map...
2021-12-08 21:07:21,022+0100 INFO  mkfntmap - Writing C:\_Vim\.vim\MiKTeX\texmfs/data\fonts\map\dvips\builtin35.map...
2021-12-08 21:07:21,025+0100 INFO  mkfntmap - Writing C:\_Vim\.vim\MiKTeX\texmfs/data\fonts\map\dvips\download35.map...
2021-12-08 21:07:21,028+0100 INFO  mkfntmap - Writing C:\_Vim\.vim\MiKTeX\texmfs/data\fonts\map\dvips\ps2pk.map...
2021-12-08 21:07:21,040+0100 INFO  mkfntmap - Writing C:\_Vim\.vim\MiKTeX\texmfs/data\fonts\map\dvips\psfonts_pk.map...
2021-12-08 21:07:21,050+0100 INFO  mkfntmap - Writing C:\_Vim\.vim\MiKTeX\texmfs/data\fonts\map\dvips\psfonts_t1.map...
2021-12-08 21:07:21,062+0100 INFO  mkfntmap - Writing C:\_Vim\.vim\MiKTeX\texmfs/data\fonts\map\pdftex\pdftex_dl14.map...
2021-12-08 21:07:21,074+0100 INFO  mkfntmap - Writing C:\_Vim\.vim\MiKTeX\texmfs/data\fonts\map\pdftex\pdftex_ndl14.map...
2021-12-08 21:07:21,086+0100 INFO  mkfntmap - Copying C:\_Vim\.vim\MiKTeX\texmfs/data\fonts\map\dvips\psfonts_t1.map
2021-12-08 21:07:21,086+0100 INFO  mkfntmap -      to C:\_Vim\.vim\MiKTeX\texmfs/data\fonts\map\dvips\psfonts.map...
2021-12-08 21:07:21,089+0100 INFO  mkfntmap - Copying C:\_Vim\.vim\MiKTeX\texmfs/data\fonts\map\pdftex\pdftex_dl14.map
2021-12-08 21:07:21,089+0100 INFO  mkfntmap -      to C:\_Vim\.vim\MiKTeX\texmfs/data\fonts\map\pdftex\pdftex.map...
2021-12-08 21:07:21,101+0100 INFO  mkfntmap - running: miktex-fc-cache --miktex-disable-maintenance --miktex-disable-diagnose
2021-12-08 21:07:21,101+0100 INFO  mkfntmap.core - start process: miktex-fc-cache --miktex-disable-maintenance --miktex-disable-diagnose
2021-12-08 21:07:21,866+0100 INFO  mkfntmap - this process (21012) finishes with exit code 0
2021-12-08 21:07:21,867+0100 WARN  mkfntmap.core - still open: C:\_Vim\.vim\MiKTeX\texmfs/config\fontconfig\config\fonts.conf
2021-12-08 21:07:21,867+0100 WARN  mkfntmap.core - still open: C:\_Vim\.vim\MiKTeX\texmfs\install\fontconfig/config\fonts.conf.in
2021-12-08 21:07:29,729+0100 INFO  mkfntmap - this process (19832) started by 'initexmf' with command line: mkfntmap --miktex-disable-maintenance --miktex-disable-diagnose
2021-12-08 21:07:29,730+0100 INFO  mkfntmap - Parsing config file C:\_Vim\.vim\MiKTeX\texmfs\install\miktex/config\updmap.cfg...
2021-12-08 21:07:29,917+0100 INFO  mkfntmap - Writing C:\_Vim\.vim\MiKTeX\texmfs/data\fonts\map\dvipdfmx\kanjix.map...
2021-12-08 21:07:29,918+0100 INFO  mkfntmap - Writing C:\_Vim\.vim\MiKTeX\texmfs/data\fonts\map\dvips\builtin35.map...
2021-12-08 21:07:29,922+0100 INFO  mkfntmap - Writing C:\_Vim\.vim\MiKTeX\texmfs/data\fonts\map\dvips\download35.map...
2021-12-08 21:07:29,925+0100 INFO  mkfntmap - Writing C:\_Vim\.vim\MiKTeX\texmfs/data\fonts\map\dvips\ps2pk.map...
2021-12-08 21:07:29,935+0100 INFO  mkfntmap - Writing C:\_Vim\.vim\MiKTeX\texmfs/data\fonts\map\dvips\psfonts_pk.map...
2021-12-08 21:07:29,946+0100 INFO  mkfntmap - Writing C:\_Vim\.vim\MiKTeX\texmfs/data\fonts\map\dvips\psfonts_t1.map...
2021-12-08 21:07:29,958+0100 INFO  mkfntmap - Writing C:\_Vim\.vim\MiKTeX\texmfs/data\fonts\map\pdftex\pdftex_dl14.map...
2021-12-08 21:07:29,970+0100 INFO  mkfntmap - Writing C:\_Vim\.vim\MiKTeX\texmfs/data\fonts\map\pdftex\pdftex_ndl14.map...
2021-12-08 21:07:29,983+0100 INFO  mkfntmap - Copying C:\_Vim\.vim\MiKTeX\texmfs/data\fonts\map\dvips\psfonts_t1.map
2021-12-08 21:07:29,983+0100 INFO  mkfntmap -      to C:\_Vim\.vim\MiKTeX\texmfs/data\fonts\map\dvips\psfonts.map...
2021-12-08 21:07:29,987+0100 INFO  mkfntmap - Copying C:\_Vim\.vim\MiKTeX\texmfs/data\fonts\map\pdftex\pdftex_dl14.map
2021-12-08 21:07:29,987+0100 INFO  mkfntmap -      to C:\_Vim\.vim\MiKTeX\texmfs/data\fonts\map\pdftex\pdftex.map...
2021-12-08 21:07:29,999+0100 INFO  mkfntmap - running: miktex-fc-cache --miktex-disable-maintenance --miktex-disable-diagnose
2021-12-08 21:07:29,999+0100 INFO  mkfntmap.core - start process: miktex-fc-cache --miktex-disable-maintenance --miktex-disable-diagnose
2021-12-08 21:07:30,707+0100 INFO  mkfntmap - this process (19832) finishes with exit code 0
2021-12-08 21:07:30,709+0100 WARN  mkfntmap.core - still open: C:\_Vim\.vim\MiKTeX\texmfs\install\fontconfig/config\fonts.conf.in
2021-12-08 21:07:30,709+0100 WARN  mkfntmap.core - still open: C:\_Vim\.vim\MiKTeX\texmfs/config\fontconfig\config\fonts.conf
2021-12-08 21:07:41,213+0100 INFO  mkfntmap - this process (13372) started by 'initexmf' with command line: mkfntmap --miktex-disable-maintenance --miktex-disable-diagnose
2021-12-08 21:07:41,214+0100 INFO  mkfntmap - Parsing config file C:\_Vim\.vim\MiKTeX\texmfs\install\miktex/config\updmap.cfg...
2021-12-08 21:07:41,512+0100 INFO  mkfntmap - Writing C:\_Vim\.vim\MiKTeX\texmfs/data\fonts\map\dvipdfmx\kanjix.map...
2021-12-08 21:07:41,513+0100 INFO  mkfntmap - Writing C:\_Vim\.vim\MiKTeX\texmfs/data\fonts\map\dvips\builtin35.map...
2021-12-08 21:07:41,516+0100 INFO  mkfntmap - Writing C:\_Vim\.vim\MiKTeX\texmfs/data\fonts\map\dvips\download35.map...
2021-12-08 21:07:41,521+0100 INFO  mkfntmap - Writing C:\_Vim\.vim\MiKTeX\texmfs/data\fonts\map\dvips\ps2pk.map...
2021-12-08 21:07:41,533+0100 INFO  mkfntmap - Writing C:\_Vim\.vim\MiKTeX\texmfs/data\fonts\map\dvips\psfonts_pk.map...
2021-12-08 21:07:41,544+0100 INFO  mkfntmap - Writing C:\_Vim\.vim\MiKTeX\texmfs/data\fonts\map\dvips\psfonts_t1.map...
2021-12-08 21:07:41,558+0100 INFO  mkfntmap - Writing C:\_Vim\.vim\MiKTeX\texmfs/data\fonts\map\pdftex\pdftex_dl14.map...
2021-12-08 21:07:41,580+0100 INFO  mkfntmap - Writing C:\_Vim\.vim\MiKTeX\texmfs/data\fonts\map\pdftex\pdftex_ndl14.map...
2021-12-08 21:07:41,592+0100 INFO  mkfntmap - Copying C:\_Vim\.vim\MiKTeX\texmfs/data\fonts\map\dvips\psfonts_t1.map
2021-12-08 21:07:41,592+0100 INFO  mkfntmap -      to C:\_Vim\.vim\MiKTeX\texmfs/data\fonts\map\dvips\psfonts.map...
2021-12-08 21:07:41,596+0100 INFO  mkfntmap - Copying C:\_Vim\.vim\MiKTeX\texmfs/data\fonts\map\pdftex\pdftex_dl14.map
2021-12-08 21:07:41,596+0100 INFO  mkfntmap -      to C:\_Vim\.vim\MiKTeX\texmfs/data\fonts\map\pdftex\pdftex.map...
2021-12-08 21:07:41,608+0100 INFO  mkfntmap - running: miktex-fc-cache --miktex-disable-maintenance --miktex-disable-diagnose
2021-12-08 21:07:41,608+0100 INFO  mkfntmap.core - start process: miktex-fc-cache --miktex-disable-maintenance --miktex-disable-diagnose
2021-12-08 21:07:42,406+0100 INFO  mkfntmap - this process (13372) finishes with exit code 0
2021-12-08 21:07:42,406+0100 WARN  mkfntmap.core - still open: C:\_Vim\.vim\MiKTeX\texmfs/config\fontconfig\config\fonts.conf
2021-12-08 21:07:42,407+0100 WARN  mkfntmap.core - still open: C:\_Vim\.vim\MiKTeX\texmfs\install\fontconfig/config\fonts.conf.in
2021-12-08 21:07:48,026+0100 INFO  mkfntmap - this process (13444) started by 'initexmf' with command line: mkfntmap --miktex-disable-maintenance --miktex-disable-diagnose
2021-12-08 21:07:48,028+0100 INFO  mkfntmap - Parsing config file C:\_Vim\.vim\MiKTeX\texmfs\install\miktex/config\updmap.cfg...
2021-12-08 21:07:48,286+0100 INFO  mkfntmap - Writing C:\_Vim\.vim\MiKTeX\texmfs/data\fonts\map\dvipdfmx\kanjix.map...
2021-12-08 21:07:48,287+0100 INFO  mkfntmap - Writing C:\_Vim\.vim\MiKTeX\texmfs/data\fonts\map\dvips\builtin35.map...
2021-12-08 21:07:48,290+0100 INFO  mkfntmap - Writing C:\_Vim\.vim\MiKTeX\texmfs/data\fonts\map\dvips\download35.map...
2021-12-08 21:07:48,293+0100 INFO  mkfntmap - Writing C:\_Vim\.vim\MiKTeX\texmfs/data\fonts\map\dvips\ps2pk.map...
2021-12-08 21:07:48,305+0100 INFO  mkfntmap - Writing C:\_Vim\.vim\MiKTeX\texmfs/data\fonts\map\dvips\psfonts_pk.map...
2021-12-08 21:07:48,314+0100 INFO  mkfntmap - Writing C:\_Vim\.vim\MiKTeX\texmfs/data\fonts\map\dvips\psfonts_t1.map...
2021-12-08 21:07:48,327+0100 INFO  mkfntmap - Writing C:\_Vim\.vim\MiKTeX\texmfs/data\fonts\map\pdftex\pdftex_dl14.map...
2021-12-08 21:07:48,339+0100 INFO  mkfntmap - Writing C:\_Vim\.vim\MiKTeX\texmfs/data\fonts\map\pdftex\pdftex_ndl14.map...
2021-12-08 21:07:48,350+0100 INFO  mkfntmap - Copying C:\_Vim\.vim\MiKTeX\texmfs/data\fonts\map\dvips\psfonts_t1.map
2021-12-08 21:07:48,350+0100 INFO  mkfntmap -      to C:\_Vim\.vim\MiKTeX\texmfs/data\fonts\map\dvips\psfonts.map...
2021-12-08 21:07:48,353+0100 INFO  mkfntmap - Copying C:\_Vim\.vim\MiKTeX\texmfs/data\fonts\map\pdftex\pdftex_dl14.map
2021-12-08 21:07:48,353+0100 INFO  mkfntmap -      to C:\_Vim\.vim\MiKTeX\texmfs/data\fonts\map\pdftex\pdftex.map...
2021-12-08 21:07:48,367+0100 INFO  mkfntmap - running: miktex-fc-cache --miktex-disable-maintenance --miktex-disable-diagnose
2021-12-08 21:07:48,367+0100 INFO  mkfntmap.core - start process: miktex-fc-cache --miktex-disable-maintenance --miktex-disable-diagnose
2021-12-08 21:07:49,130+0100 INFO  mkfntmap - this process (13444) finishes with exit code 0
2021-12-08 21:07:49,130+0100 WARN  mkfntmap.core - still open: C:\_Vim\.vim\MiKTeX\texmfs/config\fontconfig\config\fonts.conf
2021-12-08 21:07:49,131+0100 WARN  mkfntmap.core - still open: C:\_Vim\.vim\MiKTeX\texmfs\install\fontconfig/config\fonts.conf.in
2021-12-08 21:08:00,634+0100 INFO  mkfntmap - this process (18188) started by 'initexmf' with command line: mkfntmap --enable-installer --miktex-disable-maintenance --miktex-disable-diagnose
2021-12-08 21:08:00,636+0100 INFO  mkfntmap - Parsing config file C:\_Vim\.vim\MiKTeX\texmfs\install\miktex/config\updmap.cfg...
2021-12-08 21:08:00,907+0100 INFO  mkfntmap - Writing C:\_Vim\.vim\MiKTeX\texmfs/data\fonts\map\dvipdfmx\kanjix.map...
2021-12-08 21:08:00,908+0100 INFO  mkfntmap - Writing C:\_Vim\.vim\MiKTeX\texmfs/data\fonts\map\dvips\builtin35.map...
2021-12-08 21:08:00,911+0100 INFO  mkfntmap - Writing C:\_Vim\.vim\MiKTeX\texmfs/data\fonts\map\dvips\download35.map...
2021-12-08 21:08:00,915+0100 INFO  mkfntmap - Writing C:\_Vim\.vim\MiKTeX\texmfs/data\fonts\map\dvips\ps2pk.map...
2021-12-08 21:08:00,927+0100 INFO  mkfntmap - Writing C:\_Vim\.vim\MiKTeX\texmfs/data\fonts\map\dvips\psfonts_pk.map...
2021-12-08 21:08:00,939+0100 INFO  mkfntmap - Writing C:\_Vim\.vim\MiKTeX\texmfs/data\fonts\map\dvips\psfonts_t1.map...
2021-12-08 21:08:00,951+0100 INFO  mkfntmap - Writing C:\_Vim\.vim\MiKTeX\texmfs/data\fonts\map\pdftex\pdftex_dl14.map...
2021-12-08 21:08:00,967+0100 INFO  mkfntmap - Writing C:\_Vim\.vim\MiKTeX\texmfs/data\fonts\map\pdftex\pdftex_ndl14.map...
2021-12-08 21:08:00,980+0100 INFO  mkfntmap - Copying C:\_Vim\.vim\MiKTeX\texmfs/data\fonts\map\dvips\psfonts_t1.map
2021-12-08 21:08:00,980+0100 INFO  mkfntmap -      to C:\_Vim\.vim\MiKTeX\texmfs/data\fonts\map\dvips\psfonts.map...
2021-12-08 21:08:00,984+0100 INFO  mkfntmap - Copying C:\_Vim\.vim\MiKTeX\texmfs/data\fonts\map\pdftex\pdftex_dl14.map
2021-12-08 21:08:00,984+0100 INFO  mkfntmap -      to C:\_Vim\.vim\MiKTeX\texmfs/data\fonts\map\pdftex\pdftex.map...
2021-12-08 21:08:00,997+0100 INFO  mkfntmap - running: miktex-fc-cache --miktex-disable-maintenance --miktex-disable-diagnose
2021-12-08 21:08:00,998+0100 INFO  mkfntmap.core - start process: miktex-fc-cache --miktex-disable-maintenance --miktex-disable-diagnose
2021-12-08 21:08:01,820+0100 INFO  mkfntmap - this process (18188) finishes with exit code 0
2021-12-08 21:08:01,821+0100 WARN  mkfntmap.core - still open: C:\_Vim\.vim\MiKTeX\texmfs\install\fontconfig/config\fonts.conf.in
2021-12-08 21:08:01,821+0100 WARN  mkfntmap.core - still open: C:\_Vim\.vim\MiKTeX\texmfs/config\fontconfig\config\fonts.conf
2021-12-08 21:08:06,223+0100 INFO  mkfntmap - this process (2788) started by 'initexmf' with command line: mkfntmap --enable-installer --miktex-disable-maintenance --miktex-disable-diagnose
2021-12-08 21:08:06,224+0100 INFO  mkfntmap - Parsing config file C:\_Vim\.vim\MiKTeX\texmfs\install\miktex/config\updmap.cfg...
2021-12-08 21:08:06,424+0100 INFO  mkfntmap - Writing C:\_Vim\.vim\MiKTeX\texmfs/data\fonts\map\dvipdfmx\kanjix.map...
2021-12-08 21:08:06,425+0100 INFO  mkfntmap - Writing C:\_Vim\.vim\MiKTeX\texmfs/data\fonts\map\dvips\builtin35.map...
2021-12-08 21:08:06,429+0100 INFO  mkfntmap - Writing C:\_Vim\.vim\MiKTeX\texmfs/data\fonts\map\dvips\download35.map...
2021-12-08 21:08:06,433+0100 INFO  mkfntmap - Writing C:\_Vim\.vim\MiKTeX\texmfs/data\fonts\map\dvips\ps2pk.map...
2021-12-08 21:08:06,445+0100 INFO  mkfntmap - Writing C:\_Vim\.vim\MiKTeX\texmfs/data\fonts\map\dvips\psfonts_pk.map...
2021-12-08 21:08:06,455+0100 INFO  mkfntmap - Writing C:\_Vim\.vim\MiKTeX\texmfs/data\fonts\map\dvips\psfonts_t1.map...
2021-12-08 21:08:06,468+0100 INFO  mkfntmap - Writing C:\_Vim\.vim\MiKTeX\texmfs/data\fonts\map\pdftex\pdftex_dl14.map...
2021-12-08 21:08:06,480+0100 INFO  mkfntmap - Writing C:\_Vim\.vim\MiKTeX\texmfs/data\fonts\map\pdftex\pdftex_ndl14.map...
2021-12-08 21:08:06,491+0100 INFO  mkfntmap - Copying C:\_Vim\.vim\MiKTeX\texmfs/data\fonts\map\dvips\psfonts_t1.map
2021-12-08 21:08:06,491+0100 INFO  mkfntmap -      to C:\_Vim\.vim\MiKTeX\texmfs/data\fonts\map\dvips\psfonts.map...
2021-12-08 21:08:06,494+0100 INFO  mkfntmap - Copying C:\_Vim\.vim\MiKTeX\texmfs/data\fonts\map\pdftex\pdftex_dl14.map
2021-12-08 21:08:06,494+0100 INFO  mkfntmap -      to C:\_Vim\.vim\MiKTeX\texmfs/data\fonts\map\pdftex\pdftex.map...
2021-12-08 21:08:06,508+0100 INFO  mkfntmap - running: miktex-fc-cache --miktex-disable-maintenance --miktex-disable-diagnose
2021-12-08 21:08:06,508+0100 INFO  mkfntmap.core - start process: miktex-fc-cache --miktex-disable-maintenance --miktex-disable-diagnose
2021-12-08 21:08:07,282+0100 INFO  mkfntmap - this process (2788) finishes with exit code 0
2021-12-08 21:08:07,283+0100 WARN  mkfntmap.core - still open: C:\_Vim\.vim\MiKTeX\texmfs\install\fontconfig/config\fonts.conf.in
2021-12-08 21:08:07,283+0100 WARN  mkfntmap.core - still open: C:\_Vim\.vim\MiKTeX\texmfs/config\fontconfig\config\fonts.conf
2021-12-08 21:08:11,111+0100 INFO  mkfntmap - this process (9960) started by 'initexmf' with command line: mkfntmap --enable-installer --miktex-disable-maintenance --miktex-disable-diagnose
2021-12-08 21:08:11,112+0100 INFO  mkfntmap - Parsing config file C:\_Vim\.vim\MiKTeX\texmfs\install\miktex/config\updmap.cfg...
2021-12-08 21:08:11,351+0100 INFO  mkfntmap - Writing C:\_Vim\.vim\MiKTeX\texmfs/data\fonts\map\dvipdfmx\kanjix.map...
2021-12-08 21:08:11,353+0100 INFO  mkfntmap - Writing C:\_Vim\.vim\MiKTeX\texmfs/data\fonts\map\dvips\builtin35.map...
2021-12-08 21:08:11,359+0100 INFO  mkfntmap - Writing C:\_Vim\.vim\MiKTeX\texmfs/data\fonts\map\dvips\download35.map...
2021-12-08 21:08:11,365+0100 INFO  mkfntmap - Writing C:\_Vim\.vim\MiKTeX\texmfs/data\fonts\map\dvips\ps2pk.map...
2021-12-08 21:08:11,379+0100 INFO  mkfntmap - Writing C:\_Vim\.vim\MiKTeX\texmfs/data\fonts\map\dvips\psfonts_pk.map...
2021-12-08 21:08:11,394+0100 INFO  mkfntmap - Writing C:\_Vim\.vim\MiKTeX\texmfs/data\fonts\map\dvips\psfonts_t1.map...
2021-12-08 21:08:11,413+0100 INFO  mkfntmap - Writing C:\_Vim\.vim\MiKTeX\texmfs/data\fonts\map\pdftex\pdftex_dl14.map...
2021-12-08 21:08:11,435+0100 INFO  mkfntmap - Writing C:\_Vim\.vim\MiKTeX\texmfs/data\fonts\map\pdftex\pdftex_ndl14.map...
2021-12-08 21:08:11,453+0100 INFO  mkfntmap - Copying C:\_Vim\.vim\MiKTeX\texmfs/data\fonts\map\dvips\psfonts_t1.map
2021-12-08 21:08:11,454+0100 INFO  mkfntmap -      to C:\_Vim\.vim\MiKTeX\texmfs/data\fonts\map\dvips\psfonts.map...
2021-12-08 21:08:11,459+0100 INFO  mkfntmap - Copying C:\_Vim\.vim\MiKTeX\texmfs/data\fonts\map\pdftex\pdftex_dl14.map
2021-12-08 21:08:11,459+0100 INFO  mkfntmap -      to C:\_Vim\.vim\MiKTeX\texmfs/data\fonts\map\pdftex\pdftex.map...
2021-12-08 21:08:11,479+0100 INFO  mkfntmap - running: miktex-fc-cache --miktex-disable-maintenance --miktex-disable-diagnose
2021-12-08 21:08:11,480+0100 INFO  mkfntmap.core - start process: miktex-fc-cache --miktex-disable-maintenance --miktex-disable-diagnose
2021-12-08 21:08:12,421+0100 INFO  mkfntmap - this process (9960) finishes with exit code 0
2021-12-08 21:08:12,423+0100 WARN  mkfntmap.core - still open: C:\_Vim\.vim\MiKTeX\texmfs/config\fontconfig\config\fonts.conf
2021-12-08 21:08:12,423+0100 WARN  mkfntmap.core - still open: C:\_Vim\.vim\MiKTeX\texmfs\install\fontconfig/config\fonts.conf.in
